#Timing report of worst 3 path(s)
# Unit scale: 1e-09 seconds
# Output precision: 3

#Path 1
Startpoint: b.inpad[0] (.input clocked by clk)
Endpoint  : out:c.outpad[0] (.output clocked by clk)
Path Type : setup

Point                                                             Incr      Path
--------------------------------------------------------------------------------
clock clk (rise edge)                                            0.000     0.000
clock source latency                                             0.000     0.000
input external delay                                             0.000     0.000
b.inpad[0] (.input)                                              0.000     0.000
c.in[0] (.names)                                                10.029    10.029
c.out[0] (.names)                                                0.607    10.636
out:c.outpad[0] (.output)                                       10.029    20.665
data arrival time                                                         20.665

clock clk (rise edge)                                            0.000     0.000
clock source latency                                             0.000     0.000
clock uncertainty                                                0.000     0.000
output external delay                                            0.000     0.000
data required time                                                         0.000
--------------------------------------------------------------------------------
data required time                                                         0.000
data arrival time                                                        -20.665
--------------------------------------------------------------------------------
slack (VIOLATED)                                                         -20.665


#Path 2
Startpoint: d.Q[0] (dff clocked by clk)
Endpoint  : out:d.outpad[0] (.output clocked by clk)
Path Type : setup

Point                                                             Incr      Path
--------------------------------------------------------------------------------
clock clk (rise edge)                                            0.000     0.000
clock source latency                                             0.000     0.000
clk.inpad[0] (.input)                                            0.000     0.000
d.C[0] (dff)                                                    10.029    10.029
d.Q[0] (dff) [clock-to-output]                                   0.096    10.125
out:d.outpad[0] (.output)                                       10.029    20.154
data arrival time                                                         20.154

clock clk (rise edge)                                            0.000     0.000
clock source latency                                             0.000     0.000
clock uncertainty                                                0.000     0.000
output external delay                                            0.000     0.000
data required time                                                         0.000
--------------------------------------------------------------------------------
data required time                                                         0.000
data arrival time                                                        -20.154
--------------------------------------------------------------------------------
slack (VIOLATED)                                                         -20.154


#Path 3
Startpoint: b.inpad[0] (.input clocked by clk)
Endpoint  : d.D[0] (dff clocked by clk)
Path Type : setup

Point                                                             Incr      Path
--------------------------------------------------------------------------------
clock clk (rise edge)                                            0.000     0.000
clock source latency                                             0.000     0.000
input external delay                                             0.000     0.000
b.inpad[0] (.input)                                              0.000     0.000
c.in[0] (.names)                                                10.029    10.029
c.out[0] (.names)                                                0.607    10.636
d.D[0] (dff)                                                    10.029    20.665
data arrival time                                                         20.665

clock clk (rise edge)                                            0.000     0.000
clock source latency                                             0.000     0.000
clk.inpad[0] (.input)                                            0.000     0.000
d.C[0] (dff)                                                    10.029    10.029
clock uncertainty                                                0.000    10.029
cell setup time                                                 -0.135     9.893
data required time                                                         9.893
--------------------------------------------------------------------------------
data required time                                                         9.893
data arrival time                                                        -20.665
--------------------------------------------------------------------------------
slack (VIOLATED)                                                         -10.771


#End of timing report
