#Timing report of worst 3 path(s)
# Unit scale: 1e-09 seconds
# Output precision: 3

#Path 1
Startpoint: a.inpad[0] (.input at (2, 0, 0) clocked by clk)
Endpoint  : d.D[0] (dff at (2, 0, 0) clocked by clk)
Path Type : setup

Point                                                             Incr      Path
--------------------------------------------------------------------------------
clock clk (rise edge)                                            0.000     0.000
clock source latency                                             0.000     0.000
input external delay                                             0.000     0.000
a.inpad[0] (.input at (2, 0, 0))                                 0.000     0.000
| (intra 'io_pi' routing)                                        0.000     0.000
| (OPIN:250 side: (TOP,) (2,0,0))                                0.000     0.000
| (CHANX:4039 L1x length:1 (2,0,0 -> (2,0,0))                    0.907     0.907
| (CHANY:4840 L1y length:1 (1,1,0 -> (1,1,0))                    0.907     1.814
| (CHANX:4192 L2x length:2 (2,1,0 -> (3,1,0))                    1.103     2.917
| (IPIN:912 side: (TOP,) (2,1,0))                                0.693     3.611
| (intra 'clb' routing)                                          0.000     3.611
c.in[1] (.names at (2, 1, 0))                                    0.000     3.611
| (primitive '.names' combinational delay)                       0.607     4.217
c.out[0] (.names at (2, 1, 0))                                   0.000     4.217
| (intra 'clb' routing)                                          0.000     4.217
| (OPIN:851 side: (TOP,) (2,1,0))                                0.000     4.217
| (CHANX:4187 L1x length:1 (2,1,0 -> (2,1,0))                    0.907     5.124
| (CHANY:4787 L2y length:2 (1,1,0 -> (1,0,0))                    1.103     6.228
| (CHANX:4030 L1x length:1 (2,0,0 -> (2,0,0))                    0.907     7.135
| (IPIN:274 side: (TOP,) (2,0,0))                                0.693     7.828
| (intra 'io_po' routing)                                        0.463     8.291
d.D[0] (dff at (2, 0, 0))                                        0.000     8.291
data arrival time                                                          8.291

clock clk (rise edge)                                            0.000     0.000
clock source latency                                             0.000     0.000
clk.inpad[0] (.input at (2, 0, 0))                               0.000     0.000
| (intra 'io_pi' routing)                                        0.000     0.000
| (inter-block routing:global net)                               0.000     0.000
| (intra 'io_po' routing)                                        0.000     0.000
d.C[0] (dff at (2, 0, 0))                                        0.000     0.000
clock uncertainty                                                0.000     0.000
cell setup time                                                 -0.135    -0.135
data required time                                                        -0.135
--------------------------------------------------------------------------------
data required time                                                        -0.135
data arrival time                                                         -8.291
--------------------------------------------------------------------------------
slack (VIOLATED)                                                          -8.426


#Path 2
Startpoint: a.inpad[0] (.input at (2, 0, 0) clocked by clk)
Endpoint  : out:c.outpad[0] (.output at (2, 0, 0) clocked by clk)
Path Type : setup

Point                                                             Incr      Path
--------------------------------------------------------------------------------
clock clk (rise edge)                                            0.000     0.000
clock source latency                                             0.000     0.000
input external delay                                             0.000     0.000
a.inpad[0] (.input at (2, 0, 0))                                 0.000     0.000
| (intra 'io_pi' routing)                                        0.000     0.000
| (OPIN:250 side: (TOP,) (2,0,0))                                0.000     0.000
| (CHANX:4039 L1x length:1 (2,0,0 -> (2,0,0))                    0.907     0.907
| (CHANY:4840 L1y length:1 (1,1,0 -> (1,1,0))                    0.907     1.814
| (CHANX:4192 L2x length:2 (2,1,0 -> (3,1,0))                    1.103     2.917
| (IPIN:912 side: (TOP,) (2,1,0))                                0.693     3.611
| (intra 'clb' routing)                                          0.000     3.611
c.in[1] (.names at (2, 1, 0))                                    0.000     3.611
| (primitive '.names' combinational delay)                       0.607     4.217
c.out[0] (.names at (2, 1, 0))                                   0.000     4.217
| (intra 'clb' routing)                                          0.000     4.217
| (OPIN:851 side: (TOP,) (2,1,0))                                0.000     4.217
| (CHANX:4165 L2x length:2 (2,1,0 -> (1,1,0))                    1.103     5.321
| (CHANY:4837 L1y length:1 (1,1,0 -> (1,1,0))                    0.907     6.228
| (CHANX:4034 L1x length:1 (2,0,0 -> (2,0,0))                    0.907     7.135
| (IPIN:278 side: (TOP,) (2,0,0))                                0.693     7.828
| (intra 'io_po' routing)                                        0.207     8.035
out:c.outpad[0] (.output at (2, 0, 0))                           0.000     8.035
data arrival time                                                          8.035

clock clk (rise edge)                                            0.000     0.000
clock source latency                                             0.000     0.000
clock uncertainty                                                0.000     0.000
output external delay                                            0.000     0.000
data required time                                                         0.000
--------------------------------------------------------------------------------
data required time                                                         0.000
data arrival time                                                         -8.035
--------------------------------------------------------------------------------
slack (VIOLATED)                                                          -8.035


#Path 3
Startpoint: d.Q[0] (dff at (2, 0, 0) clocked by clk)
Endpoint  : out:d.outpad[0] (.output at (2, 0, 0) clocked by clk)
Path Type : setup

Point                                                             Incr      Path
--------------------------------------------------------------------------------
clock clk (rise edge)                                            0.000     0.000
clock source latency                                             0.000     0.000
clk.inpad[0] (.input at (2, 0, 0))                               0.000     0.000
| (intra 'io_pi' routing)                                        0.000     0.000
| (inter-block routing:global net)                               0.000     0.000
| (intra 'io_po' routing)                                        0.000     0.000
d.C[0] (dff at (2, 0, 0))                                        0.000     0.000
| (primitive 'dff' Tcq_max)                                      0.096     0.096
d.Q[0] (dff at (2, 0, 0)) [clock-to-output]                      0.000     0.096
| (intra 'io_po' routing)                                        0.526     0.622
out:d.outpad[0] (.output at (2, 0, 0))                           0.000     0.622
data arrival time                                                          0.622

clock clk (rise edge)                                            0.000     0.000
clock source latency                                             0.000     0.000
clock uncertainty                                                0.000     0.000
output external delay                                            0.000     0.000
data required time                                                         0.000
--------------------------------------------------------------------------------
data required time                                                         0.000
data arrival time                                                         -0.622
--------------------------------------------------------------------------------
slack (VIOLATED)                                                          -0.622


#End of timing report
