 
****************************************
Report : timing
        -path full
        -delay max
        -max_paths 1
Design : cbx_2_
Version: Q-2019.12-SP4
--removed--
****************************************

Operating Conditions: tt_v1p1_25c   Library: scc40ulp_uhdc40_hvt_tt_v1p1_25c_basic
Wire Load Model Mode: top

  Startpoint: ccff_head[0]
              (input port clocked by PROG_CLK)
  Endpoint: cbx_2__config_group_mem_size32/mem_top_ipin_0_EFPGA_CCFF_0__q_reg_reg
            (rising edge-triggered flip-flop clocked by PROG_CLK)
  Path Group: PROG_CLK
  Path Type: max

  Point                                                   Incr       Path
  --------------------------------------------------------------------------
  clock PROG_CLK (rise edge)                              0.00       0.00
  clock network delay (ideal)                             0.00       0.00
  input external delay                                   10.00      10.00 r
  ccff_head[0] (in)                                       0.00      10.00 r
  cbx_2__config_group_mem_size32/ccff_head[0] (cbx_2__config_group_mem_size32)
                                                          0.00      10.00 r
  cbx_2__config_group_mem_size32/mem_top_ipin_0_del1/Z (BUFV1_7TH40)
                                                          0.04      10.04 r
  cbx_2__config_group_mem_size32/mem_top_ipin_0_del2/Z (BUFV1_7TH40)
                                                          0.06      10.10 r
  cbx_2__config_group_mem_size32/mem_top_ipin_0_del3_0/Z (BUFV1_7TH40)
                                                          0.06      10.16 r
  cbx_2__config_group_mem_size32/mem_top_ipin_0_EFPGA_CCFF_0__q_reg_reg/D (DRQV1_7TH40)
                                                          0.00      10.16 r
  data arrival time                                                 10.16

  clock PROG_CLK (rise edge)                             20.00      20.00
  clock network delay (ideal)                             0.00      20.00
  clock uncertainty                                      -0.02      19.98
  cbx_2__config_group_mem_size32/mem_top_ipin_0_EFPGA_CCFF_0__q_reg_reg/CK (DRQV1_7TH40)
                                                          0.00      19.98 r
  library setup time                                     -0.11      19.87
  data required time                                                19.87
  --------------------------------------------------------------------------
  data required time                                                19.87
  data arrival time                                                -10.16
  --------------------------------------------------------------------------
  slack (MET)                                                        9.71


  Startpoint: chanx_right_in[26]
              (input port clocked by vCLK)
  Endpoint: bottom_grid_top_width_0_height_0_subtile_9__pin_f2a_i_0_[0]
            (output port clocked by vCLK)
  Path Group: vCLK
  Path Type: max

  Point                                                   Incr       Path
  --------------------------------------------------------------------------
  input external delay                                    0.00       0.00 f
  chanx_right_in[26] (in)                                 0.00       0.00 f
  cb_mux_buf_b_79_0/Z (BUFV6_7TR40)                       0.03       0.03 f
  U117/Z (OA221V2_7TR40)                                  0.11       0.14 f
  U118/ZN (AOI31V2_7TR40)                                 0.05       0.19 r
  U120/ZN (AOI32V2_7TR40)                                 0.02       0.21 f
  bottom_grid_top_width_0_height_0_subtile_9__pin_f2a_i_0_[0] (out)
                                                          0.00       0.21 f
  data arrival time                                                  0.21

  max_delay                                               0.30       0.30
  clock uncertainty                                      -0.02       0.28
  output external delay                                   0.00       0.28
  data required time                                                 0.28
  --------------------------------------------------------------------------
  data required time                                                 0.28
  data arrival time                                                 -0.21
  --------------------------------------------------------------------------
  slack (MET)                                                        0.07


1
