 
****************************************
Report : timing
        -path full
        -delay max
        -max_paths 1
Design : cby_4_
Version: Q-2019.12-SP4
--removed--
****************************************

Operating Conditions: tt_v1p1_25c   Library: scc40ulp_uhdc40_hvt_tt_v1p1_25c_basic
Wire Load Model Mode: top

  Startpoint: ccff_head[0]
              (input port clocked by PROG_CLK)
  Endpoint: cby_4__config_group_mem_size336/mem_right_ipin_0_EFPGA_CCFF_0__q_reg_reg
            (rising edge-triggered flip-flop clocked by PROG_CLK)
  Path Group: PROG_CLK
  Path Type: max

  Point                                                   Incr       Path
  --------------------------------------------------------------------------
  clock PROG_CLK (rise edge)                              0.00       0.00
  clock network delay (ideal)                             0.00       0.00
  input external delay                                   10.00      10.00 r
  ccff_head[0] (in)                                       0.00      10.00 r
  cby_4__config_group_mem_size336/ccff_head[0] (cby_4__config_group_mem_size336)
                                                          0.00      10.00 r
  cby_4__config_group_mem_size336/mem_right_ipin_0_del1/Z (BUFV1_7TH40)
                                                          0.04      10.04 r
  cby_4__config_group_mem_size336/mem_right_ipin_0_del2/Z (BUFV1_7TH40)
                                                          0.06      10.10 r
  cby_4__config_group_mem_size336/mem_right_ipin_0_del3_0/Z (BUFV1_7TH40)
                                                          0.06      10.16 r
  cby_4__config_group_mem_size336/mem_right_ipin_0_EFPGA_CCFF_0__q_reg_reg/D (DRQV1_7TH40)
                                                          0.00      10.16 r
  data arrival time                                                 10.16

  clock PROG_CLK (rise edge)                             20.00      20.00
  clock network delay (ideal)                             0.00      20.00
  clock uncertainty                                      -0.02      19.98
  cby_4__config_group_mem_size336/mem_right_ipin_0_EFPGA_CCFF_0__q_reg_reg/CK (DRQV1_7TH40)
                                                          0.00      19.98 r
  library setup time                                     -0.11      19.87
  data required time                                                19.87
  --------------------------------------------------------------------------
  data required time                                                19.87
  data arrival time                                                -10.16
  --------------------------------------------------------------------------
  slack (MET)                                                        9.71


  Startpoint: chany_bottom_in[47]
              (input port clocked by vCLK)
  Endpoint: left_grid_right_width_0_height_0_subtile_0__pin_I10_1_[0]
            (output port clocked by vCLK)
  Path Group: vCLK
  Path Type: max

  Point                                                   Incr       Path
  --------------------------------------------------------------------------
  input external delay                                    0.00       0.00 f
  chany_bottom_in[47] (in)                                0.00       0.00 f
  cb_mux_buf_b_36_0/Z (BUFV6_7TR40)                       0.04       0.04 f
  U4454/ZN (INV4_7TR40)                                   0.03       0.08 r
  U3289/Z (BUFV2_7TR40)                                   0.06       0.13 r
  U5813/ZN (NOR2V4_7TR40)                                 0.02       0.15 f
  U5878/ZN (NOR2CV4_7TR40)                                0.03       0.18 r
  U5875/ZN (AOI31V4_7TR40)                                0.03       0.21 f
  U4302/ZN (NOR2CV4_7TR40)                                0.03       0.24 r
  U6087/ZN (AOI31V4_7TR40)                                0.03       0.27 f
  U6174/ZN (NAND2V4_7TR40)                                0.02       0.30 r
  U5714/ZN (OAI21V4_7TR40)                                0.04       0.33 f
  left_grid_right_width_0_height_0_subtile_0__pin_I10_1_[0] (out)
                                                          0.00       0.33 f
  data arrival time                                                  0.33

  max_delay                                               0.30       0.30
  clock uncertainty                                      -0.02       0.28
  output external delay                                   0.00       0.28
  data required time                                                 0.28
  --------------------------------------------------------------------------
  data required time                                                 0.28
  data arrival time                                                 -0.33
  --------------------------------------------------------------------------
  slack (VIOLATED)                                                  -0.05


1
