Adding PO models
Adding PO models
Adding PI models
Adding PI with delay chain models
Adding CKBUF models
Adding LUT models
Adding PI SCFF models
Adding PO SCFF models
Adding hard adder models
Adding hard adder models
Adding MMFF models
Adding PCNT models
eFPGA core dimension: 0 (H) x 0 (W)
eFPGA I/O arragements:
	Side: top
		Num inputs:	 DEFAULT
		Num inputs:	 DEFAULT
	Side: right
		Num inputs:	 DEFAULT
		Num inputs:	 DEFAULT
	Side: bottom
		Num inputs:	 DEFAULT
		Num inputs:	 DEFAULT
	Side: left
		Num inputs:	 DEFAULT
		Num inputs:	 DEFAULT
Auto size the number of resets to 24
To meet the constraints, the actual number of I/Os on 'bottom' side will be larger than the user specification
To meet the constraints, the actual number of I/Os on 'top' side will be larger than the user specification
To meet the constraints, the actual number of I/Os on 'right' side will be larger than the user specification
To meet the constraints, the actual number of I/Os on 'bottom' side will be larger than the user specification
To meet the constraints, the actual number of I/Os on 'left' side will be larger than the user specification
Adding top-level pb_type from pre-defined tiles...
Adding top-level pb type from tile 'ckbuf'
Adding top-level pb type from tile 'clb'
Adding top-level pb type from tile 'io_pi'
Adding top-level pb type from tile 'io_pi_pdc_ecb1'
Adding top-level pb type from tile 'io_po'
Adding top-level pb type from tile 'io_po_cko'
Adding top-level pb type from tile 'pcnt'
Done
Adding primitive pb types from pre-defined vpr models...
Adding primitive pb type 'io_po_core' from model 'io_po'
Adding primitive pb type 'io_po_cko_core' from model 'io_po_cko'
Adding primitive pb type 'io_pi_io_pi' from model 'io_pi'
Adding primitive pb type 'io_pi_pdc_ecb1_io_pi_pdc_ecb1' from model 'io_pi_pdc_ecb1'
Adding primitive pb type 'ckbuf_core' from model 'ckbuf'
Adding primitive pb type 'frac_lut5_arith_frac_lut5_arith' from model 'frac_lut5_arith'
Adding primitive pb type 'p_ff_dff' from model 'dff'
Adding primitive pb type 'p_io_cko_scffo_dff' from model 'dff'
Adding primitive pb type 'p_io_pdc_ecb1_scffi_dff' from model 'dff'
Adding primitive pb type 'p_io_scffi_dff' from model 'dff'
Adding primitive pb type 'p_io_scffo_dff' from model 'dff'
Adding primitive pb type 'v_ale_ff_dff' from model 'dff'
Adding primitive pb type 'v_ble4_ff_dff' from model 'dff'
Adding primitive pb type 'v_ble5_ff_dff' from model 'dff'
Adding primitive pb type 'p_ff_sdffrn' from model 'sdffrn'
Adding primitive pb type 'p_io_cko_scffo_sdffrn' from model 'sdffrn'
Adding primitive pb type 'p_io_pdc_ecb1_scffi_sdffrn' from model 'sdffrn'
Adding primitive pb type 'p_io_scffi_sdffrn' from model 'sdffrn'
Adding primitive pb type 'p_io_scffo_sdffrn' from model 'sdffrn'
Adding primitive pb type 'v_ale_ff_sdffrn' from model 'sdffrn'
Adding primitive pb type 'v_ble4_ff_sdffrn' from model 'sdffrn'
Adding primitive pb type 'v_ble5_ff_sdffrn' from model 'sdffrn'
Adding primitive pb type 'p_ff_sdffr' from model 'sdffr'
Adding primitive pb type 'p_io_cko_scffo_sdffr' from model 'sdffr'
Adding primitive pb type 'p_io_pdc_ecb1_scffi_sdffr' from model 'sdffr'
Adding primitive pb type 'p_io_scffi_sdffr' from model 'sdffr'
Adding primitive pb type 'p_io_scffo_sdffr' from model 'sdffr'
Adding primitive pb type 'v_ale_ff_sdffr' from model 'sdffr'
Adding primitive pb type 'v_ble4_ff_sdffr' from model 'sdffr'
Adding primitive pb type 'v_ble5_ff_sdffr' from model 'sdffr'
Adding primitive pb type 'p_ff_dffrn' from model 'dffrn'
Adding primitive pb type 'p_io_cko_scffo_dffrn' from model 'dffrn'
Adding primitive pb type 'p_io_pdc_ecb1_scffi_dffrn' from model 'dffrn'
Adding primitive pb type 'p_io_scffi_dffrn' from model 'dffrn'
Adding primitive pb type 'p_io_scffo_dffrn' from model 'dffrn'
Adding primitive pb type 'v_ale_ff_dffrn' from model 'dffrn'
Adding primitive pb type 'v_ble4_ff_dffrn' from model 'dffrn'
Adding primitive pb type 'v_ble5_ff_dffrn' from model 'dffrn'
Adding primitive pb type 'p_ff_dffr' from model 'dffr'
Adding primitive pb type 'p_io_cko_scffo_dffr' from model 'dffr'
Adding primitive pb type 'p_io_pdc_ecb1_scffi_dffr' from model 'dffr'
Adding primitive pb type 'p_io_scffi_dffr' from model 'dffr'
Adding primitive pb type 'p_io_scffo_dffr' from model 'dffr'
Adding primitive pb type 'v_ale_ff_dffr' from model 'dffr'
Adding primitive pb type 'v_ble4_ff_dffr' from model 'dffr'
Adding primitive pb type 'v_ble5_ff_dffr' from model 'dffr'
Adding primitive pb type 'p_ff_sdffsn' from model 'sdffsn'
Adding primitive pb type 'p_io_cko_scffo_sdffsn' from model 'sdffsn'
Adding primitive pb type 'p_io_pdc_ecb1_scffi_sdffsn' from model 'sdffsn'
Adding primitive pb type 'p_io_scffi_sdffsn' from model 'sdffsn'
Adding primitive pb type 'p_io_scffo_sdffsn' from model 'sdffsn'
Adding primitive pb type 'v_ale_ff_sdffsn' from model 'sdffsn'
Adding primitive pb type 'v_ble4_ff_sdffsn' from model 'sdffsn'
Adding primitive pb type 'v_ble5_ff_sdffsn' from model 'sdffsn'
Adding primitive pb type 'p_ff_sdffs' from model 'sdffs'
Adding primitive pb type 'p_io_cko_scffo_sdffs' from model 'sdffs'
Adding primitive pb type 'p_io_pdc_ecb1_scffi_sdffs' from model 'sdffs'
Adding primitive pb type 'p_io_scffi_sdffs' from model 'sdffs'
Adding primitive pb type 'p_io_scffo_sdffs' from model 'sdffs'
Adding primitive pb type 'v_ale_ff_sdffs' from model 'sdffs'
Adding primitive pb type 'v_ble4_ff_sdffs' from model 'sdffs'
Adding primitive pb type 'v_ble5_ff_sdffs' from model 'sdffs'
Adding primitive pb type 'p_ff_dffsn' from model 'dffsn'
Adding primitive pb type 'p_io_cko_scffo_dffsn' from model 'dffsn'
Adding primitive pb type 'p_io_pdc_ecb1_scffi_dffsn' from model 'dffsn'
Adding primitive pb type 'p_io_scffi_dffsn' from model 'dffsn'
Adding primitive pb type 'p_io_scffo_dffsn' from model 'dffsn'
Adding primitive pb type 'v_ale_ff_dffsn' from model 'dffsn'
Adding primitive pb type 'v_ble4_ff_dffsn' from model 'dffsn'
Adding primitive pb type 'v_ble5_ff_dffsn' from model 'dffsn'
Adding primitive pb type 'p_ff_dffs' from model 'dffs'
Adding primitive pb type 'p_io_cko_scffo_dffs' from model 'dffs'
Adding primitive pb type 'p_io_pdc_ecb1_scffi_dffs' from model 'dffs'
Adding primitive pb type 'p_io_scffi_dffs' from model 'dffs'
Adding primitive pb type 'p_io_scffo_dffs' from model 'dffs'
Adding primitive pb type 'v_ale_ff_dffs' from model 'dffs'
Adding primitive pb type 'v_ble4_ff_dffs' from model 'dffs'
Adding primitive pb type 'v_ble5_ff_dffs' from model 'dffs'
Adding primitive pb type 'p_ff_dffn' from model 'dffn'
Adding primitive pb type 'p_io_cko_scffo_dffn' from model 'dffn'
Adding primitive pb type 'p_io_pdc_ecb1_scffi_dffn' from model 'dffn'
Adding primitive pb type 'p_io_scffi_dffn' from model 'dffn'
Adding primitive pb type 'p_io_scffo_dffn' from model 'dffn'
Adding primitive pb type 'v_ale_ff_dffn' from model 'dffn'
Adding primitive pb type 'v_ble4_ff_dffn' from model 'dffn'
Adding primitive pb type 'v_ble5_ff_dffn' from model 'dffn'
Adding primitive pb type 'p_ff_sdffnrn' from model 'sdffnrn'
Adding primitive pb type 'p_io_cko_scffo_sdffnrn' from model 'sdffnrn'
Adding primitive pb type 'p_io_pdc_ecb1_scffi_sdffnrn' from model 'sdffnrn'
Adding primitive pb type 'p_io_scffi_sdffnrn' from model 'sdffnrn'
Adding primitive pb type 'p_io_scffo_sdffnrn' from model 'sdffnrn'
Adding primitive pb type 'v_ale_ff_sdffnrn' from model 'sdffnrn'
Adding primitive pb type 'v_ble4_ff_sdffnrn' from model 'sdffnrn'
Adding primitive pb type 'v_ble5_ff_sdffnrn' from model 'sdffnrn'
Adding primitive pb type 'p_ff_sdffnr' from model 'sdffnr'
Adding primitive pb type 'p_io_cko_scffo_sdffnr' from model 'sdffnr'
Adding primitive pb type 'p_io_pdc_ecb1_scffi_sdffnr' from model 'sdffnr'
Adding primitive pb type 'p_io_scffi_sdffnr' from model 'sdffnr'
Adding primitive pb type 'p_io_scffo_sdffnr' from model 'sdffnr'
Adding primitive pb type 'v_ale_ff_sdffnr' from model 'sdffnr'
Adding primitive pb type 'v_ble4_ff_sdffnr' from model 'sdffnr'
Adding primitive pb type 'v_ble5_ff_sdffnr' from model 'sdffnr'
Adding primitive pb type 'p_ff_dffnrn' from model 'dffnrn'
Adding primitive pb type 'p_io_cko_scffo_dffnrn' from model 'dffnrn'
Adding primitive pb type 'p_io_pdc_ecb1_scffi_dffnrn' from model 'dffnrn'
Adding primitive pb type 'p_io_scffi_dffnrn' from model 'dffnrn'
Adding primitive pb type 'p_io_scffo_dffnrn' from model 'dffnrn'
Adding primitive pb type 'v_ale_ff_dffnrn' from model 'dffnrn'
Adding primitive pb type 'v_ble4_ff_dffnrn' from model 'dffnrn'
Adding primitive pb type 'v_ble5_ff_dffnrn' from model 'dffnrn'
Adding primitive pb type 'p_ff_dffnr' from model 'dffnr'
Adding primitive pb type 'p_io_cko_scffo_dffnr' from model 'dffnr'
Adding primitive pb type 'p_io_pdc_ecb1_scffi_dffnr' from model 'dffnr'
Adding primitive pb type 'p_io_scffi_dffnr' from model 'dffnr'
Adding primitive pb type 'p_io_scffo_dffnr' from model 'dffnr'
Adding primitive pb type 'v_ale_ff_dffnr' from model 'dffnr'
Adding primitive pb type 'v_ble4_ff_dffnr' from model 'dffnr'
Adding primitive pb type 'v_ble5_ff_dffnr' from model 'dffnr'
Adding primitive pb type 'p_ff_sdffnsn' from model 'sdffnsn'
Adding primitive pb type 'p_io_cko_scffo_sdffnsn' from model 'sdffnsn'
Adding primitive pb type 'p_io_pdc_ecb1_scffi_sdffnsn' from model 'sdffnsn'
Adding primitive pb type 'p_io_scffi_sdffnsn' from model 'sdffnsn'
Adding primitive pb type 'p_io_scffo_sdffnsn' from model 'sdffnsn'
Adding primitive pb type 'v_ale_ff_sdffnsn' from model 'sdffnsn'
Adding primitive pb type 'v_ble4_ff_sdffnsn' from model 'sdffnsn'
Adding primitive pb type 'v_ble5_ff_sdffnsn' from model 'sdffnsn'
Adding primitive pb type 'p_ff_sdffns' from model 'sdffns'
Adding primitive pb type 'p_io_cko_scffo_sdffns' from model 'sdffns'
Adding primitive pb type 'p_io_pdc_ecb1_scffi_sdffns' from model 'sdffns'
Adding primitive pb type 'p_io_scffi_sdffns' from model 'sdffns'
Adding primitive pb type 'p_io_scffo_sdffns' from model 'sdffns'
Adding primitive pb type 'v_ale_ff_sdffns' from model 'sdffns'
Adding primitive pb type 'v_ble4_ff_sdffns' from model 'sdffns'
Adding primitive pb type 'v_ble5_ff_sdffns' from model 'sdffns'
Adding primitive pb type 'p_ff_dffnsn' from model 'dffnsn'
Adding primitive pb type 'p_io_cko_scffo_dffnsn' from model 'dffnsn'
Adding primitive pb type 'p_io_pdc_ecb1_scffi_dffnsn' from model 'dffnsn'
Adding primitive pb type 'p_io_scffi_dffnsn' from model 'dffnsn'
Adding primitive pb type 'p_io_scffo_dffnsn' from model 'dffnsn'
Adding primitive pb type 'v_ale_ff_dffnsn' from model 'dffnsn'
Adding primitive pb type 'v_ble4_ff_dffnsn' from model 'dffnsn'
Adding primitive pb type 'v_ble5_ff_dffnsn' from model 'dffnsn'
Adding primitive pb type 'p_ff_dffns' from model 'dffns'
Adding primitive pb type 'p_io_cko_scffo_dffns' from model 'dffns'
Adding primitive pb type 'p_io_pdc_ecb1_scffi_dffns' from model 'dffns'
Adding primitive pb type 'p_io_scffi_dffns' from model 'dffns'
Adding primitive pb type 'p_io_scffo_dffns' from model 'dffns'
Adding primitive pb type 'v_ale_ff_dffns' from model 'dffns'
Adding primitive pb type 'v_ble4_ff_dffns' from model 'dffns'
Adding primitive pb type 'v_ble5_ff_dffns' from model 'dffns'
Adding primitive pb type 'p_io_pdc_ecb1_scffi_dffnr_dffr' from model 'dffnr_dffr'
Adding primitive pb type 'p_io_scffi_dffnr_dffr' from model 'dffnr_dffr'
Adding primitive pb type 'p_io_pdc_ecb1_scffi_dffr_dffnr' from model 'dffr_dffnr'
Adding primitive pb type 'p_io_scffi_dffr_dffnr' from model 'dffr_dffnr'
Adding primitive pb type 'p_io_scffi_p_io_scffi' from model 'p_io_scffi'
Adding primitive pb type 'p_io_pdc_ecb1_scffi_p_io_pdc_ecb1_scffi' from model 'p_io_pdc_ecb1_scffi'
Adding primitive pb type 'p_io_cko_scffo_dffnrn_dffrn' from model 'dffnrn_dffrn'
Adding primitive pb type 'p_io_scffo_dffnrn_dffrn' from model 'dffnrn_dffrn'
Adding primitive pb type 'p_io_cko_scffo_dffrn_dffnrn' from model 'dffrn_dffnrn'
Adding primitive pb type 'p_io_scffo_dffrn_dffnrn' from model 'dffrn_dffnrn'
Adding primitive pb type 'p_io_scffo_p_io_scffo' from model 'p_io_scffo'
Adding primitive pb type 'p_io_cko_scffo_p_io_cko_scffo' from model 'p_io_cko_scffo'
Adding primitive pb type '_phy_fpga_adder_core' from model '_phy_fpga_adder'
Adding primitive pb type '_fpga_adder_core' from model '_fpga_adder'
Adding primitive pb type 'p_ff_p_ff' from model 'p_ff'
Adding primitive pb type '_pcnt_pcounter32_clkp_srstn_load' from model 'pcounter32_clkp_srstn_load'
Adding primitive pb type '_pcnt_pcounter32_clkp_srstn_add' from model 'pcounter32_clkp_srstn_add'
Adding primitive pb type '_pcnt_pcounter32_clkp_srstn_sub' from model 'pcounter32_clkp_srstn_sub'
Adding primitive pb type '_pcnt_pcounter32_clkp_srstn_sl' from model 'pcounter32_clkp_srstn_sl'
Adding primitive pb type '_pcnt_pcounter32_clkp_srstn_sr' from model 'pcounter32_clkp_srstn_sr'
Adding primitive pb type '_pcnt_pcounter32_clkp_srstp_load' from model 'pcounter32_clkp_srstp_load'
Adding primitive pb type '_pcnt_pcounter32_clkp_srstp_add' from model 'pcounter32_clkp_srstp_add'
Adding primitive pb type '_pcnt_pcounter32_clkp_srstp_sub' from model 'pcounter32_clkp_srstp_sub'
Adding primitive pb type '_pcnt_pcounter32_clkp_srstp_sl' from model 'pcounter32_clkp_srstp_sl'
Adding primitive pb type '_pcnt_pcounter32_clkp_srstp_sr' from model 'pcounter32_clkp_srstp_sr'
Adding primitive pb type '_pcnt_pcounter32_clkp_arstn_load' from model 'pcounter32_clkp_arstn_load'
Adding primitive pb type '_pcnt_pcounter32_clkp_arstn_add' from model 'pcounter32_clkp_arstn_add'
Adding primitive pb type '_pcnt_pcounter32_clkp_arstn_sub' from model 'pcounter32_clkp_arstn_sub'
Adding primitive pb type '_pcnt_pcounter32_clkp_arstn_sl' from model 'pcounter32_clkp_arstn_sl'
Adding primitive pb type '_pcnt_pcounter32_clkp_arstn_sr' from model 'pcounter32_clkp_arstn_sr'
Adding primitive pb type '_pcnt_pcounter32_clkp_arstp_load' from model 'pcounter32_clkp_arstp_load'
Adding primitive pb type '_pcnt_pcounter32_clkp_arstp_add' from model 'pcounter32_clkp_arstp_add'
Adding primitive pb type '_pcnt_pcounter32_clkp_arstp_sub' from model 'pcounter32_clkp_arstp_sub'
Adding primitive pb type '_pcnt_pcounter32_clkp_arstp_sl' from model 'pcounter32_clkp_arstp_sl'
Adding primitive pb type '_pcnt_pcounter32_clkp_arstp_sr' from model 'pcounter32_clkp_arstp_sr'
Adding primitive pb type '_pcnt_pcounter32_clkn_srstn_load' from model 'pcounter32_clkn_srstn_load'
Adding primitive pb type '_pcnt_pcounter32_clkn_srstn_add' from model 'pcounter32_clkn_srstn_add'
Adding primitive pb type '_pcnt_pcounter32_clkn_srstn_sub' from model 'pcounter32_clkn_srstn_sub'
Adding primitive pb type '_pcnt_pcounter32_clkn_srstn_sl' from model 'pcounter32_clkn_srstn_sl'
Adding primitive pb type '_pcnt_pcounter32_clkn_srstn_sr' from model 'pcounter32_clkn_srstn_sr'
Adding primitive pb type '_pcnt_pcounter32_clkn_srstp_load' from model 'pcounter32_clkn_srstp_load'
Adding primitive pb type '_pcnt_pcounter32_clkn_srstp_add' from model 'pcounter32_clkn_srstp_add'
Adding primitive pb type '_pcnt_pcounter32_clkn_srstp_sub' from model 'pcounter32_clkn_srstp_sub'
Adding primitive pb type '_pcnt_pcounter32_clkn_srstp_sl' from model 'pcounter32_clkn_srstp_sl'
Adding primitive pb type '_pcnt_pcounter32_clkn_srstp_sr' from model 'pcounter32_clkn_srstp_sr'
Adding primitive pb type '_pcnt_pcounter32_clkn_arstn_load' from model 'pcounter32_clkn_arstn_load'
Adding primitive pb type '_pcnt_pcounter32_clkn_arstn_add' from model 'pcounter32_clkn_arstn_add'
Adding primitive pb type '_pcnt_pcounter32_clkn_arstn_sub' from model 'pcounter32_clkn_arstn_sub'
Adding primitive pb type '_pcnt_pcounter32_clkn_arstn_sl' from model 'pcounter32_clkn_arstn_sl'
Adding primitive pb type '_pcnt_pcounter32_clkn_arstn_sr' from model 'pcounter32_clkn_arstn_sr'
Adding primitive pb type '_pcnt_pcounter32_clkn_arstp_load' from model 'pcounter32_clkn_arstp_load'
Adding primitive pb type '_pcnt_pcounter32_clkn_arstp_add' from model 'pcounter32_clkn_arstp_add'
Adding primitive pb type '_pcnt_pcounter32_clkn_arstp_sub' from model 'pcounter32_clkn_arstp_sub'
Adding primitive pb type '_pcnt_pcounter32_clkn_arstp_sl' from model 'pcounter32_clkn_arstp_sl'
Adding primitive pb type '_pcnt_pcounter32_clkn_arstp_sr' from model 'pcounter32_clkn_arstp_sr'
Adding primitive pb type '_pcnt__pcnt' from model '_pcnt'
Done
Adding pb_types for vpr built-in model 'latches'...
Added hidden primitive pb_type 'p_ff_latch'
Added hidden primitive pb_type 'v_ble4_ff_latch'
Added hidden primitive pb_type 'v_ble5_ff_latch'
Added hidden primitive pb_type 'v_ale_ff_latch'
Added hidden primitive pb_type 'v_io_scffi_latch'
Added hidden primitive pb_type 'v_io_pdc_ecb1_scffi_latch'
Added hidden primitive pb_type 'v_io_scffo_latch'
Added hidden primitive pb_type 'v_io_cko_scffo_latch'
Done
Adding primitive pb_types for VPR built-in LUTs...
Added hidden primitive pb_type 'lut4'
Done
Adding primitive pb_types for VPR built-in LUTs...
Added hidden primitive pb_type 'lut5'
Done
Added hidden primitive pb_type 'builtin_inpad'
Added hidden primitive pb_type 'builtin_pdc_ecb1_inpad'
Added hidden primitive pb_type 'builtin_outpad'
Added hidden primitive pb_type 'builtin_cko_outpad'
Adding timing information to primitive pb_types
Warning 1: Skip to add timing info as it is already defined!
Warning 2: Skip to add timing info as it is already defined!
Warning 3: Skip to add timing info as it is already defined!
Warning 4: Skip to add timing info as it is already defined!
Warning 5: Skip to add timing info as it is already defined!
Warning 6: Skip to add timing info as it is already defined!
Warning 7: Skip to add timing info as it is already defined!
Warning 8: Skip to add timing info as it is already defined!
Warning 9: Skip to add timing info as it is already defined!
Warning 10: Skip to add timing info as it is already defined!
Warning 11: Skip to add timing info as it is already defined!
Warning 12: Skip to add timing info as it is already defined!
Warning 13: Skip to add timing info as it is already defined!
Warning 14: Skip to add timing info as it is already defined!
Warning 15: Skip to add timing info as it is already defined!
Warning 16: Skip to add timing info as it is already defined!
Warning 17: Skip to add timing info as it is already defined!
Warning 18: Skip to add timing info as it is already defined!
Warning 19: Skip to add timing info as it is already defined!
Warning 20: Skip to add timing info as it is already defined!
Warning 21: Skip to add timing info as it is already defined!
Warning 22: Skip to add timing info as it is already defined!
Warning 23: Skip to add timing info as it is already defined!
Warning 24: Skip to add timing info as it is already defined!
Warning 25: Skip to add timing info as it is already defined!
Warning 26: Skip to add timing info as it is already defined!
Warning 27: Skip to add timing info as it is already defined!
Warning 28: Skip to add timing info as it is already defined!
Warning 29: Skip to add timing info as it is already defined!
Warning 30: Skip to add timing info as it is already defined!
Warning 31: Skip to add timing info as it is already defined!
Warning 32: Skip to add timing info as it is already defined!
Warning 33: Skip to add timing info as it is already defined!
Warning 34: Skip to add timing info as it is already defined!
Warning 35: Skip to add timing info as it is already defined!
Warning 36: Skip to add timing info as it is already defined!
Warning 37: Skip to add timing info as it is already defined!
Warning 38: Skip to add timing info as it is already defined!
Warning 39: Skip to add timing info as it is already defined!
Warning 40: Skip to add timing info as it is already defined!
Warning 41: Skip to add timing info as it is already defined!
Warning 42: Skip to add timing info as it is already defined!
Warning 43: Skip to add timing info as it is already defined!
Warning 44: Skip to add timing info as it is already defined!
Warning 45: Skip to add timing info as it is already defined!
Warning 46: Skip to add timing info as it is already defined!
Warning 47: Skip to add timing info as it is already defined!
Warning 48: Skip to add timing info as it is already defined!
Warning 49: Skip to add timing info as it is already defined!
Warning 50: Skip to add timing info as it is already defined!
Warning 51: Skip to add timing info as it is already defined!
Warning 52: Skip to add timing info as it is already defined!
Warning 53: Skip to add timing info as it is already defined!
Warning 54: Skip to add timing info as it is already defined!
Warning 55: Skip to add timing info as it is already defined!
Warning 56: Skip to add timing info as it is already defined!
Warning 57: Skip to add timing info as it is already defined!
Warning 58: Skip to add timing info as it is already defined!
Warning 59: Skip to add timing info as it is already defined!
Warning 60: Skip to add timing info as it is already defined!
Warning 61: Skip to add timing info as it is already defined!
Warning 62: Skip to add timing info as it is already defined!
Warning 63: Skip to add timing info as it is already defined!
Warning 64: Skip to add timing info as it is already defined!
Warning 65: Skip to add timing info as it is already defined!
Warning 66: Skip to add timing info as it is already defined!
Warning 67: Skip to add timing info as it is already defined!
Warning 68: Skip to add timing info as it is already defined!
Warning 69: Skip to add timing info as it is already defined!
Warning 70: Skip to add timing info as it is already defined!
Warning 71: Skip to add timing info as it is already defined!
Warning 72: Skip to add timing info as it is already defined!
Warning 73: Skip to add timing info as it is already defined!
Warning 74: Skip to add timing info as it is already defined!
Warning 75: Skip to add timing info as it is already defined!
Warning 76: Skip to add timing info as it is already defined!
Warning 77: Skip to add timing info as it is already defined!
Warning 78: Skip to add timing info as it is already defined!
Warning 79: Skip to add timing info as it is already defined!
Warning 80: Skip to add timing info as it is already defined!
Warning 81: Skip to add timing info as it is already defined!
Warning 82: Skip to add timing info as it is already defined!
Warning 83: Skip to add timing info as it is already defined!
Warning 84: Skip to add timing info as it is already defined!
Warning 85: Skip to add timing info as it is already defined!
Warning 86: Skip to add timing info as it is already defined!
Warning 87: Skip to add timing info as it is already defined!
Warning 88: Skip to add timing info as it is already defined!
Warning 89: Skip to add timing info as it is already defined!
Warning 90: Skip to add timing info as it is already defined!
Warning 91: Skip to add timing info as it is already defined!
Warning 92: Skip to add timing info as it is already defined!
Warning 93: Skip to add timing info as it is already defined!
Warning 94: Skip to add timing info as it is already defined!
Warning 95: Skip to add timing info as it is already defined!
Warning 96: Skip to add timing info as it is already defined!
Warning 97: Skip to add timing info as it is already defined!
Warning 98: Skip to add timing info as it is already defined!
Warning 99: Skip to add timing info as it is already defined!
Warning 100: Skip to add timing info as it is already defined!
Warning 101: Skip to add timing info as it is already defined!
Warning 102: Skip to add timing info as it is already defined!
Warning 103: Skip to add timing info as it is already defined!
Warning 104: Skip to add timing info as it is already defined!
Warning 105: Skip to add timing info as it is already defined!
Warning 106: Skip to add timing info as it is already defined!
Warning 107: Skip to add timing info as it is already defined!
Warning 108: Skip to add timing info as it is already defined!
Warning 109: Skip to add timing info as it is already defined!
Warning 110: Skip to add timing info as it is already defined!
Warning 111: Skip to add timing info as it is already defined!
Warning 112: Skip to add timing info as it is already defined!
Warning 113: Skip to add timing info as it is already defined!
Warning 114: Skip to add timing info as it is already defined!
Warning 115: Skip to add timing info as it is already defined!
Warning 116: Skip to add timing info as it is already defined!
Warning 117: Skip to add timing info as it is already defined!
Warning 118: Skip to add timing info as it is already defined!
Warning 119: Skip to add timing info as it is already defined!
Warning 120: Skip to add timing info as it is already defined!
Warning 121: Skip to add timing info as it is already defined!
Warning 122: Skip to add timing info as it is already defined!
Warning 123: Skip to add timing info as it is already defined!
Warning 124: Skip to add timing info as it is already defined!
Warning 125: Skip to add timing info as it is already defined!
Warning 126: Skip to add timing info as it is already defined!
Warning 127: Skip to add timing info as it is already defined!
Warning 128: Skip to add timing info as it is already defined!
Warning 129: Skip to add timing info as it is already defined!
Warning 130: Skip to add timing info as it is already defined!
Warning 131: Skip to add timing info as it is already defined!
Warning 132: Skip to add timing info as it is already defined!
Warning 133: Skip to add timing info as it is already defined!
Warning 134: Skip to add timing info as it is already defined!
Warning 135: Skip to add timing info as it is already defined!
Warning 136: Skip to add timing info as it is already defined!
Warning 137: Skip to add timing info as it is already defined!
Warning 138: Skip to add timing info as it is already defined!
Warning 139: Skip to add timing info as it is already defined!
Warning 140: Skip to add timing info as it is already defined!
Warning 141: Skip to add timing info as it is already defined!
Warning 142: Skip to add timing info as it is already defined!
Warning 143: Skip to add timing info as it is already defined!
Warning 144: Skip to add timing info as it is already defined!
Warning 145: Skip to add timing info as it is already defined!
Warning 146: Skip to add timing info as it is already defined!
Warning 147: Skip to add timing info as it is already defined!
Warning 148: Skip to add timing info as it is already defined!
Warning 149: Skip to add timing info as it is already defined!
Warning 150: Skip to add timing info as it is already defined!
Warning 151: Skip to add timing info as it is already defined!
Warning 152: Skip to add timing info as it is already defined!
Warning 153: Skip to add timing info as it is already defined!
Warning 154: Skip to add timing info as it is already defined!
Warning 155: Skip to add timing info as it is already defined!
Warning 156: Skip to add timing info as it is already defined!
Warning 157: Skip to add timing info as it is already defined!
Warning 158: Skip to add timing info as it is already defined!
Warning 159: Skip to add timing info as it is already defined!
Warning 160: Skip to add timing info as it is already defined!
Warning 161: Skip to add timing info as it is already defined!
Warning 162: Skip to add timing info as it is already defined!
Warning 163: Skip to add timing info as it is already defined!
Warning 164: Skip to add timing info as it is already defined!
Warning 165: Skip to add timing info as it is already defined!
Warning 166: Skip to add timing info as it is already defined!
Warning 167: Skip to add timing info as it is already defined!
Warning 168: Skip to add timing info as it is already defined!
Warning 169: Skip to add timing info as it is already defined!
Warning 170: Skip to add timing info as it is already defined!
Warning 171: Skip to add timing info as it is already defined!
Warning 172: Skip to add timing info as it is already defined!
Warning 173: Skip to add timing info as it is already defined!
Warning 174: Skip to add timing info as it is already defined!
Warning 175: Skip to add timing info as it is already defined!
Warning 176: Skip to add timing info as it is already defined!
Warning 177: Skip to add timing info as it is already defined!
Warning 178: Skip to add timing info as it is already defined!
Warning 179: Skip to add timing info as it is already defined!
Warning 180: Skip to add timing info as it is already defined!
Warning 181: Skip to add timing info as it is already defined!
Warning 182: Skip to add timing info as it is already defined!
Warning 183: Skip to add timing info as it is already defined!
Warning 184: Skip to add timing info as it is already defined!
Warning 185: Skip to add timing info as it is already defined!
Warning 186: Skip to add timing info as it is already defined!
Warning 187: Skip to add timing info as it is already defined!
Warning 188: Skip to add timing info as it is already defined!
Warning 189: Skip to add timing info as it is already defined!
Warning 190: Skip to add timing info as it is already defined!
Warning 191: Skip to add timing info as it is already defined!
Warning 192: Skip to add timing info as it is already defined!
Warning 193: Skip to add timing info as it is already defined!
Warning 194: Skip to add timing info as it is already defined!
Warning 195: Skip to add timing info as it is already defined!
Warning 196: Skip to add timing info as it is already defined!
Warning 197: Skip to add timing info as it is already defined!
Warning 198: Skip to add timing info as it is already defined!
Warning 199: Skip to add timing info as it is already defined!
Warning 200: Skip to add timing info as it is already defined!
Warning 201: Skip to add timing info as it is already defined!
Warning 202: Skip to add timing info as it is already defined!
Warning 203: Skip to add timing info as it is already defined!
Warning 204: Skip to add timing info as it is already defined!
Warning 205: Skip to add timing info as it is already defined!
Warning 206: Skip to add timing info as it is already defined!
Warning 207: Skip to add timing info as it is already defined!
Warning 208: Skip to add timing info as it is already defined!
Warning 209: Skip to add timing info as it is already defined!
Warning 210: Skip to add timing info as it is already defined!
Warning 211: Skip to add timing info as it is already defined!
Warning 212: Skip to add timing info as it is already defined!
Warning 213: Skip to add timing info as it is already defined!
Warning 214: Skip to add timing info as it is already defined!
Warning 215: Skip to add timing info as it is already defined!
Warning 216: Skip to add timing info as it is already defined!
Warning 217: Skip to add timing info as it is already defined!
Warning 218: Skip to add timing info as it is already defined!
Warning 219: Skip to add timing info as it is already defined!
Warning 220: Skip to add timing info as it is already defined!
Warning 221: Skip to add timing info as it is already defined!
Warning 222: Skip to add timing info as it is already defined!
Warning 223: Skip to add timing info as it is already defined!
Warning 224: Skip to add timing info as it is already defined!
Warning 225: Skip to add timing info as it is already defined!
Warning 226: Skip to add timing info as it is already defined!
Warning 227: Skip to add timing info as it is already defined!
Warning 228: Skip to add timing info as it is already defined!
Warning 229: Skip to add timing info as it is already defined!
Warning 230: Skip to add timing info as it is already defined!
Warning 231: Skip to add timing info as it is already defined!
Warning 232: Skip to add timing info as it is already defined!
Warning 233: Skip to add timing info as it is already defined!
Warning 234: Skip to add timing info as it is already defined!
Warning 235: Skip to add timing info as it is already defined!
Warning 236: Skip to add timing info as it is already defined!
Warning 237: Skip to add timing info as it is already defined!
Warning 238: Skip to add timing info as it is already defined!
Warning 239: Skip to add timing info as it is already defined!
Warning 240: Skip to add timing info as it is already defined!
Warning 241: Skip to add timing info as it is already defined!
Warning 242: Skip to add timing info as it is already defined!
Warning 243: Skip to add timing info as it is already defined!
Warning 244: Skip to add timing info as it is already defined!
Warning 245: Skip to add timing info as it is already defined!
Warning 246: Skip to add timing info as it is already defined!
Warning 247: Skip to add timing info as it is already defined!
Warning 248: Skip to add timing info as it is already defined!
Warning 249: Skip to add timing info as it is already defined!
Warning 250: Skip to add timing info as it is already defined!
Warning 251: Skip to add timing info as it is already defined!
Warning 252: Skip to add timing info as it is already defined!
Warning 253: Skip to add timing info as it is already defined!
Warning 254: Skip to add timing info as it is already defined!
Warning 255: Skip to add timing info as it is already defined!
Warning 256: Skip to add timing info as it is already defined!
Warning 257: Skip to add timing info as it is already defined!
Warning 258: Skip to add timing info as it is already defined!
Warning 259: Skip to add timing info as it is already defined!
Warning 260: Skip to add timing info as it is already defined!
Warning 261: Skip to add timing info as it is already defined!
Warning 262: Skip to add timing info as it is already defined!
Warning 263: Skip to add timing info as it is already defined!
Warning 264: Skip to add timing info as it is already defined!
Warning 265: Skip to add timing info as it is already defined!
Warning 266: Skip to add timing info as it is already defined!
Warning 267: Skip to add timing info as it is already defined!
Warning 268: Skip to add timing info as it is already defined!
Warning 269: Skip to add timing info as it is already defined!
Warning 270: Skip to add timing info as it is already defined!
Warning 271: Skip to add timing info as it is already defined!
Warning 272: Skip to add timing info as it is already defined!
Warning 273: Skip to add timing info as it is already defined!
Warning 274: Skip to add timing info as it is already defined!
Warning 275: Skip to add timing info as it is already defined!
Warning 276: Skip to add timing info as it is already defined!
Warning 277: Skip to add timing info as it is already defined!
Warning 278: Skip to add timing info as it is already defined!
Warning 279: Skip to add timing info as it is already defined!
Warning 280: Skip to add timing info as it is already defined!
Warning 281: Skip to add timing info as it is already defined!
Warning 282: Skip to add timing info as it is already defined!
Warning 283: Skip to add timing info as it is already defined!
Warning 284: Skip to add timing info as it is already defined!
Warning 285: Skip to add timing info as it is already defined!
Warning 286: Skip to add timing info as it is already defined!
Warning 287: Skip to add timing info as it is already defined!
Warning 288: Skip to add timing info as it is already defined!
Warning 289: Skip to add timing info as it is already defined!
Warning 290: Skip to add timing info as it is already defined!
Warning 291: Skip to add timing info as it is already defined!
Warning 292: Skip to add timing info as it is already defined!
Warning 293: Skip to add timing info as it is already defined!
Warning 294: Skip to add timing info as it is already defined!
Warning 295: Skip to add timing info as it is already defined!
Warning 296: Skip to add timing info as it is already defined!
Warning 297: Skip to add timing info as it is already defined!
Warning 298: Skip to add timing info as it is already defined!
Warning 299: Skip to add timing info as it is already defined!
Warning 300: Skip to add timing info as it is already defined!
Warning 301: Skip to add timing info as it is already defined!
Warning 302: Skip to add timing info as it is already defined!
Warning 303: Skip to add timing info as it is already defined!
Warning 304: Skip to add timing info as it is already defined!
Warning 305: Skip to add timing info as it is already defined!
Warning 306: Skip to add timing info as it is already defined!
Warning 307: Skip to add timing info as it is already defined!
Warning 308: Skip to add timing info as it is already defined!
Warning 309: Skip to add timing info as it is already defined!
Warning 310: Skip to add timing info as it is already defined!
Warning 311: Skip to add timing info as it is already defined!
Warning 312: Skip to add timing info as it is already defined!
Warning 313: Skip to add timing info as it is already defined!
Warning 314: Skip to add timing info as it is already defined!
Warning 315: Skip to add timing info as it is already defined!
Warning 316: Skip to add timing info as it is already defined!
Warning 317: Skip to add timing info as it is already defined!
Warning 318: Skip to add timing info as it is already defined!
Warning 319: Skip to add timing info as it is already defined!
Warning 320: Skip to add timing info as it is already defined!
Warning 321: Skip to add timing info as it is already defined!
Warning 322: Skip to add timing info as it is already defined!
Warning 323: Skip to add timing info as it is already defined!
Warning 324: Skip to add timing info as it is already defined!
Warning 325: Skip to add timing info as it is already defined!
Warning 326: Skip to add timing info as it is already defined!
Warning 327: Skip to add timing info as it is already defined!
Warning 328: Skip to add timing info as it is already defined!
Warning 329: Skip to add timing info as it is already defined!
Warning 330: Skip to add timing info as it is already defined!
Warning 331: Skip to add timing info as it is already defined!
Warning 332: Skip to add timing info as it is already defined!
Warning 333: Skip to add timing info as it is already defined!
Warning 334: Skip to add timing info as it is already defined!
Warning 335: Skip to add timing info as it is already defined!
Warning 336: Skip to add timing info as it is already defined!
Warning 337: Skip to add timing info as it is already defined!
Warning 338: Skip to add timing info as it is already defined!
Warning 339: Skip to add timing info as it is already defined!
Warning 340: Skip to add timing info as it is already defined!
Warning 341: Skip to add timing info as it is already defined!
Warning 342: Skip to add timing info as it is already defined!
Warning 343: Skip to add timing info as it is already defined!
Warning 344: Skip to add timing info as it is already defined!
Warning 345: Skip to add timing info as it is already defined!
Warning 346: Skip to add timing info as it is already defined!
Warning 347: Skip to add timing info as it is already defined!
Warning 348: Skip to add timing info as it is already defined!
Warning 349: Skip to add timing info as it is already defined!
Warning 350: Skip to add timing info as it is already defined!
Warning 351: Skip to add timing info as it is already defined!
Warning 352: Skip to add timing info as it is already defined!
Warning 353: Skip to add timing info as it is already defined!
Warning 354: Skip to add timing info as it is already defined!
Warning 355: Skip to add timing info as it is already defined!
Warning 356: Skip to add timing info as it is already defined!
Warning 357: Skip to add timing info as it is already defined!
Warning 358: Skip to add timing info as it is already defined!
Warning 359: Skip to add timing info as it is already defined!
Warning 360: Skip to add timing info as it is already defined!
Warning 361: Skip to add timing info as it is already defined!
Warning 362: Skip to add timing info as it is already defined!
Warning 363: Skip to add timing info as it is already defined!
Warning 364: Skip to add timing info as it is already defined!
Warning 365: Skip to add timing info as it is already defined!
Warning 366: Skip to add timing info as it is already defined!
Warning 367: Skip to add timing info as it is already defined!
Warning 368: Skip to add timing info as it is already defined!
Warning 369: Skip to add timing info as it is already defined!
Warning 370: Skip to add timing info as it is already defined!
Warning 371: Skip to add timing info as it is already defined!
Warning 372: Skip to add timing info as it is already defined!
Warning 373: Skip to add timing info as it is already defined!
Warning 374: Skip to add timing info as it is already defined!
Warning 375: Skip to add timing info as it is already defined!
Warning 376: Skip to add timing info as it is already defined!
Warning 377: Skip to add timing info as it is already defined!
Warning 378: Skip to add timing info as it is already defined!
Warning 379: Skip to add timing info as it is already defined!
Warning 380: Skip to add timing info as it is already defined!
Warning 381: Skip to add timing info as it is already defined!
Warning 382: Skip to add timing info as it is already defined!
Warning 383: Skip to add timing info as it is already defined!
Warning 384: Skip to add timing info as it is already defined!
Warning 385: Skip to add timing info as it is already defined!
Warning 386: Skip to add timing info as it is already defined!
Warning 387: Skip to add timing info as it is already defined!
Warning 388: Skip to add timing info as it is already defined!
Warning 389: Skip to add timing info as it is already defined!
Warning 390: Skip to add timing info as it is already defined!
Warning 391: Skip to add timing info as it is already defined!
Warning 392: Skip to add timing info as it is already defined!
Warning 393: Skip to add timing info as it is already defined!
Warning 394: Skip to add timing info as it is already defined!
Warning 395: Skip to add timing info as it is already defined!
Warning 396: Skip to add timing info as it is already defined!
Warning 397: Skip to add timing info as it is already defined!
Warning 398: Skip to add timing info as it is already defined!
Warning 399: Skip to add timing info as it is already defined!
Warning 400: Skip to add timing info as it is already defined!
Warning 401: Skip to add timing info as it is already defined!
Warning 402: Skip to add timing info as it is already defined!
Warning 403: Skip to add timing info as it is already defined!
Warning 404: Skip to add timing info as it is already defined!
Warning 405: Skip to add timing info as it is already defined!
Warning 406: Skip to add timing info as it is already defined!
Warning 407: Skip to add timing info as it is already defined!
Warning 408: Skip to add timing info as it is already defined!
Warning 409: Skip to add timing info as it is already defined!
Warning 410: Skip to add timing info as it is already defined!
Warning 411: Skip to add timing info as it is already defined!
Warning 412: Skip to add timing info as it is already defined!
Warning 413: Skip to add timing info as it is already defined!
Warning 414: Skip to add timing info as it is already defined!
Warning 415: Skip to add timing info as it is already defined!
Warning 416: Skip to add timing info as it is already defined!
Warning 417: Skip to add timing info as it is already defined!
Warning 418: Skip to add timing info as it is already defined!
Warning 419: Skip to add timing info as it is already defined!
Warning 420: Skip to add timing info as it is already defined!
Warning 421: Skip to add timing info as it is already defined!
Warning 422: Skip to add timing info as it is already defined!
Warning 423: Skip to add timing info as it is already defined!
Warning 424: Skip to add timing info as it is already defined!
Warning 425: Skip to add timing info as it is already defined!
Warning 426: Skip to add timing info as it is already defined!
Warning 427: Skip to add timing info as it is already defined!
Warning 428: Skip to add timing info as it is already defined!
Warning 429: Skip to add timing info as it is already defined!
Warning 430: Skip to add timing info as it is already defined!
Warning 431: Skip to add timing info as it is already defined!
Warning 432: Skip to add timing info as it is already defined!
Warning 433: Skip to add timing info as it is already defined!
Warning 434: Skip to add timing info as it is already defined!
Warning 435: Skip to add timing info as it is already defined!
Warning 436: Skip to add timing info as it is already defined!
Warning 437: Skip to add timing info as it is already defined!
Warning 438: Skip to add timing info as it is already defined!
Warning 439: Skip to add timing info as it is already defined!
Warning 440: Skip to add timing info as it is already defined!
Warning 441: Skip to add timing info as it is already defined!
Warning 442: Skip to add timing info as it is already defined!
Warning 443: Skip to add timing info as it is already defined!
Warning 444: Skip to add timing info as it is already defined!
Warning 445: Skip to add timing info as it is already defined!
Warning 446: Skip to add timing info as it is already defined!
Warning 447: Skip to add timing info as it is already defined!
Warning 448: Skip to add timing info as it is already defined!
Warning 449: Skip to add timing info as it is already defined!
Warning 450: Skip to add timing info as it is already defined!
Warning 451: Skip to add timing info as it is already defined!
Warning 452: Skip to add timing info as it is already defined!
Warning 453: Skip to add timing info as it is already defined!
Warning 454: Skip to add timing info as it is already defined!
Warning 455: Skip to add timing info as it is already defined!
Warning 456: Skip to add timing info as it is already defined!
Warning 457: Skip to add timing info as it is already defined!
Warning 458: Skip to add timing info as it is already defined!
Warning 459: Skip to add timing info as it is already defined!
Warning 460: Skip to add timing info as it is already defined!
Warning 461: Skip to add timing info as it is already defined!
Warning 462: Skip to add timing info as it is already defined!
Warning 463: Skip to add timing info as it is already defined!
Warning 464: Skip to add timing info as it is already defined!
Warning 465: Skip to add timing info as it is already defined!
Warning 466: Skip to add timing info as it is already defined!
Warning 467: Skip to add timing info as it is already defined!
Warning 468: Skip to add timing info as it is already defined!
Warning 469: Skip to add timing info as it is already defined!
Warning 470: Skip to add timing info as it is already defined!
Warning 471: Skip to add timing info as it is already defined!
Warning 472: Skip to add timing info as it is already defined!
Warning 473: Skip to add timing info as it is already defined!
Warning 474: Skip to add timing info as it is already defined!
Warning 475: Skip to add timing info as it is already defined!
Warning 476: Skip to add timing info as it is already defined!
Warning 477: Skip to add timing info as it is already defined!
Warning 478: Skip to add timing info as it is already defined!
Warning 479: Skip to add timing info as it is already defined!
Warning 480: Skip to add timing info as it is already defined!
Warning 481: Skip to add timing info as it is already defined!
Warning 482: Skip to add timing info as it is already defined!
Warning 483: Skip to add timing info as it is already defined!
Warning 484: Skip to add timing info as it is already defined!
Warning 485: Skip to add timing info as it is already defined!
Warning 486: Skip to add timing info as it is already defined!
Warning 487: Skip to add timing info as it is already defined!
Warning 488: Skip to add timing info as it is already defined!
Warning 489: Skip to add timing info as it is already defined!
Warning 490: Skip to add timing info as it is already defined!
Warning 491: Skip to add timing info as it is already defined!
Warning 492: Skip to add timing info as it is already defined!
Warning 493: Skip to add timing info as it is already defined!
Warning 494: Skip to add timing info as it is already defined!
Warning 495: Skip to add timing info as it is already defined!
Warning 496: Skip to add timing info as it is already defined!
Warning 497: Skip to add timing info as it is already defined!
Warning 498: Skip to add timing info as it is already defined!
Warning 499: Skip to add timing info as it is already defined!
Warning 500: Skip to add timing info as it is already defined!
Warning 501: Skip to add timing info as it is already defined!
Warning 502: Skip to add timing info as it is already defined!
Warning 503: Skip to add timing info as it is already defined!
Warning 504: Skip to add timing info as it is already defined!
Warning 505: Skip to add timing info as it is already defined!
Warning 506: Skip to add timing info as it is already defined!
Warning 507: Skip to add timing info as it is already defined!
Warning 508: Skip to add timing info as it is already defined!
Warning 509: Skip to add timing info as it is already defined!
Warning 510: Skip to add timing info as it is already defined!
Warning 511: Skip to add timing info as it is already defined!
Warning 512: Skip to add timing info as it is already defined!
Warning 513: Skip to add timing info as it is already defined!
Warning 514: Skip to add timing info as it is already defined!
Warning 515: Skip to add timing info as it is already defined!
Warning 516: Skip to add timing info as it is already defined!
Warning 517: Skip to add timing info as it is already defined!
Warning 518: Skip to add timing info as it is already defined!
Warning 519: Skip to add timing info as it is already defined!
Warning 520: Skip to add timing info as it is already defined!
Warning 521: Skip to add timing info as it is already defined!
Warning 522: Skip to add timing info as it is already defined!
Warning 523: Skip to add timing info as it is already defined!
Warning 524: Skip to add timing info as it is already defined!
Warning 525: Skip to add timing info as it is already defined!
Warning 526: Skip to add timing info as it is already defined!
Warning 527: Skip to add timing info as it is already defined!
Warning 528: Skip to add timing info as it is already defined!
Warning 529: Skip to add timing info as it is already defined!
Warning 530: Skip to add timing info as it is already defined!
Warning 531: Skip to add timing info as it is already defined!
Warning 532: Skip to add timing info as it is already defined!
Warning 533: Skip to add timing info as it is already defined!
Warning 534: Skip to add timing info as it is already defined!
Warning 535: Skip to add timing info as it is already defined!
Warning 536: Skip to add timing info as it is already defined!
Warning 537: Skip to add timing info as it is already defined!
Warning 538: Skip to add timing info as it is already defined!
Warning 539: Skip to add timing info as it is already defined!
Warning 540: Skip to add timing info as it is already defined!
Warning 541: Skip to add timing info as it is already defined!
Warning 542: Skip to add timing info as it is already defined!
Warning 543: Skip to add timing info as it is already defined!
Warning 544: Skip to add timing info as it is already defined!
Warning 545: Skip to add timing info as it is already defined!
Warning 546: Skip to add timing info as it is already defined!
Warning 547: Skip to add timing info as it is already defined!
Warning 548: Skip to add timing info as it is already defined!
Warning 549: Skip to add timing info as it is already defined!
Warning 550: Skip to add timing info as it is already defined!
Warning 551: Skip to add timing info as it is already defined!
Warning 552: Skip to add timing info as it is already defined!
Warning 553: Skip to add timing info as it is already defined!
Warning 554: Skip to add timing info as it is already defined!
Warning 555: Skip to add timing info as it is already defined!
Warning 556: Skip to add timing info as it is already defined!
Warning 557: Skip to add timing info as it is already defined!
Warning 558: Skip to add timing info as it is already defined!
Warning 559: Skip to add timing info as it is already defined!
Warning 560: Skip to add timing info as it is already defined!
Warning 561: Skip to add timing info as it is already defined!
Warning 562: Skip to add timing info as it is already defined!
Warning 563: Skip to add timing info as it is already defined!
Warning 564: Skip to add timing info as it is already defined!
Warning 565: Skip to add timing info as it is already defined!
Warning 566: Skip to add timing info as it is already defined!
Warning 567: Skip to add timing info as it is already defined!
Warning 568: Skip to add timing info as it is already defined!
Warning 569: Skip to add timing info as it is already defined!
Warning 570: Skip to add timing info as it is already defined!
Warning 571: Skip to add timing info as it is already defined!
Warning 572: Skip to add timing info as it is already defined!
Warning 573: Skip to add timing info as it is already defined!
Warning 574: Skip to add timing info as it is already defined!
Warning 575: Skip to add timing info as it is already defined!
Warning 576: Skip to add timing info as it is already defined!
Warning 577: Skip to add timing info as it is already defined!
Warning 578: Skip to add timing info as it is already defined!
Warning 579: Skip to add timing info as it is already defined!
Warning 580: Skip to add timing info as it is already defined!
Warning 581: Skip to add timing info as it is already defined!
Warning 582: Skip to add timing info as it is already defined!
Warning 583: Skip to add timing info as it is already defined!
Warning 584: Skip to add timing info as it is already defined!
Warning 585: Skip to add timing info as it is already defined!
Warning 586: Skip to add timing info as it is already defined!
Warning 587: Skip to add timing info as it is already defined!
Warning 588: Skip to add timing info as it is already defined!
Warning 589: Skip to add timing info as it is already defined!
Warning 590: Skip to add timing info as it is already defined!
Warning 591: Skip to add timing info as it is already defined!
Warning 592: Skip to add timing info as it is already defined!
Warning 593: Skip to add timing info as it is already defined!
Warning 594: Skip to add timing info as it is already defined!
Warning 595: Skip to add timing info as it is already defined!
Warning 596: Skip to add timing info as it is already defined!
Warning 597: Skip to add timing info as it is already defined!
Warning 598: Skip to add timing info as it is already defined!
Warning 599: Skip to add timing info as it is already defined!
Warning 600: Skip to add timing info as it is already defined!
Warning 601: Skip to add timing info as it is already defined!
Warning 602: Skip to add timing info as it is already defined!
Warning 603: Skip to add timing info as it is already defined!
Warning 604: Skip to add timing info as it is already defined!
Warning 605: Skip to add timing info as it is already defined!
Warning 606: Skip to add timing info as it is already defined!
Warning 607: Skip to add timing info as it is already defined!
Warning 608: Skip to add timing info as it is already defined!
Warning 609: Skip to add timing info as it is already defined!
Warning 610: Skip to add timing info as it is already defined!
Warning 611: Skip to add timing info as it is already defined!
Warning 612: Skip to add timing info as it is already defined!
Warning 613: Skip to add timing info as it is already defined!
Warning 614: Skip to add timing info as it is already defined!
Warning 615: Skip to add timing info as it is already defined!
Warning 616: Skip to add timing info as it is already defined!
Warning 617: Skip to add timing info as it is already defined!
Warning 618: Skip to add timing info as it is already defined!
Warning 619: Skip to add timing info as it is already defined!
Warning 620: Skip to add timing info as it is already defined!
Warning 621: Skip to add timing info as it is already defined!
Warning 622: Skip to add timing info as it is already defined!
Warning 623: Skip to add timing info as it is already defined!
Warning 624: Skip to add timing info as it is already defined!
Warning 625: Skip to add timing info as it is already defined!
Warning 626: Skip to add timing info as it is already defined!
Warning 627: Skip to add timing info as it is already defined!
Warning 628: Skip to add timing info as it is already defined!
Warning 629: Skip to add timing info as it is already defined!
Warning 630: Skip to add timing info as it is already defined!
Warning 631: Skip to add timing info as it is already defined!
Warning 632: Skip to add timing info as it is already defined!
Warning 633: Skip to add timing info as it is already defined!
Warning 634: Skip to add timing info as it is already defined!
Warning 635: Skip to add timing info as it is already defined!
Warning 636: Skip to add timing info as it is already defined!
Warning 637: Skip to add timing info as it is already defined!
Warning 638: Skip to add timing info as it is already defined!
Warning 639: Skip to add timing info as it is already defined!
Warning 640: Skip to add timing info as it is already defined!
Warning 641: Skip to add timing info as it is already defined!
Warning 642: Skip to add timing info as it is already defined!
Warning 643: Skip to add timing info as it is already defined!
Warning 644: Skip to add timing info as it is already defined!
Warning 645: Skip to add timing info as it is already defined!
Warning 646: Skip to add timing info as it is already defined!
Warning 647: Skip to add timing info as it is already defined!
Warning 648: Skip to add timing info as it is already defined!
Warning 649: Skip to add timing info as it is already defined!
Warning 650: Skip to add timing info as it is already defined!
Warning 651: Skip to add timing info as it is already defined!
Warning 652: Skip to add timing info as it is already defined!
Warning 653: Skip to add timing info as it is already defined!
Warning 654: Skip to add timing info as it is already defined!
Warning 655: Skip to add timing info as it is already defined!
Warning 656: Skip to add timing info as it is already defined!
Warning 657: Skip to add timing info as it is already defined!
Warning 658: Skip to add timing info as it is already defined!
Warning 659: Skip to add timing info as it is already defined!
Warning 660: Skip to add timing info as it is already defined!
Warning 661: Skip to add timing info as it is already defined!
Warning 662: Skip to add timing info as it is already defined!
Warning 663: Skip to add timing info as it is already defined!
Warning 664: Skip to add timing info as it is already defined!
Warning 665: Skip to add timing info as it is already defined!
Warning 666: Skip to add timing info as it is already defined!
Warning 667: Skip to add timing info as it is already defined!
Warning 668: Skip to add timing info as it is already defined!
Warning 669: Skip to add timing info as it is already defined!
Warning 670: Skip to add timing info as it is already defined!
Warning 671: Skip to add timing info as it is already defined!
Warning 672: Skip to add timing info as it is already defined!
Warning 673: Skip to add timing info as it is already defined!
Warning 674: Skip to add timing info as it is already defined!
Warning 675: Skip to add timing info as it is already defined!
Warning 676: Skip to add timing info as it is already defined!
Warning 677: Skip to add timing info as it is already defined!
Warning 678: Skip to add timing info as it is already defined!
Warning 679: Skip to add timing info as it is already defined!
Warning 680: Skip to add timing info as it is already defined!
Warning 681: Skip to add timing info as it is already defined!
Warning 682: Skip to add timing info as it is already defined!
Warning 683: Skip to add timing info as it is already defined!
Warning 684: Skip to add timing info as it is already defined!
Warning 685: Skip to add timing info as it is already defined!
Warning 686: Skip to add timing info as it is already defined!
Warning 687: Skip to add timing info as it is already defined!
Warning 688: Skip to add timing info as it is already defined!
Warning 689: Skip to add timing info as it is already defined!
Warning 690: Skip to add timing info as it is already defined!
Warning 691: Skip to add timing info as it is already defined!
Warning 692: Skip to add timing info as it is already defined!
Warning 693: Skip to add timing info as it is already defined!
Warning 694: Skip to add timing info as it is already defined!
Warning 695: Skip to add timing info as it is already defined!
Warning 696: Skip to add timing info as it is already defined!
Warning 697: Skip to add timing info as it is already defined!
Warning 698: Skip to add timing info as it is already defined!
Warning 699: Skip to add timing info as it is already defined!
Warning 700: Skip to add timing info as it is already defined!
Warning 701: Skip to add timing info as it is already defined!
Warning 702: Skip to add timing info as it is already defined!
Warning 703: Skip to add timing info as it is already defined!
Warning 704: Skip to add timing info as it is already defined!
Warning 705: Skip to add timing info as it is already defined!
Warning 706: Skip to add timing info as it is already defined!
Warning 707: Skip to add timing info as it is already defined!
Warning 708: Skip to add timing info as it is already defined!
Warning 709: Skip to add timing info as it is already defined!
Warning 710: Skip to add timing info as it is already defined!
Warning 711: Skip to add timing info as it is already defined!
Warning 712: Skip to add timing info as it is already defined!
Warning 713: Skip to add timing info as it is already defined!
Warning 714: Skip to add timing info as it is already defined!
Warning 715: Skip to add timing info as it is already defined!
Warning 716: Skip to add timing info as it is already defined!
Warning 717: Skip to add timing info as it is already defined!
Warning 718: Skip to add timing info as it is already defined!
Warning 719: Skip to add timing info as it is already defined!
Warning 720: Skip to add timing info as it is already defined!
Warning 721: Skip to add timing info as it is already defined!
Warning 722: Skip to add timing info as it is already defined!
Warning 723: Skip to add timing info as it is already defined!
Warning 724: Skip to add timing info as it is already defined!
Warning 725: Skip to add timing info as it is already defined!
Warning 726: Skip to add timing info as it is already defined!
Warning 727: Skip to add timing info as it is already defined!
Warning 728: Skip to add timing info as it is already defined!
Warning 729: Skip to add timing info as it is already defined!
Warning 730: Skip to add timing info as it is already defined!
Warning 731: Skip to add timing info as it is already defined!
Warning 732: Skip to add timing info as it is already defined!
Warning 733: Skip to add timing info as it is already defined!
Warning 734: Skip to add timing info as it is already defined!
Warning 735: Skip to add timing info as it is already defined!
Warning 736: Skip to add timing info as it is already defined!
Warning 737: Skip to add timing info as it is already defined!
Warning 738: Skip to add timing info as it is already defined!
Warning 739: Skip to add timing info as it is already defined!
Warning 740: Skip to add timing info as it is already defined!
Warning 741: Skip to add timing info as it is already defined!
Warning 742: Skip to add timing info as it is already defined!
Warning 743: Skip to add timing info as it is already defined!
Warning 744: Skip to add timing info as it is already defined!
Warning 745: Skip to add timing info as it is already defined!
Warning 746: Skip to add timing info as it is already defined!
Warning 747: Skip to add timing info as it is already defined!
Warning 748: Skip to add timing info as it is already defined!
Warning 749: Skip to add timing info as it is already defined!
Warning 750: Skip to add timing info as it is already defined!
Warning 751: Skip to add timing info as it is already defined!
Warning 752: Skip to add timing info as it is already defined!
Warning 753: Skip to add timing info as it is already defined!
Warning 754: Skip to add timing info as it is already defined!
Warning 755: Skip to add timing info as it is already defined!
Warning 756: Skip to add timing info as it is already defined!
Warning 757: Skip to add timing info as it is already defined!
Warning 758: Skip to add timing info as it is already defined!
Warning 759: Skip to add timing info as it is already defined!
Warning 760: Skip to add timing info as it is already defined!
Warning 761: Skip to add timing info as it is already defined!
Warning 762: Skip to add timing info as it is already defined!
Warning 763: Skip to add timing info as it is already defined!
Warning 764: Skip to add timing info as it is already defined!
Warning 765: Skip to add timing info as it is already defined!
Warning 766: Skip to add timing info as it is already defined!
Warning 767: Skip to add timing info as it is already defined!
Warning 768: Skip to add timing info as it is already defined!
Warning 769: Skip to add timing info as it is already defined!
Warning 770: Skip to add timing info as it is already defined!
Warning 771: Skip to add timing info as it is already defined!
Warning 772: Skip to add timing info as it is already defined!
Warning 773: Skip to add timing info as it is already defined!
Warning 774: Skip to add timing info as it is already defined!
Warning 775: Skip to add timing info as it is already defined!
Warning 776: Skip to add timing info as it is already defined!
Warning 777: Skip to add timing info as it is already defined!
Warning 778: Skip to add timing info as it is already defined!
Warning 779: Skip to add timing info as it is already defined!
Warning 780: Skip to add timing info as it is already defined!
Warning 781: Skip to add timing info as it is already defined!
Warning 782: Skip to add timing info as it is already defined!
Warning 783: Skip to add timing info as it is already defined!
Warning 784: Skip to add timing info as it is already defined!
Warning 785: Skip to add timing info as it is already defined!
Warning 786: Skip to add timing info as it is already defined!
Warning 787: Skip to add timing info as it is already defined!
Warning 788: Skip to add timing info as it is already defined!
Warning 789: Skip to add timing info as it is already defined!
Warning 790: Skip to add timing info as it is already defined!
Warning 791: Skip to add timing info as it is already defined!
Warning 792: Skip to add timing info as it is already defined!
Warning 793: Skip to add timing info as it is already defined!
Warning 794: Skip to add timing info as it is already defined!
Warning 795: Skip to add timing info as it is already defined!
Warning 796: Skip to add timing info as it is already defined!
Warning 797: Skip to add timing info as it is already defined!
Warning 798: Skip to add timing info as it is already defined!
Warning 799: Skip to add timing info as it is already defined!
Warning 800: Skip to add timing info as it is already defined!
Warning 801: Skip to add timing info as it is already defined!
Warning 802: Skip to add timing info as it is already defined!
Warning 803: Skip to add timing info as it is already defined!
Warning 804: Skip to add timing info as it is already defined!
Warning 805: Skip to add timing info as it is already defined!
Warning 806: Skip to add timing info as it is already defined!
Warning 807: Skip to add timing info as it is already defined!
Warning 808: Skip to add timing info as it is already defined!
Warning 809: Skip to add timing info as it is already defined!
Warning 810: Skip to add timing info as it is already defined!
Warning 811: Skip to add timing info as it is already defined!
Warning 812: Skip to add timing info as it is already defined!
Warning 813: Skip to add timing info as it is already defined!
Warning 814: Skip to add timing info as it is already defined!
Warning 815: Skip to add timing info as it is already defined!
Warning 816: Skip to add timing info as it is already defined!
Warning 817: Skip to add timing info as it is already defined!
Warning 818: Skip to add timing info as it is already defined!
Warning 819: Skip to add timing info as it is already defined!
Warning 820: Skip to add timing info as it is already defined!
Warning 821: Skip to add timing info as it is already defined!
Warning 822: Skip to add timing info as it is already defined!
Warning 823: Skip to add timing info as it is already defined!
Warning 824: Skip to add timing info as it is already defined!
Warning 825: Skip to add timing info as it is already defined!
Warning 826: Skip to add timing info as it is already defined!
Warning 827: Skip to add timing info as it is already defined!
Warning 828: Skip to add timing info as it is already defined!
Warning 829: Skip to add timing info as it is already defined!
Warning 830: Skip to add timing info as it is already defined!
Warning 831: Skip to add timing info as it is already defined!
Warning 832: Skip to add timing info as it is already defined!
Done
Assemble top-level pb_type 'ckbuf'
Done
Assemble top-level pb_type 'io_po'
Assemble physical mode for PO 'io_po'...
Done
Assemble operating mode for PO 'io_po'...
Adding intermediate pb_type 'v_io_scffo'
Binding pb_type 'v_io_scffo_latch' (tag: 'v_io_scffo') to its physical 'p_io_scffo_p_io_scffo'
Done
Binding pb_type 'p_io_scffo_dff' (tag: 'v_io_scffo') to its physical 'p_io_scffo_p_io_scffo'
Done
Binding pb_type 'p_io_scffo_sdffrn' (tag: 'v_io_scffo') to its physical 'p_io_scffo_p_io_scffo'
Done
Binding pb_type 'p_io_scffo_sdffr' (tag: 'v_io_scffo') to its physical 'p_io_scffo_p_io_scffo'
Done
Binding pb_type 'p_io_scffo_dffrn' (tag: 'v_io_scffo') to its physical 'p_io_scffo_p_io_scffo'
Done
Binding pb_type 'p_io_scffo_dffr' (tag: 'v_io_scffo') to its physical 'p_io_scffo_p_io_scffo'
Done
Binding pb_type 'p_io_scffo_sdffsn' (tag: 'v_io_scffo') to its physical 'p_io_scffo_p_io_scffo'
Done
Binding pb_type 'p_io_scffo_sdffs' (tag: 'v_io_scffo') to its physical 'p_io_scffo_p_io_scffo'
Done
Binding pb_type 'p_io_scffo_dffsn' (tag: 'v_io_scffo') to its physical 'p_io_scffo_p_io_scffo'
Done
Binding pb_type 'p_io_scffo_dffs' (tag: 'v_io_scffo') to its physical 'p_io_scffo_p_io_scffo'
Done
Binding pb_type 'p_io_scffo_dffn' (tag: 'v_io_scffo') to its physical 'p_io_scffo_p_io_scffo'
Done
Binding pb_type 'p_io_scffo_sdffnrn' (tag: 'v_io_scffo') to its physical 'p_io_scffo_p_io_scffo'
Done
Binding pb_type 'p_io_scffo_sdffnr' (tag: 'v_io_scffo') to its physical 'p_io_scffo_p_io_scffo'
Done
Binding pb_type 'p_io_scffo_dffnrn' (tag: 'v_io_scffo') to its physical 'p_io_scffo_p_io_scffo'
Done
Binding pb_type 'p_io_scffo_dffnr' (tag: 'v_io_scffo') to its physical 'p_io_scffo_p_io_scffo'
Done
Binding pb_type 'p_io_scffo_sdffnsn' (tag: 'v_io_scffo') to its physical 'p_io_scffo_p_io_scffo'
Done
Binding pb_type 'p_io_scffo_sdffns' (tag: 'v_io_scffo') to its physical 'p_io_scffo_p_io_scffo'
Done
Binding pb_type 'p_io_scffo_dffnsn' (tag: 'v_io_scffo') to its physical 'p_io_scffo_p_io_scffo'
Done
Binding pb_type 'p_io_scffo_dffns' (tag: 'v_io_scffo') to its physical 'p_io_scffo_p_io_scffo'
Done
Binding pb_type 'p_io_scffo_dffnrn_dffrn' (tag: 'v_io_scffo') to its physical 'p_io_scffo_p_io_scffo'
Done
Binding pb_type 'p_io_scffo_dffrn_dffnrn' (tag: 'v_io_scffo') to its physical 'p_io_scffo_p_io_scffo'
Done
Done
Done
Done
Assemble top-level pb_type 'io_po_cko'
Assemble physical mode for PO 'io_po_cko'...
Done
Assemble operating mode for PO 'io_po_cko'...
Adding intermediate pb_type 'v_io_cko_scffo'
Binding pb_type 'v_io_cko_scffo_latch' (tag: 'v_io_cko_scffo') to its physical 'p_io_cko_scffo_p_io_cko_scffo'
Done
Binding pb_type 'p_io_cko_scffo_dff' (tag: 'v_io_cko_scffo') to its physical 'p_io_cko_scffo_p_io_cko_scffo'
Done
Binding pb_type 'p_io_cko_scffo_sdffrn' (tag: 'v_io_cko_scffo') to its physical 'p_io_cko_scffo_p_io_cko_scffo'
Done
Binding pb_type 'p_io_cko_scffo_sdffr' (tag: 'v_io_cko_scffo') to its physical 'p_io_cko_scffo_p_io_cko_scffo'
Done
Binding pb_type 'p_io_cko_scffo_dffrn' (tag: 'v_io_cko_scffo') to its physical 'p_io_cko_scffo_p_io_cko_scffo'
Done
Binding pb_type 'p_io_cko_scffo_dffr' (tag: 'v_io_cko_scffo') to its physical 'p_io_cko_scffo_p_io_cko_scffo'
Done
Binding pb_type 'p_io_cko_scffo_sdffsn' (tag: 'v_io_cko_scffo') to its physical 'p_io_cko_scffo_p_io_cko_scffo'
Done
Binding pb_type 'p_io_cko_scffo_sdffs' (tag: 'v_io_cko_scffo') to its physical 'p_io_cko_scffo_p_io_cko_scffo'
Done
Binding pb_type 'p_io_cko_scffo_dffsn' (tag: 'v_io_cko_scffo') to its physical 'p_io_cko_scffo_p_io_cko_scffo'
Done
Binding pb_type 'p_io_cko_scffo_dffs' (tag: 'v_io_cko_scffo') to its physical 'p_io_cko_scffo_p_io_cko_scffo'
Done
Binding pb_type 'p_io_cko_scffo_dffn' (tag: 'v_io_cko_scffo') to its physical 'p_io_cko_scffo_p_io_cko_scffo'
Done
Binding pb_type 'p_io_cko_scffo_sdffnrn' (tag: 'v_io_cko_scffo') to its physical 'p_io_cko_scffo_p_io_cko_scffo'
Done
Binding pb_type 'p_io_cko_scffo_sdffnr' (tag: 'v_io_cko_scffo') to its physical 'p_io_cko_scffo_p_io_cko_scffo'
Done
Binding pb_type 'p_io_cko_scffo_dffnrn' (tag: 'v_io_cko_scffo') to its physical 'p_io_cko_scffo_p_io_cko_scffo'
Done
Binding pb_type 'p_io_cko_scffo_dffnr' (tag: 'v_io_cko_scffo') to its physical 'p_io_cko_scffo_p_io_cko_scffo'
Done
Binding pb_type 'p_io_cko_scffo_sdffnsn' (tag: 'v_io_cko_scffo') to its physical 'p_io_cko_scffo_p_io_cko_scffo'
Done
Binding pb_type 'p_io_cko_scffo_sdffns' (tag: 'v_io_cko_scffo') to its physical 'p_io_cko_scffo_p_io_cko_scffo'
Done
Binding pb_type 'p_io_cko_scffo_dffnsn' (tag: 'v_io_cko_scffo') to its physical 'p_io_cko_scffo_p_io_cko_scffo'
Done
Binding pb_type 'p_io_cko_scffo_dffns' (tag: 'v_io_cko_scffo') to its physical 'p_io_cko_scffo_p_io_cko_scffo'
Done
Binding pb_type 'p_io_cko_scffo_dffnrn_dffrn' (tag: 'v_io_cko_scffo') to its physical 'p_io_cko_scffo_p_io_cko_scffo'
Done
Binding pb_type 'p_io_cko_scffo_dffrn_dffnrn' (tag: 'v_io_cko_scffo') to its physical 'p_io_cko_scffo_p_io_cko_scffo'
Done
Done
Done
Done
Assemble top-level pb_type 'io_pi'
Assemble physical mode for PO 'io_pi'...
Done
Assemble operating mode for PO 'io_pi'...
Adding intermediate pb_type 'v_io_scffi'
Binding pb_type 'v_io_scffi_latch' (tag: 'v_io_scffi') to its physical 'p_io_scffi_p_io_scffi'
Done
Binding pb_type 'p_io_scffi_dff' (tag: 'v_io_scffi') to its physical 'p_io_scffi_p_io_scffi'
Done
Binding pb_type 'p_io_scffi_sdffrn' (tag: 'v_io_scffi') to its physical 'p_io_scffi_p_io_scffi'
Done
Binding pb_type 'p_io_scffi_sdffr' (tag: 'v_io_scffi') to its physical 'p_io_scffi_p_io_scffi'
Done
Binding pb_type 'p_io_scffi_dffrn' (tag: 'v_io_scffi') to its physical 'p_io_scffi_p_io_scffi'
Done
Binding pb_type 'p_io_scffi_dffr' (tag: 'v_io_scffi') to its physical 'p_io_scffi_p_io_scffi'
Done
Binding pb_type 'p_io_scffi_sdffsn' (tag: 'v_io_scffi') to its physical 'p_io_scffi_p_io_scffi'
Done
Binding pb_type 'p_io_scffi_sdffs' (tag: 'v_io_scffi') to its physical 'p_io_scffi_p_io_scffi'
Done
Binding pb_type 'p_io_scffi_dffsn' (tag: 'v_io_scffi') to its physical 'p_io_scffi_p_io_scffi'
Done
Binding pb_type 'p_io_scffi_dffs' (tag: 'v_io_scffi') to its physical 'p_io_scffi_p_io_scffi'
Done
Binding pb_type 'p_io_scffi_dffn' (tag: 'v_io_scffi') to its physical 'p_io_scffi_p_io_scffi'
Done
Binding pb_type 'p_io_scffi_sdffnrn' (tag: 'v_io_scffi') to its physical 'p_io_scffi_p_io_scffi'
Done
Binding pb_type 'p_io_scffi_sdffnr' (tag: 'v_io_scffi') to its physical 'p_io_scffi_p_io_scffi'
Done
Binding pb_type 'p_io_scffi_dffnrn' (tag: 'v_io_scffi') to its physical 'p_io_scffi_p_io_scffi'
Done
Binding pb_type 'p_io_scffi_dffnr' (tag: 'v_io_scffi') to its physical 'p_io_scffi_p_io_scffi'
Done
Binding pb_type 'p_io_scffi_sdffnsn' (tag: 'v_io_scffi') to its physical 'p_io_scffi_p_io_scffi'
Done
Binding pb_type 'p_io_scffi_sdffns' (tag: 'v_io_scffi') to its physical 'p_io_scffi_p_io_scffi'
Done
Binding pb_type 'p_io_scffi_dffnsn' (tag: 'v_io_scffi') to its physical 'p_io_scffi_p_io_scffi'
Done
Binding pb_type 'p_io_scffi_dffns' (tag: 'v_io_scffi') to its physical 'p_io_scffi_p_io_scffi'
Done
Binding pb_type 'p_io_scffi_dffnr_dffr' (tag: 'v_io_scffi') to its physical 'p_io_scffi_p_io_scffi'
Done
Binding pb_type 'p_io_scffi_dffr_dffnr' (tag: 'v_io_scffi') to its physical 'p_io_scffi_p_io_scffi'
Done
Done
Done
Assemble top-level pb_type 'io_pi_pdc_ecb1'
Assemble physical mode for PO 'io_pi_pdc_ecb1'...
Done
Assemble operating mode for PO 'io_pi_pdc_ecb1'...
Adding intermediate pb_type 'v_io_pdc_ecb1_scffi'
Binding pb_type 'v_io_pdc_ecb1_scffi_latch' (tag: 'v_io_pdc_ecb1_scffi') to its physical 'p_io_pdc_ecb1_scffi_p_io_pdc_ecb1_scffi'
Done
Binding pb_type 'p_io_pdc_ecb1_scffi_dff' (tag: 'v_io_pdc_ecb1_scffi') to its physical 'p_io_pdc_ecb1_scffi_p_io_pdc_ecb1_scffi'
Done
Binding pb_type 'p_io_pdc_ecb1_scffi_sdffrn' (tag: 'v_io_pdc_ecb1_scffi') to its physical 'p_io_pdc_ecb1_scffi_p_io_pdc_ecb1_scffi'
Done
Binding pb_type 'p_io_pdc_ecb1_scffi_sdffr' (tag: 'v_io_pdc_ecb1_scffi') to its physical 'p_io_pdc_ecb1_scffi_p_io_pdc_ecb1_scffi'
Done
Binding pb_type 'p_io_pdc_ecb1_scffi_dffrn' (tag: 'v_io_pdc_ecb1_scffi') to its physical 'p_io_pdc_ecb1_scffi_p_io_pdc_ecb1_scffi'
Done
Binding pb_type 'p_io_pdc_ecb1_scffi_dffr' (tag: 'v_io_pdc_ecb1_scffi') to its physical 'p_io_pdc_ecb1_scffi_p_io_pdc_ecb1_scffi'
Done
Binding pb_type 'p_io_pdc_ecb1_scffi_sdffsn' (tag: 'v_io_pdc_ecb1_scffi') to its physical 'p_io_pdc_ecb1_scffi_p_io_pdc_ecb1_scffi'
Done
Binding pb_type 'p_io_pdc_ecb1_scffi_sdffs' (tag: 'v_io_pdc_ecb1_scffi') to its physical 'p_io_pdc_ecb1_scffi_p_io_pdc_ecb1_scffi'
Done
Binding pb_type 'p_io_pdc_ecb1_scffi_dffsn' (tag: 'v_io_pdc_ecb1_scffi') to its physical 'p_io_pdc_ecb1_scffi_p_io_pdc_ecb1_scffi'
Done
Binding pb_type 'p_io_pdc_ecb1_scffi_dffs' (tag: 'v_io_pdc_ecb1_scffi') to its physical 'p_io_pdc_ecb1_scffi_p_io_pdc_ecb1_scffi'
Done
Binding pb_type 'p_io_pdc_ecb1_scffi_dffn' (tag: 'v_io_pdc_ecb1_scffi') to its physical 'p_io_pdc_ecb1_scffi_p_io_pdc_ecb1_scffi'
Done
Binding pb_type 'p_io_pdc_ecb1_scffi_sdffnrn' (tag: 'v_io_pdc_ecb1_scffi') to its physical 'p_io_pdc_ecb1_scffi_p_io_pdc_ecb1_scffi'
Done
Binding pb_type 'p_io_pdc_ecb1_scffi_sdffnr' (tag: 'v_io_pdc_ecb1_scffi') to its physical 'p_io_pdc_ecb1_scffi_p_io_pdc_ecb1_scffi'
Done
Binding pb_type 'p_io_pdc_ecb1_scffi_dffnrn' (tag: 'v_io_pdc_ecb1_scffi') to its physical 'p_io_pdc_ecb1_scffi_p_io_pdc_ecb1_scffi'
Done
Binding pb_type 'p_io_pdc_ecb1_scffi_dffnr' (tag: 'v_io_pdc_ecb1_scffi') to its physical 'p_io_pdc_ecb1_scffi_p_io_pdc_ecb1_scffi'
Done
Binding pb_type 'p_io_pdc_ecb1_scffi_sdffnsn' (tag: 'v_io_pdc_ecb1_scffi') to its physical 'p_io_pdc_ecb1_scffi_p_io_pdc_ecb1_scffi'
Done
Binding pb_type 'p_io_pdc_ecb1_scffi_sdffns' (tag: 'v_io_pdc_ecb1_scffi') to its physical 'p_io_pdc_ecb1_scffi_p_io_pdc_ecb1_scffi'
Done
Binding pb_type 'p_io_pdc_ecb1_scffi_dffnsn' (tag: 'v_io_pdc_ecb1_scffi') to its physical 'p_io_pdc_ecb1_scffi_p_io_pdc_ecb1_scffi'
Done
Binding pb_type 'p_io_pdc_ecb1_scffi_dffns' (tag: 'v_io_pdc_ecb1_scffi') to its physical 'p_io_pdc_ecb1_scffi_p_io_pdc_ecb1_scffi'
Done
Binding pb_type 'p_io_pdc_ecb1_scffi_dffnr_dffr' (tag: 'v_io_pdc_ecb1_scffi') to its physical 'p_io_pdc_ecb1_scffi_p_io_pdc_ecb1_scffi'
Done
Binding pb_type 'p_io_pdc_ecb1_scffi_dffr_dffnr' (tag: 'v_io_pdc_ecb1_scffi') to its physical 'p_io_pdc_ecb1_scffi_p_io_pdc_ecb1_scffi'
Done
Done
Done
Done
Assemble top-level pb_type 'clb'
Adding intermediate pb_type 'frac_logic'
Done
Adding intermediate pb_type 'ble4'
Adding intermediate pb_type 'v_ble4_ff'
Binding pb_type 'v_ble4_ff_latch' (tag: 'v_ble4_ff') to its physical 'p_ff_p_ff'
Done
Binding pb_type 'v_ble4_ff_dff' (tag: 'v_ble4_ff') to its physical 'p_ff_p_ff'
Done
Binding pb_type 'v_ble4_ff_sdffrn' (tag: 'v_ble4_ff') to its physical 'p_ff_p_ff'
Done
Binding pb_type 'v_ble4_ff_sdffr' (tag: 'v_ble4_ff') to its physical 'p_ff_p_ff'
Done
Binding pb_type 'v_ble4_ff_dffrn' (tag: 'v_ble4_ff') to its physical 'p_ff_p_ff'
Done
Binding pb_type 'v_ble4_ff_dffr' (tag: 'v_ble4_ff') to its physical 'p_ff_p_ff'
Done
Binding pb_type 'v_ble4_ff_sdffsn' (tag: 'v_ble4_ff') to its physical 'p_ff_p_ff'
Done
Binding pb_type 'v_ble4_ff_sdffs' (tag: 'v_ble4_ff') to its physical 'p_ff_p_ff'
Done
Binding pb_type 'v_ble4_ff_dffsn' (tag: 'v_ble4_ff') to its physical 'p_ff_p_ff'
Done
Binding pb_type 'v_ble4_ff_dffs' (tag: 'v_ble4_ff') to its physical 'p_ff_p_ff'
Done
Binding pb_type 'v_ble4_ff_dffn' (tag: 'v_ble4_ff') to its physical 'p_ff_p_ff'
Done
Binding pb_type 'v_ble4_ff_sdffnrn' (tag: 'v_ble4_ff') to its physical 'p_ff_p_ff'
Done
Binding pb_type 'v_ble4_ff_sdffnr' (tag: 'v_ble4_ff') to its physical 'p_ff_p_ff'
Done
Binding pb_type 'v_ble4_ff_dffnrn' (tag: 'v_ble4_ff') to its physical 'p_ff_p_ff'
Done
Binding pb_type 'v_ble4_ff_dffnr' (tag: 'v_ble4_ff') to its physical 'p_ff_p_ff'
Done
Binding pb_type 'v_ble4_ff_sdffnsn' (tag: 'v_ble4_ff') to its physical 'p_ff_p_ff'
Done
Binding pb_type 'v_ble4_ff_sdffns' (tag: 'v_ble4_ff') to its physical 'p_ff_p_ff'
Done
Binding pb_type 'v_ble4_ff_dffnsn' (tag: 'v_ble4_ff') to its physical 'p_ff_p_ff'
Done
Binding pb_type 'v_ble4_ff_dffns' (tag: 'v_ble4_ff') to its physical 'p_ff_p_ff'
Done
Done
Done
Adding intermediate pb_type 'lut4inter'
Done
Adding intermediate pb_type 'ble5'
Adding intermediate pb_type 'v_ble5_ff'
Binding pb_type 'v_ble5_ff_latch' (tag: 'v_ble5_ff') to its physical 'p_ff_p_ff'
Done
Binding pb_type 'v_ble5_ff_dff' (tag: 'v_ble5_ff') to its physical 'p_ff_p_ff'
Done
Binding pb_type 'v_ble5_ff_sdffrn' (tag: 'v_ble5_ff') to its physical 'p_ff_p_ff'
Done
Binding pb_type 'v_ble5_ff_sdffr' (tag: 'v_ble5_ff') to its physical 'p_ff_p_ff'
Done
Binding pb_type 'v_ble5_ff_dffrn' (tag: 'v_ble5_ff') to its physical 'p_ff_p_ff'
Done
Binding pb_type 'v_ble5_ff_dffr' (tag: 'v_ble5_ff') to its physical 'p_ff_p_ff'
Done
Binding pb_type 'v_ble5_ff_sdffsn' (tag: 'v_ble5_ff') to its physical 'p_ff_p_ff'
Done
Binding pb_type 'v_ble5_ff_sdffs' (tag: 'v_ble5_ff') to its physical 'p_ff_p_ff'
Done
Binding pb_type 'v_ble5_ff_dffsn' (tag: 'v_ble5_ff') to its physical 'p_ff_p_ff'
Done
Binding pb_type 'v_ble5_ff_dffs' (tag: 'v_ble5_ff') to its physical 'p_ff_p_ff'
Done
Binding pb_type 'v_ble5_ff_dffn' (tag: 'v_ble5_ff') to its physical 'p_ff_p_ff'
Done
Binding pb_type 'v_ble5_ff_sdffnrn' (tag: 'v_ble5_ff') to its physical 'p_ff_p_ff'
Done
Binding pb_type 'v_ble5_ff_sdffnr' (tag: 'v_ble5_ff') to its physical 'p_ff_p_ff'
Done
Binding pb_type 'v_ble5_ff_dffnrn' (tag: 'v_ble5_ff') to its physical 'p_ff_p_ff'
Done
Binding pb_type 'v_ble5_ff_dffnr' (tag: 'v_ble5_ff') to its physical 'p_ff_p_ff'
Done
Binding pb_type 'v_ble5_ff_sdffnsn' (tag: 'v_ble5_ff') to its physical 'p_ff_p_ff'
Done
Binding pb_type 'v_ble5_ff_sdffns' (tag: 'v_ble5_ff') to its physical 'p_ff_p_ff'
Done
Binding pb_type 'v_ble5_ff_dffnsn' (tag: 'v_ble5_ff') to its physical 'p_ff_p_ff'
Done
Binding pb_type 'v_ble5_ff_dffns' (tag: 'v_ble5_ff') to its physical 'p_ff_p_ff'
Done
Done
Done
Adding intermediate pb_type 'ale'
Adding intermediate pb_type 'v_ale_ff'
Binding pb_type 'v_ale_ff_latch' (tag: 'v_ale_ff') to its physical 'p_ff_p_ff'
Done
Binding pb_type 'v_ale_ff_dff' (tag: 'v_ale_ff') to its physical 'p_ff_p_ff'
Done
Binding pb_type 'v_ale_ff_sdffrn' (tag: 'v_ale_ff') to its physical 'p_ff_p_ff'
Done
Binding pb_type 'v_ale_ff_sdffr' (tag: 'v_ale_ff') to its physical 'p_ff_p_ff'
Done
Binding pb_type 'v_ale_ff_dffrn' (tag: 'v_ale_ff') to its physical 'p_ff_p_ff'
Done
Binding pb_type 'v_ale_ff_dffr' (tag: 'v_ale_ff') to its physical 'p_ff_p_ff'
Done
Binding pb_type 'v_ale_ff_sdffsn' (tag: 'v_ale_ff') to its physical 'p_ff_p_ff'
Done
Binding pb_type 'v_ale_ff_sdffs' (tag: 'v_ale_ff') to its physical 'p_ff_p_ff'
Done
Binding pb_type 'v_ale_ff_dffsn' (tag: 'v_ale_ff') to its physical 'p_ff_p_ff'
Done
Binding pb_type 'v_ale_ff_dffs' (tag: 'v_ale_ff') to its physical 'p_ff_p_ff'
Done
Binding pb_type 'v_ale_ff_dffn' (tag: 'v_ale_ff') to its physical 'p_ff_p_ff'
Done
Binding pb_type 'v_ale_ff_sdffnrn' (tag: 'v_ale_ff') to its physical 'p_ff_p_ff'
Done
Binding pb_type 'v_ale_ff_sdffnr' (tag: 'v_ale_ff') to its physical 'p_ff_p_ff'
Done
Binding pb_type 'v_ale_ff_dffnrn' (tag: 'v_ale_ff') to its physical 'p_ff_p_ff'
Done
Binding pb_type 'v_ale_ff_dffnr' (tag: 'v_ale_ff') to its physical 'p_ff_p_ff'
Done
Binding pb_type 'v_ale_ff_sdffnsn' (tag: 'v_ale_ff') to its physical 'p_ff_p_ff'
Done
Binding pb_type 'v_ale_ff_sdffns' (tag: 'v_ale_ff') to its physical 'p_ff_p_ff'
Done
Binding pb_type 'v_ale_ff_dffnsn' (tag: 'v_ale_ff') to its physical 'p_ff_p_ff'
Done
Binding pb_type 'v_ale_ff_dffns' (tag: 'v_ale_ff') to its physical 'p_ff_p_ff'
Done
Done
Done
Done
Assemble top-level pb_type 'pcnt'
Assemble physical mode for pb_type 'pcnt'...
Done
Assemble operating mode for pb_type 'pcnt'...
Done
Done
Write VPR arch template to an XML file: /home/yhjiang/Desktop/test_project/to_Mickey/20250911/0.9.841/alkaid_exto/alkaid_ex_arch/iter0/arch/dp/vpr_arch.xml.
Write vpr arch template to file: /home/yhjiang/Desktop/test_project/to_Mickey/20250911/0.9.841/alkaid_exto/alkaid_ex_arch/iter0/arch/dp/vpr_arch.xml
Write vpr arch template to file: /home/yhjiang/Desktop/test_project/to_Mickey/20250911/0.9.841/alkaid_exto/alkaid_ex_arch/iter0/arch/dp/vpr_arch.xml took 0.05 seconds (max_rss 14.1 MiB, delta_rss +1.3 MiB)
Write OpenFPGA arch template to an XML file: /home/yhjiang/Desktop/test_project/to_Mickey/20250911/0.9.841/alkaid_exto/alkaid_ex_arch/iter0/arch/dp/openfpga_arch.xml.
Write openfpga arch template to file: /home/yhjiang/Desktop/test_project/to_Mickey/20250911/0.9.841/alkaid_exto/alkaid_ex_arch/iter0/arch/dp/openfpga_arch.xml
Write openfpga arch template to file: /home/yhjiang/Desktop/test_project/to_Mickey/20250911/0.9.841/alkaid_exto/alkaid_ex_arch/iter0/arch/dp/openfpga_arch.xml took 0.01 seconds (max_rss 14.1 MiB, delta_rss +0.0 MiB)
Write OpenFPGA global network for dp fabric to an XML file: /home/yhjiang/Desktop/test_project/to_Mickey/20250911/0.9.841/alkaid_exto/alkaid_ex_arch/iter0/arch/dp/openfpga_global_network.xml.
Write openfpga global network to file: /home/yhjiang/Desktop/test_project/to_Mickey/20250911/0.9.841/alkaid_exto/alkaid_ex_arch/iter0/arch/dp/openfpga_global_network.xml
Height: 6, Width: 4 when building clock network
# Write Clock Network
# Write Clock Network took 0.02 seconds (max_rss 14.4 MiB, delta_rss +0.3 MiB)
Write openfpga global network to file: /home/yhjiang/Desktop/test_project/to_Mickey/20250911/0.9.841/alkaid_exto/alkaid_ex_arch/iter0/arch/dp/openfpga_global_network.xml took 0.04 seconds (max_rss 14.4 MiB, delta_rss +0.3 MiB)
Write OpenFPGA global network for ultimate fabric to an XML file: /home/yhjiang/Desktop/test_project/to_Mickey/20250911/0.9.841/alkaid_exto/alkaid_ex_arch/iter0/arch/ultimate/openfpga_global_network.xml.
Write openfpga global network to file: /home/yhjiang/Desktop/test_project/to_Mickey/20250911/0.9.841/alkaid_exto/alkaid_ex_arch/iter0/arch/ultimate/openfpga_global_network.xml
Height: 6, Width: 4 when building clock network
# Write Clock Network
# Write Clock Network took 0.02 seconds (max_rss 14.4 MiB, delta_rss +0.0 MiB)
Write openfpga global network to file: /home/yhjiang/Desktop/test_project/to_Mickey/20250911/0.9.841/alkaid_exto/alkaid_ex_arch/iter0/arch/ultimate/openfpga_global_network.xml took 0.04 seconds (max_rss 14.4 MiB, delta_rss +0.0 MiB)
Write OpenFPGA bitstream settings to an XML file: /rapidsilicon/data/ArkAngel_Engineering_v0.9.841/bin/..//etc/device/ALKDC/openfpga_settings/bitstream_settings.xml.
Write openfpga bitstream settings to file: /rapidsilicon/data/ArkAngel_Engineering_v0.9.841/bin/..//etc/device/ALKDC/openfpga_settings/bitstream_settings.xml
Write openfpga bitstream settings to file: /rapidsilicon/data/ArkAngel_Engineering_v0.9.841/bin/..//etc/device/ALKDC/openfpga_settings/bitstream_settings.xml took 0.03 seconds (max_rss 14.4 MiB, delta_rss +0.0 MiB)
Write ckbuf location map for dp fabric to an XML file: /home/yhjiang/Desktop/test_project/to_Mickey/20250911/0.9.841/alkaid_exto/alkaid_ex_arch/iter0/arch/dp/ckbuf_loc_map.xml.
Write ckbuf location map to file: /home/yhjiang/Desktop/test_project/to_Mickey/20250911/0.9.841/alkaid_exto/alkaid_ex_arch/iter0/arch/dp/ckbuf_loc_map.xml
Height: 6, Width: 4 when building ckbuf location map
Write ckbuf location map to file: /home/yhjiang/Desktop/test_project/to_Mickey/20250911/0.9.841/alkaid_exto/alkaid_ex_arch/iter0/arch/dp/ckbuf_loc_map.xml took 0.00 seconds (max_rss 14.4 MiB, delta_rss +0.0 MiB)
Write ckbuf location map for ultimate fabric to an XML file: /home/yhjiang/Desktop/test_project/to_Mickey/20250911/0.9.841/alkaid_exto/alkaid_ex_arch/iter0/arch/ultimate/ckbuf_loc_map.xml.
Write ckbuf location map to file: /home/yhjiang/Desktop/test_project/to_Mickey/20250911/0.9.841/alkaid_exto/alkaid_ex_arch/iter0/arch/ultimate/ckbuf_loc_map.xml
Height: 6, Width: 4 when building ckbuf location map
Write ckbuf location map to file: /home/yhjiang/Desktop/test_project/to_Mickey/20250911/0.9.841/alkaid_exto/alkaid_ex_arch/iter0/arch/ultimate/ckbuf_loc_map.xml took 0.00 seconds (max_rss 14.4 MiB, delta_rss +0.0 MiB)
