#Timing report of worst 3 path(s)
# Unit scale: 1e-09 seconds
# Output precision: 3

#Path 1
Startpoint: d.Q[0] (dff at (2, 0, 0) clocked by clk)
Endpoint  : out:d.outpad[0] (.output at (2, 0, 0) clocked by clk)
Path Type : hold

Point                                                             Incr      Path
--------------------------------------------------------------------------------
clock clk (rise edge)                                            0.000     0.000
clock source latency                                             0.000     0.000
clk.inpad[0] (.input at (2, 0, 0))                               0.000     0.000
| (intra 'io_pi' routing)                                        0.000     0.000
| (inter-block routing:global net)                               0.000     0.000
| (intra 'io_po' routing)                                        0.000     0.000
d.C[0] (dff at (2, 0, 0))                                        0.000     0.000
| (primitive 'dff' Tcq_min)                                      0.096     0.096
d.Q[0] (dff at (2, 0, 0)) [clock-to-output]                      0.000     0.096
| (intra 'io_po' routing)                                        0.526     0.622
out:d.outpad[0] (.output at (2, 0, 0))                           0.000     0.622
data arrival time                                                          0.622

clock clk (rise edge)                                            0.000     0.000
clock source latency                                             0.000     0.000
clock uncertainty                                                0.000     0.000
output external delay                                            0.000     0.000
data required time                                                         0.000
--------------------------------------------------------------------------------
data required time                                                        -0.000
data arrival time                                                          0.622
--------------------------------------------------------------------------------
slack (MET)                                                                0.622


#Path 2
Startpoint: b.inpad[0] (.input at (2, 0, 0) clocked by clk)
Endpoint  : out:c.outpad[0] (.output at (2, 0, 0) clocked by clk)
Path Type : hold

Point                                                             Incr      Path
--------------------------------------------------------------------------------
clock clk (rise edge)                                            0.000     0.000
clock source latency                                             0.000     0.000
input external delay                                             0.000     0.000
b.inpad[0] (.input at (2, 0, 0))                                 0.000     0.000
| (intra 'io_pi' routing)                                        0.000     0.000
| (OPIN:248 side: (TOP,) (2,0,0))                                0.000     0.000
| (CHANX:4042 L2x length:2 (2,0,0 -> (3,0,0))                    1.103     1.103
| (CHANY:5038 L1y length:1 (2,1,0 -> (2,1,0))                    0.907     2.010
| (IPIN:950 side: (RIGHT,) (2,1,0))                              0.693     2.704
| (intra 'clb' routing)                                          0.000     2.704
c.in[0] (.names at (2, 1, 0))                                    0.000     2.704
| (primitive '.names' combinational delay)                       0.607     3.311
c.out[0] (.names at (2, 1, 0))                                   0.000     3.311
| (intra 'clb' routing)                                          0.000     3.311
| (OPIN:851 side: (TOP,) (2,1,0))                                0.000     3.311
| (CHANX:4165 L2x length:2 (2,1,0 -> (1,1,0))                    1.103     4.414
| (CHANY:4837 L1y length:1 (1,1,0 -> (1,1,0))                    0.907     5.321
| (CHANX:4034 L1x length:1 (2,0,0 -> (2,0,0))                    0.907     6.228
| (IPIN:278 side: (TOP,) (2,0,0))                                0.693     6.921
| (intra 'io_po' routing)                                        0.207     7.128
out:c.outpad[0] (.output at (2, 0, 0))                          -0.000     7.128
data arrival time                                                          7.128

clock clk (rise edge)                                            0.000     0.000
clock source latency                                             0.000     0.000
clock uncertainty                                                0.000     0.000
output external delay                                            0.000     0.000
data required time                                                         0.000
--------------------------------------------------------------------------------
data required time                                                        -0.000
data arrival time                                                          7.128
--------------------------------------------------------------------------------
slack (MET)                                                                7.128


#Path 3
Startpoint: b.inpad[0] (.input at (2, 0, 0) clocked by clk)
Endpoint  : d.D[0] (dff at (2, 0, 0) clocked by clk)
Path Type : hold

Point                                                             Incr      Path
--------------------------------------------------------------------------------
clock clk (rise edge)                                            0.000     0.000
clock source latency                                             0.000     0.000
input external delay                                             0.000     0.000
b.inpad[0] (.input at (2, 0, 0))                                 0.000     0.000
| (intra 'io_pi' routing)                                        0.000     0.000
| (OPIN:248 side: (TOP,) (2,0,0))                                0.000     0.000
| (CHANX:4042 L2x length:2 (2,0,0 -> (3,0,0))                    1.103     1.103
| (CHANY:5038 L1y length:1 (2,1,0 -> (2,1,0))                    0.907     2.010
| (IPIN:950 side: (RIGHT,) (2,1,0))                              0.693     2.704
| (intra 'clb' routing)                                          0.000     2.704
c.in[0] (.names at (2, 1, 0))                                    0.000     2.704
| (primitive '.names' combinational delay)                       0.607     3.311
c.out[0] (.names at (2, 1, 0))                                   0.000     3.311
| (intra 'clb' routing)                                          0.000     3.311
| (OPIN:851 side: (TOP,) (2,1,0))                                0.000     3.311
| (CHANX:4187 L1x length:1 (2,1,0 -> (2,1,0))                    0.907     4.217
| (CHANY:4787 L2y length:2 (1,1,0 -> (1,0,0))                    1.103     5.321
| (CHANX:4030 L1x length:1 (2,0,0 -> (2,0,0))                    0.907     6.228
| (IPIN:274 side: (TOP,) (2,0,0))                                0.693     6.921
| (intra 'io_po' routing)                                        0.463     7.384
d.D[0] (dff at (2, 0, 0))                                        0.000     7.384
data arrival time                                                          7.384

clock clk (rise edge)                                            0.000     0.000
clock source latency                                             0.000     0.000
clk.inpad[0] (.input at (2, 0, 0))                               0.000     0.000
| (intra 'io_pi' routing)                                        0.000     0.000
| (inter-block routing:global net)                               0.000     0.000
| (intra 'io_po' routing)                                        0.000     0.000
d.C[0] (dff at (2, 0, 0))                                        0.000     0.000
clock uncertainty                                                0.000     0.000
cell hold time                                                   0.117     0.117
data required time                                                         0.117
--------------------------------------------------------------------------------
data required time                                                        -0.117
data arrival time                                                          7.384
--------------------------------------------------------------------------------
slack (MET)                                                                7.267


#End of timing report
