Information: Updating graph... (UID-83)
 
****************************************
Report : reference
Design : cbx_4_
Version: Q-2019.12-SP4
--removed--
****************************************

Attributes:
    b - black box (unknown)
   bo - allows boundary optimization
    d - dont_touch
   mo - map_only
    h - hierarchical
    n - noncombinational
    r - removable
    s - synthetic operator
   td - set_target_library_subset -dont_use somewhere in design
    u - contains unmapped logic

Reference          Library       Unit Area   Count    Total Area   Attributes
-----------------------------------------------------------------------------
AND2V2_7TR40       scc40ulp_uhdc40_rvt_tt_v1p1_25c_basic     0.744800       2     1.489600
AND3V2_7TR40       scc40ulp_uhdc40_rvt_tt_v1p1_25c_basic     0.931000      15    13.965000
AND3V4_7TR40       scc40ulp_uhdc40_rvt_tt_v1p1_25c_basic     1.117200       1     1.117200
AND4V2_7TR40       scc40ulp_uhdc40_rvt_tt_v1p1_25c_basic     1.117200       4     4.468800
AO1B2V2_7TR40      scc40ulp_uhdc40_rvt_tt_v1p1_25c_basic     1.117200       5     5.586000
AO1B2V4_7TR40      scc40ulp_uhdc40_rvt_tt_v1p1_25c_basic     1.489600       2     2.979200
AO12V2_7TR40       scc40ulp_uhdc40_rvt_tt_v1p1_25c_basic     0.931000       3     2.793000
AOAI211V2_7TR40    scc40ulp_uhdc40_rvt_tt_v1p1_25c_basic     1.117200      34    37.984801
AOAI211V4_7TR40    scc40ulp_uhdc40_rvt_tt_v1p1_25c_basic     1.862000       9    16.758000
AOI21BV2_7TR40     scc40ulp_uhdc40_rvt_tt_v1p1_25c_basic     1.117200       7     7.820400
AOI21V2_7TR40      scc40ulp_uhdc40_rvt_tt_v1p1_25c_basic     0.744800      68    50.646398
AOI21V4_7TR40      scc40ulp_uhdc40_rvt_tt_v1p1_25c_basic     1.303400      15    19.551001
AOI22BBV2_7TR40    scc40ulp_uhdc40_rvt_tt_v1p1_25c_basic     1.303400      16    20.854401
AOI22V2_7TR40      scc40ulp_uhdc40_rvt_tt_v1p1_25c_basic     0.931000      59    54.929000
AOI22V4_7TR40      scc40ulp_uhdc40_rvt_tt_v1p1_25c_basic     1.675800       4     6.703200
AOI31V2_7TR40      scc40ulp_uhdc40_rvt_tt_v1p1_25c_basic     0.931000      17    15.827000
AOI31V4_7TR40      scc40ulp_uhdc40_rvt_tt_v1p1_25c_basic     1.862000       2     3.724000
AOI32V2_7TR40      scc40ulp_uhdc40_rvt_tt_v1p1_25c_basic     1.117200      34    37.984801
AOI211V2_7TR40     scc40ulp_uhdc40_rvt_tt_v1p1_25c_basic     0.931000      10     9.310000
AOI222V2_7TR40     scc40ulp_uhdc40_rvt_tt_v1p1_25c_basic     1.489600       1     1.489600
AOI222V4_7TR40     scc40ulp_uhdc40_rvt_tt_v1p1_25c_basic     2.606800       1     2.606800
BUFV2_7TR40        scc40ulp_uhdc40_rvt_tt_v1p1_25c_basic     0.558600       3     1.675800
BUFV4_7TR40        scc40ulp_uhdc40_rvt_tt_v1p1_25c_basic     0.744800       6     4.468800
BUFV6_7TR40        scc40ulp_uhdc40_rvt_tt_v1p1_25c_basic     0.931000     130   121.029999 td
CLKAND2V2_7TR40    scc40ulp_uhdc40_rvt_tt_v1p1_25c_basic     0.744800      60    44.687998
CLKBUFV4_7TR40     scc40ulp_uhdc40_rvt_tt_v1p1_25c_basic     0.744800      15    11.172000
CLKINV2_7TR40      scc40ulp_uhdc40_rvt_tt_v1p1_25c_basic     0.372400     274   102.037596
CLKINV4_7TR40      scc40ulp_uhdc40_rvt_tt_v1p1_25c_basic     0.558600      19    10.613400
INV2_7TR40         scc40ulp_uhdc40_rvt_tt_v1p1_25c_basic     0.372400      96    35.750399
INV4_7TR40         scc40ulp_uhdc40_rvt_tt_v1p1_25c_basic     0.558600      65    36.309001
MUX2NV2_7TR40      scc40ulp_uhdc40_rvt_tt_v1p1_25c_basic     1.489600      16    23.833599
MUX2V4_7TR40       scc40ulp_uhdc40_rvt_tt_v1p1_25c_basic     1.862000       1     1.862000
NAND2V2_7TR40      scc40ulp_uhdc40_rvt_tt_v1p1_25c_basic     0.558600     256   143.001602
NAND2V4_7TR40      scc40ulp_uhdc40_rvt_tt_v1p1_25c_basic     0.931000      14    13.034000
NAND2XBV2_7TR40    scc40ulp_uhdc40_rvt_tt_v1p1_25c_basic     0.931000      32    29.792000
NAND2XBV4_7TR40    scc40ulp_uhdc40_rvt_tt_v1p1_25c_basic     1.303400       2     2.606800
NAND3BBV2_7TR40    scc40ulp_uhdc40_rvt_tt_v1p1_25c_basic     1.117200       5     5.586000
NAND3CV4_7TR40     scc40ulp_uhdc40_rvt_tt_v1p1_25c_basic     1.489600       4     5.958400
NAND3V2_7TR40      scc40ulp_uhdc40_rvt_tt_v1p1_25c_basic     0.744800      58    43.198398
NAND3XXBV2_7TR40   scc40ulp_uhdc40_rvt_tt_v1p1_25c_basic     1.117200      10    11.172000
NAND3XXBV4_7TR40   scc40ulp_uhdc40_rvt_tt_v1p1_25c_basic     1.862000       2     3.724000
NAND4BBV2_7TR40    scc40ulp_uhdc40_rvt_tt_v1p1_25c_basic     1.303400       1     1.303400
NAND4CV2_7TR40     scc40ulp_uhdc40_rvt_tt_v1p1_25c_basic     0.931000      18    16.758000
NAND4CV4_7TR40     scc40ulp_uhdc40_rvt_tt_v1p1_25c_basic     1.862000      10    18.620000
NAND4V2_7TR40      scc40ulp_uhdc40_rvt_tt_v1p1_25c_basic     0.931000       3     2.793000
NAND4XXXBV2_7TR40  scc40ulp_uhdc40_rvt_tt_v1p1_25c_basic     1.303400       1     1.303400
NOR2CV2_7TR40      scc40ulp_uhdc40_rvt_tt_v1p1_25c_basic     0.558600     136    75.969601
NOR2CV4_7TR40      scc40ulp_uhdc40_rvt_tt_v1p1_25c_basic     0.931000      26    24.206000
NOR2V2_7TR40       scc40ulp_uhdc40_rvt_tt_v1p1_25c_basic     0.558600      58    32.398800
NOR2V4_7TR40       scc40ulp_uhdc40_rvt_tt_v1p1_25c_basic     0.931000       2     1.862000
NOR2XBV2_7TR40     scc40ulp_uhdc40_rvt_tt_v1p1_25c_basic     0.931000       7     6.517000
NOR3BBV2_7TR40     scc40ulp_uhdc40_rvt_tt_v1p1_25c_basic     1.117200       4     4.468800
NOR3CV2_7TR40      scc40ulp_uhdc40_rvt_tt_v1p1_25c_basic     0.744800       4     2.979200
NOR3CV4_7TR40      scc40ulp_uhdc40_rvt_tt_v1p1_25c_basic     1.489600       1     1.489600
NOR3V2_7TR40       scc40ulp_uhdc40_rvt_tt_v1p1_25c_basic     0.744800       1     0.744800
NOR3XXBV2_7TR40    scc40ulp_uhdc40_rvt_tt_v1p1_25c_basic     1.117200       1     1.117200
OA1B2V2_7TR40      scc40ulp_uhdc40_rvt_tt_v1p1_25c_basic     1.117200       5     5.586000
OA1B2V4_7TR40      scc40ulp_uhdc40_rvt_tt_v1p1_25c_basic     1.489600       1     1.489600
OA12V2_7TR40       scc40ulp_uhdc40_rvt_tt_v1p1_25c_basic     0.931000       7     6.517000
OA12V4_7TR40       scc40ulp_uhdc40_rvt_tt_v1p1_25c_basic     1.117200       2     2.234400
OA13V2_7TR40       scc40ulp_uhdc40_rvt_tt_v1p1_25c_basic     1.117200       1     1.117200
OA22V2_7TR40       scc40ulp_uhdc40_rvt_tt_v1p1_25c_basic     1.303400       6     7.820400
OA112V2_7TR40      scc40ulp_uhdc40_rvt_tt_v1p1_25c_basic     1.117200       1     1.117200
OA221V2_7TR40      scc40ulp_uhdc40_rvt_tt_v1p1_25c_basic     1.489600       1     1.489600
OAI21BV2_7TR40     scc40ulp_uhdc40_rvt_tt_v1p1_25c_basic     1.117200      19    21.226800
OAI21BV4_7TR40     scc40ulp_uhdc40_rvt_tt_v1p1_25c_basic     1.675800       8    13.406400
OAI21V2_7TR40      scc40ulp_uhdc40_rvt_tt_v1p1_25c_basic     0.744800     100    74.479997
OAI21V4_7TR40      scc40ulp_uhdc40_rvt_tt_v1p1_25c_basic     1.303400      10    13.034000
OAI22BBV2_7TR40    scc40ulp_uhdc40_rvt_tt_v1p1_25c_basic     1.303400       1     1.303400
OAI22BBV4_7TR40    scc40ulp_uhdc40_rvt_tt_v1p1_25c_basic     2.048200       1     2.048200
OAI22V2_7TR40      scc40ulp_uhdc40_rvt_tt_v1p1_25c_basic     0.931000      23    21.413000
OAI22V4_7TR40      scc40ulp_uhdc40_rvt_tt_v1p1_25c_basic     1.675800       3     5.027400
OAI31V2_7TR40      scc40ulp_uhdc40_rvt_tt_v1p1_25c_basic     0.931000       1     0.931000
OAI31V4_7TR40      scc40ulp_uhdc40_rvt_tt_v1p1_25c_basic     1.862000       2     3.724000
OAI211V2_7TR40     scc40ulp_uhdc40_rvt_tt_v1p1_25c_basic     0.931000      56    52.136000
OAI211V4_7TR40     scc40ulp_uhdc40_rvt_tt_v1p1_25c_basic     1.675800      12    20.109600
OAI212V2_7TR40     scc40ulp_uhdc40_rvt_tt_v1p1_25c_basic     1.117200      81    90.493201
OAI212V4_7TR40     scc40ulp_uhdc40_rvt_tt_v1p1_25c_basic     2.234400       1     2.234400
OAI222V2_7TR40     scc40ulp_uhdc40_rvt_tt_v1p1_25c_basic     1.489600       1     1.489600
OAOI211V2_7TR40    scc40ulp_uhdc40_rvt_tt_v1p1_25c_basic     1.117200       1     1.117200
OR2V2_7TR40        scc40ulp_uhdc40_rvt_tt_v1p1_25c_basic     0.744800      25    18.619999
OR3V2_7TR40        scc40ulp_uhdc40_rvt_tt_v1p1_25c_basic     0.931000       2     1.862000
cbx_4__config_group_mem_size206  1053.519615       1  1053.519615 h, n
-----------------------------------------------------------------------------
Total 83 references                                  2588.180005

****************************************
Design: cbx_4__config_group_mem_size206 
****************************************
Reference          Library       Unit Area   Count    Total Area   Attributes
-----------------------------------------------------------------------------
BUFV1_7TH40        scc40ulp_uhdc40_hvt_tt_v1p1_25c_basic     0.558600     214   119.540402
CLKBUFV4_7TR40     scc40ulp_uhdc40_rvt_tt_v1p1_25c_basic     0.744800      16    11.916800
CLKINV2_7TH40      scc40ulp_uhdc40_hvt_tt_v1p1_25c_basic     0.372400     209    77.831597
DRQV1_7TH40        scc40ulp_uhdc40_hvt_tt_v1p1_25c_basic     3.537800     206   728.786815 n
INV2_7TH40         scc40ulp_uhdc40_hvt_tt_v1p1_25c_basic     0.372400       1     0.372400
NAND2V1_7TH40      scc40ulp_uhdc40_hvt_tt_v1p1_25c_basic     0.558600     206   115.071602
-----------------------------------------------------------------------------
Total 6 references                                   1053.519615
 
****************************************
Report : area
Design : cbx_4_
Version: Q-2019.12-SP4
--removed--
****************************************

Information: Updating design information... (UID-85)
Library(s) Used:

    scc40ulp_uhdc40_rvt_tt_v1p1_25c_basic (File: /eda/internal/alkaid_infra/pdk/s40/s40ulp/std_cell/SCC40ULP_UHDC40_RVT_V0p2/liberty/1.1v/scc40ulp_uhdc40_rvt_tt_v1p1_25c_basic.db)
    scc40ulp_uhdc40_hvt_tt_v1p1_25c_basic (File: /eda/internal/alkaid_infra/pdk/s40/s40ulp/std_cell/SCC40ULP_UHDC40_HVT/V0p2/liberty/1.1v/scc40ulp_uhdc40_hvt_tt_v1p1_25c_basic.db)

Number of ports:                          744
Number of nets:                          3238
Number of cells:                         2874
Number of combinational cells:           2667
Number of sequential cells:               206
Number of macros/black boxes:               0
Number of buf/inv:                       1048
Number of references:                      83

Combinational area:               1859.393190
Buf/Inv area:                      532.718193
Noncombinational area:             728.786815
Macro/Black Box area:                0.000000
Net Interconnect area:      undefined  (No wire load specified)

Total cell area:                  2588.180005
Total area:                 undefined
1
