Reading script file /home/yhjiang/Desktop/test_project/to_Mickey/20250911/0.9.841/alkaid_exto/alkaid_ex_arch/iter0/openfpga_tasks/ultimate/generate_device_data/tt_25C_v1p1/generate_device_data.openfpga...

            ___                   _____ ____   ____    _     
           / _ \ _ __   ___ _ __ |  ___|  _ \ / ___|  / \    
          | | | | '_ \ / _ \ '_ \| |_  | |_) | |  _  / _ \   
          | |_| | |_) |  __/ | | |  _| |  __/| |_| |/ ___ \  
           \___/| .__/ \___|_| |_|_|   |_|    \____/_/   \_\ 
                |_|                                          

               OpenFPGA: An Open-source FPGA IP Generator
                     Versatile Place and Route (VPR)
                           FPGA-Verilog
                           FPGA-SPICE
                           FPGA-SDC
                           FPGA-Bitstream

             This is a free software under the MIT License

             Copyright (c) 2018 LNIS - The University of Utah

Permission is hereby granted, free of charge, to any person obtaining a copy
of this software and associated documentation files (the "Software"), to deal
in the Software without restriction, including without limitation the rights
to use, copy, modify, merge, publish, distribute, sublicense, and/or sell
copies of the Software, and to permit persons to whom the Software is
furnished to do so, subject to the following conditions:

The above copyright notice and this permission notice shall be included in
all copies or substantial portions of the Software.

THE SOFTWARE IS PROVIDED "AS IS", WITHOUT WARRANTY OF ANY KIND, EXPRESS OR
IMPLIED, INCLUDING BUT NOT LIMITED TO THE WARRANTIES OF MERCHANTABILITY,
FITNESS FOR A PARTICULAR PURPOSE AND NONINFRINGEMENT. IN NO EVENT SHALL THE
AUTHORS OR COPYRIGHT HOLDERS BE LIABLE FOR ANY CLAIM, DAMAGES OR OTHER
LIABILITY, WHETHER IN AN ACTION OF CONTRACT, TORT OR OTHERWISE, ARISING FROM,
OUT OF OR IN CONNECTION WITH THE SOFTWARE OR THE USE OR OTHER DEALINGS IN
THE SOFTWARE.



Command line to execute: vpr /home/yhjiang/Desktop/test_project/to_Mickey/20250911/0.9.841/alkaid_exto/alkaid_ex_arch/iter0/openfpga_tasks/ultimate/generate_device_data/tt_25C_v1p1/vpr_arch.xml /rapidsilicon/data/ArkAngel_Engineering_v0.9.841/bin/..//etc/benchmarks/alkaid_benchmark/micro_benchmark/simple_gates/and2/and2.blif   --clock_modeling ideal   --device ultimate   --route_chan_width 64   --place_delay_model delta   --write_placement_delay_lookup /home/yhjiang/Desktop/test_project/to_Mickey/20250911/0.9.841/alkaid_exto/alkaid_ex_arch/iter0/arch/ultimate/tt_25C_v1p1_placement_delay_lookup.bin   --router_lookahead map   --write_router_lookahead /home/yhjiang/Desktop/test_project/to_Mickey/20250911/0.9.841/alkaid_exto/alkaid_ex_arch/iter0/arch/ultimate/tt_25C_v1p1_router_lookahead.bin   --write_rr_graph /home/yhjiang/Desktop/test_project/to_Mickey/20250911/0.9.841/alkaid_exto/alkaid_ex_arch/iter0/arch/ultimate/tt_25C_v1p1_rr_graph.bin   --skip_sync_clustering_and_routing_results on   --absorb_buffer_luts off
VPR FPGA Placement and Routing.
Version: 
Revision: 
Compiled: 
Compiler: GNU 11.4.0 on Linux-3.10.0-1160.el7.x86_64 x86_64
Build Info: release IPO VTR_ASSERT_LEVEL=2

University of Toronto
verilogtorouting.org
vtr-users@googlegroups.com
This is free open source code under MIT license.

VPR was run with the following command-line:
vpr /home/yhjiang/Desktop/test_project/to_Mickey/20250911/0.9.841/alkaid_exto/alkaid_ex_arch/iter0/openfpga_tasks/ultimate/generate_device_data/tt_25C_v1p1/vpr_arch.xml /rapidsilicon/data/ArkAngel_Engineering_v0.9.841/bin/..//etc/benchmarks/alkaid_benchmark/micro_benchmark/simple_gates/and2/and2.blif --clock_modeling ideal --device ultimate --route_chan_width 64 --place_delay_model delta --write_placement_delay_lookup /home/yhjiang/Desktop/test_project/to_Mickey/20250911/0.9.841/alkaid_exto/alkaid_ex_arch/iter0/arch/ultimate/tt_25C_v1p1_placement_delay_lookup.bin --router_lookahead map --write_router_lookahead /home/yhjiang/Desktop/test_project/to_Mickey/20250911/0.9.841/alkaid_exto/alkaid_ex_arch/iter0/arch/ultimate/tt_25C_v1p1_router_lookahead.bin --write_rr_graph /home/yhjiang/Desktop/test_project/to_Mickey/20250911/0.9.841/alkaid_exto/alkaid_ex_arch/iter0/arch/ultimate/tt_25C_v1p1_rr_graph.bin --skip_sync_clustering_and_routing_results on --absorb_buffer_luts off

Using up to 1 parallel worker(s)

Architecture file: /home/yhjiang/Desktop/test_project/to_Mickey/20250911/0.9.841/alkaid_exto/alkaid_ex_arch/iter0/openfpga_tasks/ultimate/generate_device_data/tt_25C_v1p1/vpr_arch.xml
Circuit name: and2

# Loading Architecture Description
Warning 1: Model 'io_po' input port 'outpad' has no timing specification (no clock specified to create a sequential input port, not combinationally connected to any outputs, not a clock input)
Warning 2: Model 'io_po_cko' input port 'outpad' has no timing specification (no clock specified to create a sequential input port, not combinationally connected to any outputs, not a clock input)
Warning 3: Model 'io_pi' output port 'inpad' has no timing specification (no clock specified to create a sequential output port, not combinationally connected to any inputs, not a clock output)
Warning 4: Model 'io_pi_pdc_ecb1' output port 'inpad' has no timing specification (no clock specified to create a sequential output port, not combinationally connected to any inputs, not a clock output)
Warning 5: Model 'p_io_scffi' input port 'DI' has no timing specification (no clock specified to create a sequential input port, not combinationally connected to any outputs, not a clock input)
Warning 6: Model 'p_io_scffi' output port 'SQ' has no timing specification (no clock specified to create a sequential output port, not combinationally connected to any inputs, not a clock output)
Warning 7: Model 'p_io_pdc_ecb1_scffi' input port 'DI' has no timing specification (no clock specified to create a sequential input port, not combinationally connected to any outputs, not a clock input)
Warning 8: Model 'p_io_pdc_ecb1_scffi' output port 'SQ' has no timing specification (no clock specified to create a sequential output port, not combinationally connected to any inputs, not a clock output)
Warning 9: Model 'p_io_scffo' input port 'DI' has no timing specification (no clock specified to create a sequential input port, not combinationally connected to any outputs, not a clock input)
Warning 10: Model 'p_io_scffo' output port 'SQ' has no timing specification (no clock specified to create a sequential output port, not combinationally connected to any inputs, not a clock output)
Warning 11: Model 'p_io_cko_scffo' input port 'DI' has no timing specification (no clock specified to create a sequential input port, not combinationally connected to any outputs, not a clock input)
Warning 12: Model 'p_io_cko_scffo' output port 'SQ' has no timing specification (no clock specified to create a sequential output port, not combinationally connected to any inputs, not a clock output)
mode 'fle[fle_physical_mode]' is defined by user to be disabled in packing
mode 'fabric[fabric_default_mode]' is defined by user to be disabled in packing
mode 'frac_logic[frac_logic_default_mode]' is defined by user to be disabled in packing
Warning 13: <pb_type> 'v_ble4_ff_latch' timing-annotation/<model> mismatch on port 'Q' of model '.latch', port is a sequential output but has neither min nor max T_clock_to_Q specified
Warning 14: <pb_type> 'v_ble5_ff_latch' timing-annotation/<model> mismatch on port 'Q' of model '.latch', port is a sequential output but has neither min nor max T_clock_to_Q specified
Warning 15: <pb_type> 'v_ale_ff_latch' timing-annotation/<model> mismatch on port 'Q' of model '.latch', port is a sequential output but has neither min nor max T_clock_to_Q specified
mode 'io_pi[io_pi_physical_mode]' is defined by user to be disabled in packing
mode 'pi_pad[pi_pad_default_mode]' is defined by user to be disabled in packing
Warning 16: <pb_type> 'v_io_scffi_latch' timing-annotation/<model> mismatch on port 'Q' of model '.latch', port is a sequential output but has neither min nor max T_clock_to_Q specified
mode 'io_pi_pdc_ecb1[io_pi_pdc_ecb1_physical_mode]' is defined by user to be disabled in packing
mode 'pi_pdc_ecb1_pad[pi_pdc_ecb1_pad_default_mode]' is defined by user to be disabled in packing
Warning 17: <pb_type> 'v_io_pdc_ecb1_scffi_latch' timing-annotation/<model> mismatch on port 'Q' of model '.latch', port is a sequential output but has neither min nor max T_clock_to_Q specified
mode 'io_po[io_po_physical_mode]' is defined by user to be disabled in packing
mode 'po_pad[po_pad_default_mode]' is defined by user to be disabled in packing
Warning 18: <pb_type> 'v_io_scffo_latch' timing-annotation/<model> mismatch on port 'Q' of model '.latch', port is a sequential output but has neither min nor max T_clock_to_Q specified
mode 'io_po_cko[io_po_cko_physical_mode]' is defined by user to be disabled in packing
mode 'po_cko_pad[po_cko_pad_default_mode]' is defined by user to be disabled in packing
Warning 19: <pb_type> 'v_io_cko_scffo_latch' timing-annotation/<model> mismatch on port 'Q' of model '.latch', port is a sequential output but has neither min nor max T_clock_to_Q specified
mode 'pcnt[pcnt_physical_mode]' is defined by user to be disabled in packing
# Loading Architecture Description took 0.21 seconds (max_rss 19.5 MiB, delta_rss +4.1 MiB)

Timing analysis: ON
Circuit netlist file: and2.net
Circuit placement file: and2.place
Circuit routing file: and2.route
Circuit SDC file: and2.sdc
Vpr floorplanning constraints file: not specified

Packer: ENABLED
Placer: ENABLED
Analytical Placer: DISABLED
Router: ENABLED
Analysis: ENABLED

VPR was run with the following options:

NetlistOpts.absorb_buffer_luts            : false
NetlistOpts.sweep_dangling_primary_ios    : true
NetlistOpts.sweep_dangling_nets           : true
NetlistOpts.sweep_dangling_blocks         : true
NetlistOpts.sweep_constant_primary_outputs: false
NetlistOpts.netlist_verbosity             : 1
NetlistOpts.const_gen_inference           : COMB_SEQ

PackerOpts.allow_unrelated_clustering: auto
PackerOpts.alpha_clustering: 0.750000
PackerOpts.beta_clustering: 0.900000
PackerOpts.cluster_seed_type: BLEND2
PackerOpts.connection_driven: true
PackerOpts.global_clocks: true
PackerOpts.timing_driven: true
PackerOpts.target_external_pin_util: auto

PlacerOpts.place_freq: PLACE_ONCE
PlacerOpts.place_algorithm: CRITICALITY_TIMING_PLACE
PlacerOpts.pad_loc_type: FREE
PlacerOpts.constraints_file: No constraints file given
PlacerOpts.place_chan_width: 64
PlacerOpts.inner_loop_recompute_divider: 0
PlacerOpts.recompute_crit_iter: 1
PlacerOpts.timing_tradeoff: 0.500000
PlacerOpts.td_place_exp_first: 1.000000
PlacerOpts.td_place_exp_last: 8.000000
PlacerOpts.delay_offset: 0.000000
PlacerOpts.delay_ramp_delta_threshold: -1
PlacerOpts.delay_ramp_slope: 0.000000
PlacerOpts.tsu_rel_margin: 1.000000
PlacerOpts.tsu_abs_margin: 0.000000
PlacerOpts.post_place_timing_report_file: 
PlacerOpts.allowed_tiles_for_delay_model: 
PlacerOpts.delay_model_reducer: MIN
PlacerOpts.delay_model_type: DELTA
PlacerOpts.rlim_escape_fraction: 0.000000
PlacerOpts.move_stats_file: 
PlacerOpts.placement_saves_per_temperature: 0
PlacerOpts.effort_scaling: CIRCUIT
PlacerOpts.place_delta_delay_matrix_calculation_method: ASTAR_ROUTE
PlaceOpts.seed: 1
AnnealSched.type: AUTO_SCHED
AnnealSched.inner_num: 0.500000

RouterOpts.route_type: DETAILED
RouterOpts.flat_routing: false
RouterOpts.choke_points: on
RouterOpts.router_algorithm: TIMING_DRIVEN
RouterOpts.base_cost_type: DELAY_NORMALIZED_LENGTH
RouterOpts.fixed_channel_width: 64
RouterOpts.check_route: FULL
RouterOpts.acc_fac: 1.000000
RouterOpts.bb_factor: 3
RouterOpts.bend_cost: 0.000000
RouterOpts.first_iter_pres_fac: 0.000000
RouterOpts.initial_pres_fac: 0.500000
RouterOpts.pres_fac_mult: 1.300000
RouterOpts.max_pres_fac: 1000.000000
RouterOpts.max_router_iterations: 50
RouterOpts.min_incremental_reroute_fanout: 16
RouterOpts.do_check_rr_graph: true
RouterOpts.verify_binary_search: false
RouterOpts.min_channel_width_hint: 0
RouterOpts.read_rr_edge_metadata: false
RouterOpts.exit_after_first_routing_iteration: false
RouterOpts.astar_fac: 1.200000
RouterOpts.astar_offset: 0.000000
RouterOpts.router_profiler_astar_fac: 1.200000
RouterOpts.criticality_exp: 1.000000
RouterOpts.max_criticality: 0.990000
RouterOpts.init_wirelength_abort_threshold: 0.850000
RouterOpts.incr_reroute_delay_ripup: AUTO
RouterOpts.save_routing_per_iteration: false
RouterOpts.congested_routing_iteration_threshold_frac: 1.000000
RouterOpts.high_fanout_threshold: 64
RouterOpts.router_debug_net: -2
RouterOpts.router_debug_sink_rr: -2
RouterOpts.router_debug_iteration: -2
RouterOpts.max_convergence_count: 1
RouterOpts.reconvergence_cpd_threshold: 0.990000
RouterOpts.update_lower_bound_delays: true
RouterOpts.first_iteration_timing_report_file: 
RouterOpts.route_bb_update: DYNAMIC
RouterOpts.lookahead_type: MAP
RouterOpts.initial_timing: LOOKAHEAD
RouterOpts.router_heap: FOUR_ARY_HEAP
RouterOpts.routing_failure_predictor = SAFE
RouterOpts.routing_budgets_algorithm = DISABLE

AnalysisOpts.gen_post_synthesis_netlist: false
AnalysisOpts.timing_report_npaths: 100
AnalysisOpts.timing_report_skew: false
AnalysisOpts.echo_dot_timing_graph_node: -1
AnalysisOpts.timing_report_detail: NETLIST
AnalysisOpts.post_synth_netlist_unconn_input_handling: UNCONNECTED
AnalysisOpts.post_synth_netlist_unconn_output_handling: UNCONNECTED

# Building complex block graph
Warning 20: io_input[0].sc_in[0] unconnected pin in architecture.
Warning 21: io_input[0].sc_out[0] unconnected pin in architecture.
Warning 22: io_pdc_ecb1_input[0].sc_in[0] unconnected pin in architecture.
Warning 23: io_pdc_ecb1_input[0].sc_out[0] unconnected pin in architecture.
Warning 24: io_output[0].sc_in[0] unconnected pin in architecture.
Warning 25: io_output[0].sc_out[0] unconnected pin in architecture.
Warning 26: io_cko_output[0].sc_in[0] unconnected pin in architecture.
Warning 27: io_cko_output[0].sc_out[0] unconnected pin in architecture.
Warning 28: [LINE 4460] false logically-equivalent pin clb[0].I0[1].
Warning 29: [LINE 4461] false logically-equivalent pin clb[0].I0[2].
Warning 30: [LINE 4462] false logically-equivalent pin clb[0].I0[3].
Warning 31: [LINE 4472] false logically-equivalent pin clb[0].I1[1].
Warning 32: [LINE 4473] false logically-equivalent pin clb[0].I1[2].
Warning 33: [LINE 4474] false logically-equivalent pin clb[0].I1[3].
Warning 34: [LINE 4484] false logically-equivalent pin clb[0].I2[1].
Warning 35: [LINE 4485] false logically-equivalent pin clb[0].I2[2].
Warning 36: [LINE 4486] false logically-equivalent pin clb[0].I2[3].
Warning 37: [LINE 4496] false logically-equivalent pin clb[0].I3[1].
Warning 38: [LINE 4497] false logically-equivalent pin clb[0].I3[2].
Warning 39: [LINE 4498] false logically-equivalent pin clb[0].I3[3].
Warning 40: [LINE 4508] false logically-equivalent pin clb[0].I4[1].
Warning 41: [LINE 4509] false logically-equivalent pin clb[0].I4[2].
Warning 42: [LINE 4510] false logically-equivalent pin clb[0].I4[3].
Warning 43: [LINE 4520] false logically-equivalent pin clb[0].I5[1].
Warning 44: [LINE 4521] false logically-equivalent pin clb[0].I5[2].
Warning 45: [LINE 4522] false logically-equivalent pin clb[0].I5[3].
Warning 46: [LINE 4532] false logically-equivalent pin clb[0].I6[1].
Warning 47: [LINE 4533] false logically-equivalent pin clb[0].I6[2].
Warning 48: [LINE 4534] false logically-equivalent pin clb[0].I6[3].
Warning 49: [LINE 4544] false logically-equivalent pin clb[0].I7[1].
Warning 50: [LINE 4545] false logically-equivalent pin clb[0].I7[2].
Warning 51: [LINE 4546] false logically-equivalent pin clb[0].I7[3].
Warning 52: [LINE 4556] false logically-equivalent pin clb[0].I8[1].
Warning 53: [LINE 4557] false logically-equivalent pin clb[0].I8[2].
Warning 54: [LINE 4558] false logically-equivalent pin clb[0].I8[3].
Warning 55: [LINE 4568] false logically-equivalent pin clb[0].I9[1].
Warning 56: [LINE 4569] false logically-equivalent pin clb[0].I9[2].
Warning 57: [LINE 4570] false logically-equivalent pin clb[0].I9[3].
Warning 58: [LINE 4580] false logically-equivalent pin clb[0].I10[1].
Warning 59: [LINE 4581] false logically-equivalent pin clb[0].I10[2].
Warning 60: [LINE 4582] false logically-equivalent pin clb[0].I10[3].
Warning 61: [LINE 4592] false logically-equivalent pin clb[0].I11[1].
Warning 62: [LINE 4593] false logically-equivalent pin clb[0].I11[2].
Warning 63: [LINE 4594] false logically-equivalent pin clb[0].I11[3].
# Building complex block graph took 0.15 seconds (max_rss 26.0 MiB, delta_rss +6.2 MiB)
Circuit file: /rapidsilicon/data/ArkAngel_Engineering_v0.9.841/bin/..//etc/benchmarks/alkaid_benchmark/micro_benchmark/simple_gates/and2/and2.blif
# Load circuit
# Load circuit took 0.00 seconds (max_rss 27.5 MiB, delta_rss +1.6 MiB)
# Clean circuit
Inferred    0 additional primitive pins as constant generators since they have no combinationally connected inputs
Inferred    0 additional primitive pins as constant generators due to constant inputs
Swept input(s)      : 0
Swept output(s)     : 0 (0 dangling, 0 constant)
Swept net(s)        : 0
Swept block(s)      : 0
Constant Pins Marked: 0
# Clean circuit took 0.00 seconds (max_rss 27.5 MiB, delta_rss +0.0 MiB)
# Compress circuit
# Compress circuit took 0.00 seconds (max_rss 27.5 MiB, delta_rss +0.0 MiB)
# Verify circuit
# Verify circuit took 0.00 seconds (max_rss 27.5 MiB, delta_rss +0.0 MiB)
Circuit Statistics:
  Blocks: 4
    .input :       2
    .names :       1
        2-LUT:       1
    .output:       1
  Nets  : 3
    Avg Fanout:     1.0
    Max Fanout:     1.0
    Min Fanout:     1.0
  Netlist Clocks: 0
# Build Timing Graph
  Timing Graph Nodes: 6
  Timing Graph Edges: 5
  Timing Graph Levels: 4
# Build Timing Graph took 0.00 seconds (max_rss 27.8 MiB, delta_rss +0.3 MiB)
Netlist contains 0 clocks
# Load Timing Constraints

SDC file 'and2.sdc' not found
Setting default timing constraints:
   * constrain all primay inputs and primary outputs on a virtual external clock 'virtual_io_clock'
   * optimize virtual clock to run as fast as possible
Timing constraints created 1 clocks
  Constrained Clock 'virtual_io_clock' (Virtual Clock)

# Load Timing Constraints took 0.00 seconds (max_rss 28.1 MiB, delta_rss +0.3 MiB)
# Packing
## Prepacker

There is one chain in this architecture called "chain" with the following starting points:
	clb[0]/fle[0]/ale[0]/_fpga_adder_core[0].cin[0]

## Prepacker took 0.01 seconds (max_rss 28.1 MiB, delta_rss +0.0 MiB)
## Initializing Pre-Cluster Timing
Using inter-cluster delay: 1.00289e-08
## Initializing Pre-Cluster Timing took 0.00 seconds (max_rss 28.7 MiB, delta_rss +0.6 MiB)
Begin packing '/rapidsilicon/data/ArkAngel_Engineering_v0.9.841/bin/..//etc/benchmarks/alkaid_benchmark/micro_benchmark/simple_gates/and2/and2.blif'.

After removing unused inputs...
	total blocks: 4, total nets: 3, total inputs: 2, total outputs: 1
Packing with pin utilization targets: clb:0.8,0.6 io_bottomL:1,1 io_leftL:1,1 io_rightL:1,1 io_topL:1,1
Packing with high fanout thresholds: clb:32 io_bottomL:128 io_leftL:128 io_rightL:128 io_topL:128
Starting Clustering - Clustering Progress: 
-------------------   --------------------------   ---------
Molecules processed   Number of clusters created   FPGA size
-------------------   --------------------------   ---------
     1/4        25%                            1     4 x 6     
     2/4        50%                            2     4 x 6     
     3/4        75%                            3     4 x 6     
     4/4       100%                            4     4 x 6     

Logic Element (fle) detailed count:
  Total number of Logic Elements used : 1
  LEs used for logic and registers    : 0
  LEs used for logic only             : 1
  LEs used for registers only         : 0

FPGA sized to 4 x 6 (ultimate)
Device Utilization: 0.01 (target 1.00)
	Block Utilization: 0.01 Type: clb
	Block Utilization: 0.01 Type: io_pi
	Block Utilization: 0.01 Type: io_po

Start the iterative improvement process
the iterative improvement process is done
Final Clustering Statistics: 
----------   --------   ------------------------------------   --------------------------
Block Type   # Blocks   Avg. # of input clocks and pins used   Avg. # of output pins used
----------   --------   ------------------------------------   --------------------------
     EMPTY          0                                      0                            0   
     ckbuf          0                                      0                            0   
       clb          1                                      2                            1   
     io_pi          2                                      0                            1   
io_pi_pdc_ecb1          0                                      0                            0   
     io_po          1                                      1                            0   
 io_po_cko          0                                      0                            0   
      pcnt          0                                      0                            0   
Absorbed logical nets 0 out of 3 nets, 3 nets not absorbed.

Netlist conversion complete.

Incr Slack updates 1 in 7.193e-06 sec
Full Max Req/Worst Slack updates 1 in 5.38e-06 sec
Incr Max Req/Worst Slack updates 0 in 0 sec
Incr Criticality updates 0 in 0 sec
Full Criticality updates 1 in 1.3004e-05 sec
# Packing took 0.04 seconds (max_rss 29.4 MiB, delta_rss +1.4 MiB)
# Load packing
Begin loading packed FPGA netlist file.
Netlist generated from file 'and2.net'.
Detected 0 constant generators (to see names run with higher pack verbosity)
Finished loading packed FPGA netlist file (took 0.04 seconds).
Warning 64: Treated 0 constant nets as global which will not be routed (to see net names increase packer verbosity).
Warning 65: Netlist contains 0 global net to non-global architecture pin connections
Completed clustering consistency check successfully.
Cluster level netlist and block usage statistics
Netlist num_nets: 3
Netlist num_blocks: 4
Netlist EMPTY blocks: 0.
Netlist ckbuf blocks: 0.
Netlist clb blocks: 1.
Netlist io_pi blocks: 2.
Netlist io_pi_pdc_ecb1 blocks: 0.
Netlist io_po blocks: 1.
Netlist io_po_cko blocks: 0.
Netlist pcnt blocks: 0.
Netlist inputs pins: 2
Netlist output pins: 1

Pb types usage...
  clb                 : 1
   fle                : 1
    lut4inter         : 1
     ble4             : 1
      lut4            : 1
       lut            : 1
  io_pi               : 2
   io_input           : 2
    builtin_inpad     : 2
  io_po               : 1
   io_output          : 1
    builtin_outpad    : 1

# Load packing took 0.13 seconds (max_rss 68.1 MiB, delta_rss +38.6 MiB)
# Create Device
## Build Device Grid
FPGA sized to 4 x 6: 24 grid tiles (ultimate)
## Build Device Grid took 0.00 seconds (max_rss 68.1 MiB, delta_rss +0.0 MiB)
Warning 66: Tileable routing resource graph does not support clock modeling yet! Related options are ignored...
## Build tileable routing resource graph
X-direction routing channel width is 64
Y-direction routing channel width is 64
Warning 67: Node: 3936 with RR_type: CHANX  at Location:CHANX:3936 L1x length:1 (0,0,0 -> (0,0,0), had no out-going switches
Warning 68: Node: 3938 with RR_type: CHANX  at Location:CHANX:3938 L1x length:1 (0,0,0 -> (0,0,0), had no out-going switches
Warning 69: Node: 3940 with RR_type: CHANX  at Location:CHANX:3940 L1x length:1 (0,0,0 -> (0,0,0), had no out-going switches
Warning 70: Node: 3942 with RR_type: CHANX  at Location:CHANX:3942 L1x length:1 (0,0,0 -> (0,0,0), had no out-going switches
Warning 71: Node: 3944 with RR_type: CHANX  at Location:CHANX:3944 L1x length:1 (0,0,0 -> (0,0,0), had no out-going switches
Warning 72: Node: 3946 with RR_type: CHANX  at Location:CHANX:3946 L1x length:1 (0,0,0 -> (0,0,0), had no out-going switches
Warning 73: Node: 3948 with RR_type: CHANX  at Location:CHANX:3948 L2x length:2 (0,0,0 -> (1,0,0), had no out-going switches
Warning 74: Node: 3950 with RR_type: CHANX  at Location:CHANX:3950 L2x length:1 (0,0,0 -> (0,0,0), had no out-going switches
Warning 75: Node: 3952 with RR_type: CHANX  at Location:CHANX:3952 L2x length:2 (0,0,0 -> (1,0,0), had no out-going switches
Warning 76: Node: 3954 with RR_type: CHANX  at Location:CHANX:3954 L2x length:1 (0,0,0 -> (0,0,0), had no out-going switches
Warning 77: Node: 3956 with RR_type: CHANX  at Location:CHANX:3956 L2x length:2 (0,0,0 -> (1,0,0), had no out-going switches
Warning 78: Node: 3958 with RR_type: CHANX  at Location:CHANX:3958 L2x length:1 (0,0,0 -> (0,0,0), had no out-going switches
Warning 79: Node: 3960 with RR_type: CHANX  at Location:CHANX:3960 L4x length:4 (0,0,0 -> (3,0,0), had no out-going switches
Warning 80: Node: 3962 with RR_type: CHANX  at Location:CHANX:3962 L4x length:3 (0,0,0 -> (2,0,0), had no out-going switches
Warning 81: Node: 3964 with RR_type: CHANX  at Location:CHANX:3964 L4x length:2 (0,0,0 -> (1,0,0), had no out-going switches
Warning 82: Node: 3966 with RR_type: CHANX  at Location:CHANX:3966 L4x length:1 (0,0,0 -> (0,0,0), had no out-going switches
Warning 83: Node: 3967 with RR_type: CHANX  at Location:CHANX:3967 L4x length:4 (3,0,0 -> (0,0,0), had no out-going switches
Warning 84: Node: 3968 with RR_type: CHANX  at Location:CHANX:3968 L4x length:4 (0,0,0 -> (3,0,0), had no out-going switches
Warning 85: Node: 3970 with RR_type: CHANX  at Location:CHANX:3970 L4x length:3 (0,0,0 -> (2,0,0), had no out-going switches
Warning 86: Node: 3972 with RR_type: CHANX  at Location:CHANX:3972 L4x length:2 (0,0,0 -> (1,0,0), had no out-going switches
Warning 87: Node: 3974 with RR_type: CHANX  at Location:CHANX:3974 L4x length:1 (0,0,0 -> (0,0,0), had no out-going switches
Warning 88: Node: 3975 with RR_type: CHANX  at Location:CHANX:3975 L4x length:4 (3,0,0 -> (0,0,0), had no out-going switches
Warning 89: Node: 3976 with RR_type: CHANX  at Location:CHANX:3976 L4x length:4 (0,0,0 -> (3,0,0), had no out-going switches
Warning 90: Node: 3978 with RR_type: CHANX  at Location:CHANX:3978 L4x length:3 (0,0,0 -> (2,0,0), had no out-going switches
Warning 91: Node: 3980 with RR_type: CHANX  at Location:CHANX:3980 L4x length:2 (0,0,0 -> (1,0,0), had no out-going switches
Warning 92: Node: 3982 with RR_type: CHANX  at Location:CHANX:3982 L4x length:1 (0,0,0 -> (0,0,0), had no out-going switches
Warning 93: Node: 3983 with RR_type: CHANX  at Location:CHANX:3983 L4x length:4 (3,0,0 -> (0,0,0), had no out-going switches
Warning 94: Node: 3984 with RR_type: CHANX  at Location:CHANX:3984 L4x length:4 (0,0,0 -> (3,0,0), had no out-going switches
Warning 95: Node: 3986 with RR_type: CHANX  at Location:CHANX:3986 L4x length:3 (0,0,0 -> (2,0,0), had no out-going switches
Warning 96: Node: 3988 with RR_type: CHANX  at Location:CHANX:3988 L4x length:2 (0,0,0 -> (1,0,0), had no out-going switches
Warning 97: Node: 3990 with RR_type: CHANX  at Location:CHANX:3990 L4x length:1 (0,0,0 -> (0,0,0), had no out-going switches
Warning 98: Node: 3991 with RR_type: CHANX  at Location:CHANX:3991 L4x length:4 (3,0,0 -> (0,0,0), had no out-going switches
Warning 99: Node: 3992 with RR_type: CHANX  at Location:CHANX:3992 L4x length:4 (0,0,0 -> (3,0,0), had no out-going switches
Warning 100: Node: 3994 with RR_type: CHANX  at Location:CHANX:3994 L4x length:3 (0,0,0 -> (2,0,0), had no out-going switches
Warning 101: Node: 3996 with RR_type: CHANX  at Location:CHANX:3996 L4x length:2 (0,0,0 -> (1,0,0), had no out-going switches
Warning 102: Node: 3998 with RR_type: CHANX  at Location:CHANX:3998 L4x length:1 (0,0,0 -> (0,0,0), had no out-going switches
Warning 103: Node: 3999 with RR_type: CHANX  at Location:CHANX:3999 L4x length:4 (3,0,0 -> (0,0,0), had no out-going switches
Warning 104: Node: 4019 with RR_type: CHANX  at Location:CHANX:4019 L4x length:3 (3,0,0 -> (1,0,0), had no out-going switches
Warning 105: Node: 4021 with RR_type: CHANX  at Location:CHANX:4021 L4x length:3 (3,0,0 -> (1,0,0), had no out-going switches
Warning 106: Node: 4023 with RR_type: CHANX  at Location:CHANX:4023 L4x length:3 (3,0,0 -> (1,0,0), had no out-going switches
Warning 107: Node: 4025 with RR_type: CHANX  at Location:CHANX:4025 L4x length:3 (3,0,0 -> (1,0,0), had no out-going switches
Warning 108: Node: 4027 with RR_type: CHANX  at Location:CHANX:4027 L4x length:3 (3,0,0 -> (1,0,0), had no out-going switches
Warning 109: Node: 4041 with RR_type: CHANX  at Location:CHANX:4041 L2x length:2 (3,0,0 -> (2,0,0), had no out-going switches
Warning 110: Node: 4043 with RR_type: CHANX  at Location:CHANX:4043 L2x length:2 (3,0,0 -> (2,0,0), had no out-going switches
Warning 111: Node: 4045 with RR_type: CHANX  at Location:CHANX:4045 L2x length:2 (3,0,0 -> (2,0,0), had no out-going switches
Warning 112: Node: 4047 with RR_type: CHANX  at Location:CHANX:4047 L4x length:2 (3,0,0 -> (2,0,0), had no out-going switches
Warning 113: Node: 4049 with RR_type: CHANX  at Location:CHANX:4049 L4x length:2 (3,0,0 -> (2,0,0), had no out-going switches
Warning 114: Node: 4051 with RR_type: CHANX  at Location:CHANX:4051 L4x length:2 (3,0,0 -> (2,0,0), had no out-going switches
Warning 115: Node: 4053 with RR_type: CHANX  at Location:CHANX:4053 L4x length:2 (3,0,0 -> (2,0,0), had no out-going switches
Warning 116: Node: 4055 with RR_type: CHANX  at Location:CHANX:4055 L4x length:2 (3,0,0 -> (2,0,0), had no out-going switches
Warning 117: Node: 4057 with RR_type: CHANX  at Location:CHANX:4057 L1x length:1 (3,0,0 -> (3,0,0), had no out-going switches
Warning 118: Node: 4059 with RR_type: CHANX  at Location:CHANX:4059 L1x length:1 (3,0,0 -> (3,0,0), had no out-going switches
Warning 119: Node: 4061 with RR_type: CHANX  at Location:CHANX:4061 L1x length:1 (3,0,0 -> (3,0,0), had no out-going switches
Warning 120: Node: 4063 with RR_type: CHANX  at Location:CHANX:4063 L1x length:1 (3,0,0 -> (3,0,0), had no out-going switches
Warning 121: Node: 4065 with RR_type: CHANX  at Location:CHANX:4065 L1x length:1 (3,0,0 -> (3,0,0), had no out-going switches
Warning 122: Node: 4067 with RR_type: CHANX  at Location:CHANX:4067 L1x length:1 (3,0,0 -> (3,0,0), had no out-going switches
Warning 123: Node: 4069 with RR_type: CHANX  at Location:CHANX:4069 L2x length:1 (3,0,0 -> (3,0,0), had no out-going switches
Warning 124: Node: 4071 with RR_type: CHANX  at Location:CHANX:4071 L2x length:1 (3,0,0 -> (3,0,0), had no out-going switches
Warning 125: Node: 4073 with RR_type: CHANX  at Location:CHANX:4073 L2x length:1 (3,0,0 -> (3,0,0), had no out-going switches
Warning 126: Node: 4075 with RR_type: CHANX  at Location:CHANX:4075 L4x length:1 (3,0,0 -> (3,0,0), had no out-going switches
Warning 127: Node: 4077 with RR_type: CHANX  at Location:CHANX:4077 L4x length:1 (3,0,0 -> (3,0,0), had no out-going switches
Warning 128: Node: 4079 with RR_type: CHANX  at Location:CHANX:4079 L4x length:1 (3,0,0 -> (3,0,0), had no out-going switches
Warning 129: Node: 4081 with RR_type: CHANX  at Location:CHANX:4081 L4x length:1 (3,0,0 -> (3,0,0), had no out-going switches
Warning 130: Node: 4083 with RR_type: CHANX  at Location:CHANX:4083 L4x length:1 (3,0,0 -> (3,0,0), had no out-going switches
Warning 131: Node: 4084 with RR_type: CHANX  at Location:CHANX:4084 L1x length:1 (0,1,0 -> (0,1,0), had no out-going switches
Warning 132: Node: 4086 with RR_type: CHANX  at Location:CHANX:4086 L1x length:1 (0,1,0 -> (0,1,0), had no out-going switches
Warning 133: Node: 4088 with RR_type: CHANX  at Location:CHANX:4088 L1x length:1 (0,1,0 -> (0,1,0), had no out-going switches
Warning 134: Node: 4090 with RR_type: CHANX  at Location:CHANX:4090 L1x length:1 (0,1,0 -> (0,1,0), had no out-going switches
Warning 135: Node: 4092 with RR_type: CHANX  at Location:CHANX:4092 L1x length:1 (0,1,0 -> (0,1,0), had no out-going switches
Warning 136: Node: 4094 with RR_type: CHANX  at Location:CHANX:4094 L1x length:1 (0,1,0 -> (0,1,0), had no out-going switches
Warning 137: Node: 4096 with RR_type: CHANX  at Location:CHANX:4096 L2x length:2 (0,1,0 -> (1,1,0), had no out-going switches
Warning 138: Node: 4098 with RR_type: CHANX  at Location:CHANX:4098 L2x length:1 (0,1,0 -> (0,1,0), had no out-going switches
Warning 139: Node: 4100 with RR_type: CHANX  at Location:CHANX:4100 L2x length:2 (0,1,0 -> (1,1,0), had no out-going switches
Warning 140: Node: 4102 with RR_type: CHANX  at Location:CHANX:4102 L2x length:1 (0,1,0 -> (0,1,0), had no out-going switches
Warning 141: Node: 4104 with RR_type: CHANX  at Location:CHANX:4104 L2x length:2 (0,1,0 -> (1,1,0), had no out-going switches
Warning 142: Node: 4106 with RR_type: CHANX  at Location:CHANX:4106 L2x length:1 (0,1,0 -> (0,1,0), had no out-going switches
Warning 143: Node: 4108 with RR_type: CHANX  at Location:CHANX:4108 L4x length:4 (0,1,0 -> (3,1,0), had no out-going switches
Warning 144: Node: 4110 with RR_type: CHANX  at Location:CHANX:4110 L4x length:3 (0,1,0 -> (2,1,0), had no out-going switches
Warning 145: Node: 4112 with RR_type: CHANX  at Location:CHANX:4112 L4x length:2 (0,1,0 -> (1,1,0), had no out-going switches
Warning 146: Node: 4114 with RR_type: CHANX  at Location:CHANX:4114 L4x length:1 (0,1,0 -> (0,1,0), had no out-going switches
Warning 147: Node: 4115 with RR_type: CHANX  at Location:CHANX:4115 L4x length:4 (3,1,0 -> (0,1,0), had no out-going switches
Warning 148: Node: 4116 with RR_type: CHANX  at Location:CHANX:4116 L4x length:4 (0,1,0 -> (3,1,0), had no out-going switches
Warning 149: Node: 4118 with RR_type: CHANX  at Location:CHANX:4118 L4x length:3 (0,1,0 -> (2,1,0), had no out-going switches
Warning 150: Node: 4120 with RR_type: CHANX  at Location:CHANX:4120 L4x length:2 (0,1,0 -> (1,1,0), had no out-going switches
Warning 151: Node: 4122 with RR_type: CHANX  at Location:CHANX:4122 L4x length:1 (0,1,0 -> (0,1,0), had no out-going switches
Warning 152: Node: 4123 with RR_type: CHANX  at Location:CHANX:4123 L4x length:4 (3,1,0 -> (0,1,0), had no out-going switches
Warning 153: Node: 4124 with RR_type: CHANX  at Location:CHANX:4124 L4x length:4 (0,1,0 -> (3,1,0), had no out-going switches
Warning 154: Node: 4126 with RR_type: CHANX  at Location:CHANX:4126 L4x length:3 (0,1,0 -> (2,1,0), had no out-going switches
Warning 155: Node: 4128 with RR_type: CHANX  at Location:CHANX:4128 L4x length:2 (0,1,0 -> (1,1,0), had no out-going switches
Warning 156: Node: 4130 with RR_type: CHANX  at Location:CHANX:4130 L4x length:1 (0,1,0 -> (0,1,0), had no out-going switches
Warning 157: Node: 4131 with RR_type: CHANX  at Location:CHANX:4131 L4x length:4 (3,1,0 -> (0,1,0), had no out-going switches
Warning 158: Node: 4132 with RR_type: CHANX  at Location:CHANX:4132 L4x length:4 (0,1,0 -> (3,1,0), had no out-going switches
Warning 159: Node: 4134 with RR_type: CHANX  at Location:CHANX:4134 L4x length:3 (0,1,0 -> (2,1,0), had no out-going switches
Warning 160: Node: 4136 with RR_type: CHANX  at Location:CHANX:4136 L4x length:2 (0,1,0 -> (1,1,0), had no out-going switches
Warning 161: Node: 4138 with RR_type: CHANX  at Location:CHANX:4138 L4x length:1 (0,1,0 -> (0,1,0), had no out-going switches
Warning 162: Node: 4139 with RR_type: CHANX  at Location:CHANX:4139 L4x length:4 (3,1,0 -> (0,1,0), had no out-going switches
Warning 163: Node: 4140 with RR_type: CHANX  at Location:CHANX:4140 L4x length:4 (0,1,0 -> (3,1,0), had no out-going switches
Warning 164: Node: 4142 with RR_type: CHANX  at Location:CHANX:4142 L4x length:3 (0,1,0 -> (2,1,0), had no out-going switches
Warning 165: Node: 4144 with RR_type: CHANX  at Location:CHANX:4144 L4x length:2 (0,1,0 -> (1,1,0), had no out-going switches
Warning 166: Node: 4146 with RR_type: CHANX  at Location:CHANX:4146 L4x length:1 (0,1,0 -> (0,1,0), had no out-going switches
Warning 167: Node: 4147 with RR_type: CHANX  at Location:CHANX:4147 L4x length:4 (3,1,0 -> (0,1,0), had no out-going switches
Warning 168: Node: 4167 with RR_type: CHANX  at Location:CHANX:4167 L4x length:3 (3,1,0 -> (1,1,0), had no out-going switches
Warning 169: Node: 4169 with RR_type: CHANX  at Location:CHANX:4169 L4x length:3 (3,1,0 -> (1,1,0), had no out-going switches
Warning 170: Node: 4171 with RR_type: CHANX  at Location:CHANX:4171 L4x length:3 (3,1,0 -> (1,1,0), had no out-going switches
Warning 171: Node: 4173 with RR_type: CHANX  at Location:CHANX:4173 L4x length:3 (3,1,0 -> (1,1,0), had no out-going switches
Warning 172: Node: 4175 with RR_type: CHANX  at Location:CHANX:4175 L4x length:3 (3,1,0 -> (1,1,0), had no out-going switches
Warning 173: Node: 4189 with RR_type: CHANX  at Location:CHANX:4189 L2x length:2 (3,1,0 -> (2,1,0), had no out-going switches
Warning 174: Node: 4191 with RR_type: CHANX  at Location:CHANX:4191 L2x length:2 (3,1,0 -> (2,1,0), had no out-going switches
Warning 175: Node: 4193 with RR_type: CHANX  at Location:CHANX:4193 L2x length:2 (3,1,0 -> (2,1,0), had no out-going switches
Warning 176: Node: 4195 with RR_type: CHANX  at Location:CHANX:4195 L4x length:2 (3,1,0 -> (2,1,0), had no out-going switches
Warning 177: Node: 4197 with RR_type: CHANX  at Location:CHANX:4197 L4x length:2 (3,1,0 -> (2,1,0), had no out-going switches
Warning 178: Node: 4199 with RR_type: CHANX  at Location:CHANX:4199 L4x length:2 (3,1,0 -> (2,1,0), had no out-going switches
Warning 179: Node: 4201 with RR_type: CHANX  at Location:CHANX:4201 L4x length:2 (3,1,0 -> (2,1,0), had no out-going switches
Warning 180: Node: 4203 with RR_type: CHANX  at Location:CHANX:4203 L4x length:2 (3,1,0 -> (2,1,0), had no out-going switches
Warning 181: Node: 4205 with RR_type: CHANX  at Location:CHANX:4205 L1x length:1 (3,1,0 -> (3,1,0), had no out-going switches
Warning 182: Node: 4207 with RR_type: CHANX  at Location:CHANX:4207 L1x length:1 (3,1,0 -> (3,1,0), had no out-going switches
Warning 183: Node: 4209 with RR_type: CHANX  at Location:CHANX:4209 L1x length:1 (3,1,0 -> (3,1,0), had no out-going switches
Warning 184: Node: 4211 with RR_type: CHANX  at Location:CHANX:4211 L1x length:1 (3,1,0 -> (3,1,0), had no out-going switches
Warning 185: Node: 4213 with RR_type: CHANX  at Location:CHANX:4213 L1x length:1 (3,1,0 -> (3,1,0), had no out-going switches
Warning 186: Node: 4215 with RR_type: CHANX  at Location:CHANX:4215 L1x length:1 (3,1,0 -> (3,1,0), had no out-going switches
Warning 187: Node: 4217 with RR_type: CHANX  at Location:CHANX:4217 L2x length:1 (3,1,0 -> (3,1,0), had no out-going switches
Warning 188: Node: 4219 with RR_type: CHANX  at Location:CHANX:4219 L2x length:1 (3,1,0 -> (3,1,0), had no out-going switches
Warning 189: Node: 4221 with RR_type: CHANX  at Location:CHANX:4221 L2x length:1 (3,1,0 -> (3,1,0), had no out-going switches
Warning 190: Node: 4223 with RR_type: CHANX  at Location:CHANX:4223 L4x length:1 (3,1,0 -> (3,1,0), had no out-going switches
Warning 191: Node: 4225 with RR_type: CHANX  at Location:CHANX:4225 L4x length:1 (3,1,0 -> (3,1,0), had no out-going switches
Warning 192: Node: 4227 with RR_type: CHANX  at Location:CHANX:4227 L4x length:1 (3,1,0 -> (3,1,0), had no out-going switches
Warning 193: Node: 4229 with RR_type: CHANX  at Location:CHANX:4229 L4x length:1 (3,1,0 -> (3,1,0), had no out-going switches
Warning 194: Node: 4231 with RR_type: CHANX  at Location:CHANX:4231 L4x length:1 (3,1,0 -> (3,1,0), had no out-going switches
Warning 195: Node: 4232 with RR_type: CHANX  at Location:CHANX:4232 L1x length:1 (0,2,0 -> (0,2,0), had no out-going switches
Warning 196: Node: 4234 with RR_type: CHANX  at Location:CHANX:4234 L1x length:1 (0,2,0 -> (0,2,0), had no out-going switches
Warning 197: Node: 4236 with RR_type: CHANX  at Location:CHANX:4236 L1x length:1 (0,2,0 -> (0,2,0), had no out-going switches
Warning 198: Node: 4238 with RR_type: CHANX  at Location:CHANX:4238 L1x length:1 (0,2,0 -> (0,2,0), had no out-going switches
Warning 199: Node: 4240 with RR_type: CHANX  at Location:CHANX:4240 L1x length:1 (0,2,0 -> (0,2,0), had no out-going switches
Warning 200: Node: 4242 with RR_type: CHANX  at Location:CHANX:4242 L1x length:1 (0,2,0 -> (0,2,0), had no out-going switches
Warning 201: Node: 4244 with RR_type: CHANX  at Location:CHANX:4244 L2x length:2 (0,2,0 -> (1,2,0), had no out-going switches
Warning 202: Node: 4246 with RR_type: CHANX  at Location:CHANX:4246 L2x length:1 (0,2,0 -> (0,2,0), had no out-going switches
Warning 203: Node: 4248 with RR_type: CHANX  at Location:CHANX:4248 L2x length:2 (0,2,0 -> (1,2,0), had no out-going switches
Warning 204: Node: 4250 with RR_type: CHANX  at Location:CHANX:4250 L2x length:1 (0,2,0 -> (0,2,0), had no out-going switches
Warning 205: Node: 4252 with RR_type: CHANX  at Location:CHANX:4252 L2x length:2 (0,2,0 -> (1,2,0), had no out-going switches
Warning 206: Node: 4254 with RR_type: CHANX  at Location:CHANX:4254 L2x length:1 (0,2,0 -> (0,2,0), had no out-going switches
Warning 207: Node: 4256 with RR_type: CHANX  at Location:CHANX:4256 L4x length:4 (0,2,0 -> (3,2,0), had no out-going switches
Warning 208: Node: 4258 with RR_type: CHANX  at Location:CHANX:4258 L4x length:3 (0,2,0 -> (2,2,0), had no out-going switches
Warning 209: Node: 4260 with RR_type: CHANX  at Location:CHANX:4260 L4x length:2 (0,2,0 -> (1,2,0), had no out-going switches
Warning 210: Node: 4262 with RR_type: CHANX  at Location:CHANX:4262 L4x length:1 (0,2,0 -> (0,2,0), had no out-going switches
Warning 211: Node: 4263 with RR_type: CHANX  at Location:CHANX:4263 L4x length:4 (3,2,0 -> (0,2,0), had no out-going switches
Warning 212: Node: 4264 with RR_type: CHANX  at Location:CHANX:4264 L4x length:4 (0,2,0 -> (3,2,0), had no out-going switches
Warning 213: Node: 4266 with RR_type: CHANX  at Location:CHANX:4266 L4x length:3 (0,2,0 -> (2,2,0), had no out-going switches
Warning 214: Node: 4268 with RR_type: CHANX  at Location:CHANX:4268 L4x length:2 (0,2,0 -> (1,2,0), had no out-going switches
Warning 215: Node: 4270 with RR_type: CHANX  at Location:CHANX:4270 L4x length:1 (0,2,0 -> (0,2,0), had no out-going switches
Warning 216: Node: 4271 with RR_type: CHANX  at Location:CHANX:4271 L4x length:4 (3,2,0 -> (0,2,0), had no out-going switches
Warning 217: Node: 4272 with RR_type: CHANX  at Location:CHANX:4272 L4x length:4 (0,2,0 -> (3,2,0), had no out-going switches
Warning 218: Node: 4274 with RR_type: CHANX  at Location:CHANX:4274 L4x length:3 (0,2,0 -> (2,2,0), had no out-going switches
Warning 219: Node: 4276 with RR_type: CHANX  at Location:CHANX:4276 L4x length:2 (0,2,0 -> (1,2,0), had no out-going switches
Warning 220: Node: 4278 with RR_type: CHANX  at Location:CHANX:4278 L4x length:1 (0,2,0 -> (0,2,0), had no out-going switches
Warning 221: Node: 4279 with RR_type: CHANX  at Location:CHANX:4279 L4x length:4 (3,2,0 -> (0,2,0), had no out-going switches
Warning 222: Node: 4280 with RR_type: CHANX  at Location:CHANX:4280 L4x length:4 (0,2,0 -> (3,2,0), had no out-going switches
Warning 223: Node: 4282 with RR_type: CHANX  at Location:CHANX:4282 L4x length:3 (0,2,0 -> (2,2,0), had no out-going switches
Warning 224: Node: 4284 with RR_type: CHANX  at Location:CHANX:4284 L4x length:2 (0,2,0 -> (1,2,0), had no out-going switches
Warning 225: Node: 4286 with RR_type: CHANX  at Location:CHANX:4286 L4x length:1 (0,2,0 -> (0,2,0), had no out-going switches
Warning 226: Node: 4287 with RR_type: CHANX  at Location:CHANX:4287 L4x length:4 (3,2,0 -> (0,2,0), had no out-going switches
Warning 227: Node: 4288 with RR_type: CHANX  at Location:CHANX:4288 L4x length:4 (0,2,0 -> (3,2,0), had no out-going switches
Warning 228: Node: 4290 with RR_type: CHANX  at Location:CHANX:4290 L4x length:3 (0,2,0 -> (2,2,0), had no out-going switches
Warning 229: Node: 4292 with RR_type: CHANX  at Location:CHANX:4292 L4x length:2 (0,2,0 -> (1,2,0), had no out-going switches
Warning 230: Node: 4294 with RR_type: CHANX  at Location:CHANX:4294 L4x length:1 (0,2,0 -> (0,2,0), had no out-going switches
Warning 231: Node: 4295 with RR_type: CHANX  at Location:CHANX:4295 L4x length:4 (3,2,0 -> (0,2,0), had no out-going switches
Warning 232: Node: 4315 with RR_type: CHANX  at Location:CHANX:4315 L4x length:3 (3,2,0 -> (1,2,0), had no out-going switches
Warning 233: Node: 4317 with RR_type: CHANX  at Location:CHANX:4317 L4x length:3 (3,2,0 -> (1,2,0), had no out-going switches
Warning 234: Node: 4319 with RR_type: CHANX  at Location:CHANX:4319 L4x length:3 (3,2,0 -> (1,2,0), had no out-going switches
Warning 235: Node: 4321 with RR_type: CHANX  at Location:CHANX:4321 L4x length:3 (3,2,0 -> (1,2,0), had no out-going switches
Warning 236: Node: 4323 with RR_type: CHANX  at Location:CHANX:4323 L4x length:3 (3,2,0 -> (1,2,0), had no out-going switches
Warning 237: Node: 4337 with RR_type: CHANX  at Location:CHANX:4337 L2x length:2 (3,2,0 -> (2,2,0), had no out-going switches
Warning 238: Node: 4339 with RR_type: CHANX  at Location:CHANX:4339 L2x length:2 (3,2,0 -> (2,2,0), had no out-going switches
Warning 239: Node: 4341 with RR_type: CHANX  at Location:CHANX:4341 L2x length:2 (3,2,0 -> (2,2,0), had no out-going switches
Warning 240: Node: 4343 with RR_type: CHANX  at Location:CHANX:4343 L4x length:2 (3,2,0 -> (2,2,0), had no out-going switches
Warning 241: Node: 4345 with RR_type: CHANX  at Location:CHANX:4345 L4x length:2 (3,2,0 -> (2,2,0), had no out-going switches
Warning 242: Node: 4347 with RR_type: CHANX  at Location:CHANX:4347 L4x length:2 (3,2,0 -> (2,2,0), had no out-going switches
Warning 243: Node: 4349 with RR_type: CHANX  at Location:CHANX:4349 L4x length:2 (3,2,0 -> (2,2,0), had no out-going switches
Warning 244: Node: 4351 with RR_type: CHANX  at Location:CHANX:4351 L4x length:2 (3,2,0 -> (2,2,0), had no out-going switches
Warning 245: Node: 4353 with RR_type: CHANX  at Location:CHANX:4353 L1x length:1 (3,2,0 -> (3,2,0), had no out-going switches
Warning 246: Node: 4355 with RR_type: CHANX  at Location:CHANX:4355 L1x length:1 (3,2,0 -> (3,2,0), had no out-going switches
Warning 247: Node: 4357 with RR_type: CHANX  at Location:CHANX:4357 L1x length:1 (3,2,0 -> (3,2,0), had no out-going switches
Warning 248: Node: 4359 with RR_type: CHANX  at Location:CHANX:4359 L1x length:1 (3,2,0 -> (3,2,0), had no out-going switches
Warning 249: Node: 4361 with RR_type: CHANX  at Location:CHANX:4361 L1x length:1 (3,2,0 -> (3,2,0), had no out-going switches
Warning 250: Node: 4363 with RR_type: CHANX  at Location:CHANX:4363 L1x length:1 (3,2,0 -> (3,2,0), had no out-going switches
Warning 251: Node: 4365 with RR_type: CHANX  at Location:CHANX:4365 L2x length:1 (3,2,0 -> (3,2,0), had no out-going switches
Warning 252: Node: 4367 with RR_type: CHANX  at Location:CHANX:4367 L2x length:1 (3,2,0 -> (3,2,0), had no out-going switches
Warning 253: Node: 4369 with RR_type: CHANX  at Location:CHANX:4369 L2x length:1 (3,2,0 -> (3,2,0), had no out-going switches
Warning 254: Node: 4371 with RR_type: CHANX  at Location:CHANX:4371 L4x length:1 (3,2,0 -> (3,2,0), had no out-going switches
Warning 255: Node: 4373 with RR_type: CHANX  at Location:CHANX:4373 L4x length:1 (3,2,0 -> (3,2,0), had no out-going switches
Warning 256: Node: 4375 with RR_type: CHANX  at Location:CHANX:4375 L4x length:1 (3,2,0 -> (3,2,0), had no out-going switches
Warning 257: Node: 4377 with RR_type: CHANX  at Location:CHANX:4377 L4x length:1 (3,2,0 -> (3,2,0), had no out-going switches
Warning 258: Node: 4379 with RR_type: CHANX  at Location:CHANX:4379 L4x length:1 (3,2,0 -> (3,2,0), had no out-going switches
Warning 259: Node: 4380 with RR_type: CHANX  at Location:CHANX:4380 L1x length:1 (0,3,0 -> (0,3,0), had no out-going switches
Warning 260: Node: 4382 with RR_type: CHANX  at Location:CHANX:4382 L1x length:1 (0,3,0 -> (0,3,0), had no out-going switches
Warning 261: Node: 4384 with RR_type: CHANX  at Location:CHANX:4384 L1x length:1 (0,3,0 -> (0,3,0), had no out-going switches
Warning 262: Node: 4386 with RR_type: CHANX  at Location:CHANX:4386 L1x length:1 (0,3,0 -> (0,3,0), had no out-going switches
Warning 263: Node: 4388 with RR_type: CHANX  at Location:CHANX:4388 L1x length:1 (0,3,0 -> (0,3,0), had no out-going switches
Warning 264: Node: 4390 with RR_type: CHANX  at Location:CHANX:4390 L1x length:1 (0,3,0 -> (0,3,0), had no out-going switches
Warning 265: Node: 4392 with RR_type: CHANX  at Location:CHANX:4392 L2x length:2 (0,3,0 -> (1,3,0), had no out-going switches
Warning 266: Node: 4394 with RR_type: CHANX  at Location:CHANX:4394 L2x length:1 (0,3,0 -> (0,3,0), had no out-going switches
Warning 267: Node: 4396 with RR_type: CHANX  at Location:CHANX:4396 L2x length:2 (0,3,0 -> (1,3,0), had no out-going switches
Warning 268: Node: 4398 with RR_type: CHANX  at Location:CHANX:4398 L2x length:1 (0,3,0 -> (0,3,0), had no out-going switches
Warning 269: Node: 4400 with RR_type: CHANX  at Location:CHANX:4400 L2x length:2 (0,3,0 -> (1,3,0), had no out-going switches
Warning 270: Node: 4402 with RR_type: CHANX  at Location:CHANX:4402 L2x length:1 (0,3,0 -> (0,3,0), had no out-going switches
Warning 271: Node: 4404 with RR_type: CHANX  at Location:CHANX:4404 L4x length:4 (0,3,0 -> (3,3,0), had no out-going switches
Warning 272: Node: 4406 with RR_type: CHANX  at Location:CHANX:4406 L4x length:3 (0,3,0 -> (2,3,0), had no out-going switches
Warning 273: Node: 4408 with RR_type: CHANX  at Location:CHANX:4408 L4x length:2 (0,3,0 -> (1,3,0), had no out-going switches
Warning 274: Node: 4410 with RR_type: CHANX  at Location:CHANX:4410 L4x length:1 (0,3,0 -> (0,3,0), had no out-going switches
Warning 275: Node: 4411 with RR_type: CHANX  at Location:CHANX:4411 L4x length:4 (3,3,0 -> (0,3,0), had no out-going switches
Warning 276: Node: 4412 with RR_type: CHANX  at Location:CHANX:4412 L4x length:4 (0,3,0 -> (3,3,0), had no out-going switches
Warning 277: Node: 4414 with RR_type: CHANX  at Location:CHANX:4414 L4x length:3 (0,3,0 -> (2,3,0), had no out-going switches
Warning 278: Node: 4416 with RR_type: CHANX  at Location:CHANX:4416 L4x length:2 (0,3,0 -> (1,3,0), had no out-going switches
Warning 279: Node: 4418 with RR_type: CHANX  at Location:CHANX:4418 L4x length:1 (0,3,0 -> (0,3,0), had no out-going switches
Warning 280: Node: 4419 with RR_type: CHANX  at Location:CHANX:4419 L4x length:4 (3,3,0 -> (0,3,0), had no out-going switches
Warning 281: Node: 4420 with RR_type: CHANX  at Location:CHANX:4420 L4x length:4 (0,3,0 -> (3,3,0), had no out-going switches
Warning 282: Node: 4422 with RR_type: CHANX  at Location:CHANX:4422 L4x length:3 (0,3,0 -> (2,3,0), had no out-going switches
Warning 283: Node: 4424 with RR_type: CHANX  at Location:CHANX:4424 L4x length:2 (0,3,0 -> (1,3,0), had no out-going switches
Warning 284: Node: 4426 with RR_type: CHANX  at Location:CHANX:4426 L4x length:1 (0,3,0 -> (0,3,0), had no out-going switches
Warning 285: Node: 4427 with RR_type: CHANX  at Location:CHANX:4427 L4x length:4 (3,3,0 -> (0,3,0), had no out-going switches
Warning 286: Node: 4428 with RR_type: CHANX  at Location:CHANX:4428 L4x length:4 (0,3,0 -> (3,3,0), had no out-going switches
Warning 287: Node: 4430 with RR_type: CHANX  at Location:CHANX:4430 L4x length:3 (0,3,0 -> (2,3,0), had no out-going switches
Warning 288: Node: 4432 with RR_type: CHANX  at Location:CHANX:4432 L4x length:2 (0,3,0 -> (1,3,0), had no out-going switches
Warning 289: Node: 4434 with RR_type: CHANX  at Location:CHANX:4434 L4x length:1 (0,3,0 -> (0,3,0), had no out-going switches
Warning 290: Node: 4435 with RR_type: CHANX  at Location:CHANX:4435 L4x length:4 (3,3,0 -> (0,3,0), had no out-going switches
Warning 291: Node: 4436 with RR_type: CHANX  at Location:CHANX:4436 L4x length:4 (0,3,0 -> (3,3,0), had no out-going switches
Warning 292: Node: 4438 with RR_type: CHANX  at Location:CHANX:4438 L4x length:3 (0,3,0 -> (2,3,0), had no out-going switches
Warning 293: Node: 4440 with RR_type: CHANX  at Location:CHANX:4440 L4x length:2 (0,3,0 -> (1,3,0), had no out-going switches
Warning 294: Node: 4442 with RR_type: CHANX  at Location:CHANX:4442 L4x length:1 (0,3,0 -> (0,3,0), had no out-going switches
Warning 295: Node: 4443 with RR_type: CHANX  at Location:CHANX:4443 L4x length:4 (3,3,0 -> (0,3,0), had no out-going switches
Warning 296: Node: 4463 with RR_type: CHANX  at Location:CHANX:4463 L4x length:3 (3,3,0 -> (1,3,0), had no out-going switches
Warning 297: Node: 4465 with RR_type: CHANX  at Location:CHANX:4465 L4x length:3 (3,3,0 -> (1,3,0), had no out-going switches
Warning 298: Node: 4467 with RR_type: CHANX  at Location:CHANX:4467 L4x length:3 (3,3,0 -> (1,3,0), had no out-going switches
Warning 299: Node: 4469 with RR_type: CHANX  at Location:CHANX:4469 L4x length:3 (3,3,0 -> (1,3,0), had no out-going switches
Warning 300: Node: 4471 with RR_type: CHANX  at Location:CHANX:4471 L4x length:3 (3,3,0 -> (1,3,0), had no out-going switches
Warning 301: Node: 4485 with RR_type: CHANX  at Location:CHANX:4485 L2x length:2 (3,3,0 -> (2,3,0), had no out-going switches
Warning 302: Node: 4487 with RR_type: CHANX  at Location:CHANX:4487 L2x length:2 (3,3,0 -> (2,3,0), had no out-going switches
Warning 303: Node: 4489 with RR_type: CHANX  at Location:CHANX:4489 L2x length:2 (3,3,0 -> (2,3,0), had no out-going switches
Warning 304: Node: 4491 with RR_type: CHANX  at Location:CHANX:4491 L4x length:2 (3,3,0 -> (2,3,0), had no out-going switches
Warning 305: Node: 4493 with RR_type: CHANX  at Location:CHANX:4493 L4x length:2 (3,3,0 -> (2,3,0), had no out-going switches
Warning 306: Node: 4495 with RR_type: CHANX  at Location:CHANX:4495 L4x length:2 (3,3,0 -> (2,3,0), had no out-going switches
Warning 307: Node: 4497 with RR_type: CHANX  at Location:CHANX:4497 L4x length:2 (3,3,0 -> (2,3,0), had no out-going switches
Warning 308: Node: 4499 with RR_type: CHANX  at Location:CHANX:4499 L4x length:2 (3,3,0 -> (2,3,0), had no out-going switches
Warning 309: Node: 4501 with RR_type: CHANX  at Location:CHANX:4501 L1x length:1 (3,3,0 -> (3,3,0), had no out-going switches
Warning 310: Node: 4503 with RR_type: CHANX  at Location:CHANX:4503 L1x length:1 (3,3,0 -> (3,3,0), had no out-going switches
Warning 311: Node: 4505 with RR_type: CHANX  at Location:CHANX:4505 L1x length:1 (3,3,0 -> (3,3,0), had no out-going switches
Warning 312: Node: 4507 with RR_type: CHANX  at Location:CHANX:4507 L1x length:1 (3,3,0 -> (3,3,0), had no out-going switches
Warning 313: Node: 4509 with RR_type: CHANX  at Location:CHANX:4509 L1x length:1 (3,3,0 -> (3,3,0), had no out-going switches
Warning 314: Node: 4511 with RR_type: CHANX  at Location:CHANX:4511 L1x length:1 (3,3,0 -> (3,3,0), had no out-going switches
Warning 315: Node: 4513 with RR_type: CHANX  at Location:CHANX:4513 L2x length:1 (3,3,0 -> (3,3,0), had no out-going switches
Warning 316: Node: 4515 with RR_type: CHANX  at Location:CHANX:4515 L2x length:1 (3,3,0 -> (3,3,0), had no out-going switches
Warning 317: Node: 4517 with RR_type: CHANX  at Location:CHANX:4517 L2x length:1 (3,3,0 -> (3,3,0), had no out-going switches
Warning 318: Node: 4519 with RR_type: CHANX  at Location:CHANX:4519 L4x length:1 (3,3,0 -> (3,3,0), had no out-going switches
Warning 319: Node: 4521 with RR_type: CHANX  at Location:CHANX:4521 L4x length:1 (3,3,0 -> (3,3,0), had no out-going switches
Warning 320: Node: 4523 with RR_type: CHANX  at Location:CHANX:4523 L4x length:1 (3,3,0 -> (3,3,0), had no out-going switches
Warning 321: Node: 4525 with RR_type: CHANX  at Location:CHANX:4525 L4x length:1 (3,3,0 -> (3,3,0), had no out-going switches
Warning 322: Node: 4527 with RR_type: CHANX  at Location:CHANX:4527 L4x length:1 (3,3,0 -> (3,3,0), had no out-going switches
Warning 323: Node: 4768 with RR_type: CHANY  at Location:CHANY:4768 L1y length:1 (1,0,0 -> (1,0,0), had no out-going switches
Warning 324: Node: 4770 with RR_type: CHANY  at Location:CHANY:4770 L1y length:1 (1,0,0 -> (1,0,0), had no out-going switches
Warning 325: Node: 4772 with RR_type: CHANY  at Location:CHANY:4772 L1y length:1 (1,0,0 -> (1,0,0), had no out-going switches
Warning 326: Node: 4774 with RR_type: CHANY  at Location:CHANY:4774 L1y length:1 (1,0,0 -> (1,0,0), had no out-going switches
Warning 327: Node: 4776 with RR_type: CHANY  at Location:CHANY:4776 L1y length:1 (1,0,0 -> (1,0,0), had no out-going switches
Warning 328: Node: 4778 with RR_type: CHANY  at Location:CHANY:4778 L1y length:1 (1,0,0 -> (1,0,0), had no out-going switches
Warning 329: Node: 4780 with RR_type: CHANY  at Location:CHANY:4780 L2y length:2 (1,0,0 -> (1,1,0), had no out-going switches
Warning 330: Node: 4782 with RR_type: CHANY  at Location:CHANY:4782 L2y length:1 (1,0,0 -> (1,0,0), had no out-going switches
Warning 331: Node: 4784 with RR_type: CHANY  at Location:CHANY:4784 L2y length:2 (1,0,0 -> (1,1,0), had no out-going switches
Warning 332: Node: 4786 with RR_type: CHANY  at Location:CHANY:4786 L2y length:1 (1,0,0 -> (1,0,0), had no out-going switches
Warning 333: Node: 4788 with RR_type: CHANY  at Location:CHANY:4788 L2y length:2 (1,0,0 -> (1,1,0), had no out-going switches
Warning 334: Node: 4790 with RR_type: CHANY  at Location:CHANY:4790 L2y length:1 (1,0,0 -> (1,0,0), had no out-going switches
Warning 335: Node: 4792 with RR_type: CHANY  at Location:CHANY:4792 L4y length:4 (1,0,0 -> (1,3,0), had no out-going switches
Warning 336: Node: 4794 with RR_type: CHANY  at Location:CHANY:4794 L4y length:3 (1,0,0 -> (1,2,0), had no out-going switches
Warning 337: Node: 4796 with RR_type: CHANY  at Location:CHANY:4796 L4y length:2 (1,0,0 -> (1,1,0), had no out-going switches
Warning 338: Node: 4798 with RR_type: CHANY  at Location:CHANY:4798 L4y length:1 (1,0,0 -> (1,0,0), had no out-going switches
Warning 339: Node: 4800 with RR_type: CHANY  at Location:CHANY:4800 L4y length:4 (1,0,0 -> (1,3,0), had no out-going switches
Warning 340: Node: 4802 with RR_type: CHANY  at Location:CHANY:4802 L4y length:3 (1,0,0 -> (1,2,0), had no out-going switches
Warning 341: Node: 4804 with RR_type: CHANY  at Location:CHANY:4804 L4y length:2 (1,0,0 -> (1,1,0), had no out-going switches
Warning 342: Node: 4806 with RR_type: CHANY  at Location:CHANY:4806 L4y length:1 (1,0,0 -> (1,0,0), had no out-going switches
Warning 343: Node: 4808 with RR_type: CHANY  at Location:CHANY:4808 L4y length:4 (1,0,0 -> (1,3,0), had no out-going switches
Warning 344: Node: 4810 with RR_type: CHANY  at Location:CHANY:4810 L4y length:3 (1,0,0 -> (1,2,0), had no out-going switches
Warning 345: Node: 4812 with RR_type: CHANY  at Location:CHANY:4812 L4y length:2 (1,0,0 -> (1,1,0), had no out-going switches
Warning 346: Node: 4814 with RR_type: CHANY  at Location:CHANY:4814 L4y length:1 (1,0,0 -> (1,0,0), had no out-going switches
Warning 347: Node: 4816 with RR_type: CHANY  at Location:CHANY:4816 L4y length:4 (1,0,0 -> (1,3,0), had no out-going switches
Warning 348: Node: 4818 with RR_type: CHANY  at Location:CHANY:4818 L4y length:3 (1,0,0 -> (1,2,0), had no out-going switches
Warning 349: Node: 4820 with RR_type: CHANY  at Location:CHANY:4820 L4y length:2 (1,0,0 -> (1,1,0), had no out-going switches
Warning 350: Node: 4822 with RR_type: CHANY  at Location:CHANY:4822 L4y length:1 (1,0,0 -> (1,0,0), had no out-going switches
Warning 351: Node: 4824 with RR_type: CHANY  at Location:CHANY:4824 L4y length:4 (1,0,0 -> (1,3,0), had no out-going switches
Warning 352: Node: 4826 with RR_type: CHANY  at Location:CHANY:4826 L4y length:3 (1,0,0 -> (1,2,0), had no out-going switches
Warning 353: Node: 4828 with RR_type: CHANY  at Location:CHANY:4828 L4y length:2 (1,0,0 -> (1,1,0), had no out-going switches
Warning 354: Node: 4830 with RR_type: CHANY  at Location:CHANY:4830 L4y length:1 (1,0,0 -> (1,0,0), had no out-going switches
Warning 355: Node: 4879 with RR_type: CHANY  at Location:CHANY:4879 L4y length:4 (1,5,0 -> (1,2,0), had no out-going switches
Warning 356: Node: 4881 with RR_type: CHANY  at Location:CHANY:4881 L4y length:4 (1,5,0 -> (1,2,0), had no out-going switches
Warning 357: Node: 4883 with RR_type: CHANY  at Location:CHANY:4883 L4y length:4 (1,5,0 -> (1,2,0), had no out-going switches
Warning 358: Node: 4885 with RR_type: CHANY  at Location:CHANY:4885 L4y length:4 (1,5,0 -> (1,2,0), had no out-going switches
Warning 359: Node: 4887 with RR_type: CHANY  at Location:CHANY:4887 L4y length:4 (1,5,0 -> (1,2,0), had no out-going switches
Warning 360: Node: 4907 with RR_type: CHANY  at Location:CHANY:4907 L4y length:3 (1,5,0 -> (1,3,0), had no out-going switches
Warning 361: Node: 4909 with RR_type: CHANY  at Location:CHANY:4909 L4y length:3 (1,5,0 -> (1,3,0), had no out-going switches
Warning 362: Node: 4911 with RR_type: CHANY  at Location:CHANY:4911 L4y length:3 (1,5,0 -> (1,3,0), had no out-going switches
Warning 363: Node: 4913 with RR_type: CHANY  at Location:CHANY:4913 L4y length:3 (1,5,0 -> (1,3,0), had no out-going switches
Warning 364: Node: 4915 with RR_type: CHANY  at Location:CHANY:4915 L4y length:3 (1,5,0 -> (1,3,0), had no out-going switches
Warning 365: Node: 4929 with RR_type: CHANY  at Location:CHANY:4929 L2y length:2 (1,5,0 -> (1,4,0), had no out-going switches
Warning 366: Node: 4931 with RR_type: CHANY  at Location:CHANY:4931 L2y length:2 (1,5,0 -> (1,4,0), had no out-going switches
Warning 367: Node: 4933 with RR_type: CHANY  at Location:CHANY:4933 L2y length:2 (1,5,0 -> (1,4,0), had no out-going switches
Warning 368: Node: 4935 with RR_type: CHANY  at Location:CHANY:4935 L4y length:2 (1,5,0 -> (1,4,0), had no out-going switches
Warning 369: Node: 4937 with RR_type: CHANY  at Location:CHANY:4937 L4y length:2 (1,5,0 -> (1,4,0), had no out-going switches
Warning 370: Node: 4939 with RR_type: CHANY  at Location:CHANY:4939 L4y length:2 (1,5,0 -> (1,4,0), had no out-going switches
Warning 371: Node: 4941 with RR_type: CHANY  at Location:CHANY:4941 L4y length:2 (1,5,0 -> (1,4,0), had no out-going switches
Warning 372: Node: 4943 with RR_type: CHANY  at Location:CHANY:4943 L4y length:2 (1,5,0 -> (1,4,0), had no out-going switches
Warning 373: Node: 4945 with RR_type: CHANY  at Location:CHANY:4945 L1y length:1 (1,5,0 -> (1,5,0), had no out-going switches
Warning 374: Node: 4947 with RR_type: CHANY  at Location:CHANY:4947 L1y length:1 (1,5,0 -> (1,5,0), had no out-going switches
Warning 375: Node: 4949 with RR_type: CHANY  at Location:CHANY:4949 L1y length:1 (1,5,0 -> (1,5,0), had no out-going switches
Warning 376: Node: 4951 with RR_type: CHANY  at Location:CHANY:4951 L1y length:1 (1,5,0 -> (1,5,0), had no out-going switches
Warning 377: Node: 4953 with RR_type: CHANY  at Location:CHANY:4953 L1y length:1 (1,5,0 -> (1,5,0), had no out-going switches
Warning 378: Node: 4955 with RR_type: CHANY  at Location:CHANY:4955 L1y length:1 (1,5,0 -> (1,5,0), had no out-going switches
Warning 379: Node: 4957 with RR_type: CHANY  at Location:CHANY:4957 L2y length:1 (1,5,0 -> (1,5,0), had no out-going switches
Warning 380: Node: 4959 with RR_type: CHANY  at Location:CHANY:4959 L2y length:1 (1,5,0 -> (1,5,0), had no out-going switches
Warning 381: Node: 4961 with RR_type: CHANY  at Location:CHANY:4961 L2y length:1 (1,5,0 -> (1,5,0), had no out-going switches
Warning 382: Node: 4963 with RR_type: CHANY  at Location:CHANY:4963 L4y length:1 (1,5,0 -> (1,5,0), had no out-going switches
Warning 383: Node: 4965 with RR_type: CHANY  at Location:CHANY:4965 L4y length:1 (1,5,0 -> (1,5,0), had no out-going switches
Warning 384: Node: 4967 with RR_type: CHANY  at Location:CHANY:4967 L4y length:1 (1,5,0 -> (1,5,0), had no out-going switches
Warning 385: Node: 4969 with RR_type: CHANY  at Location:CHANY:4969 L4y length:1 (1,5,0 -> (1,5,0), had no out-going switches
Warning 386: Node: 4971 with RR_type: CHANY  at Location:CHANY:4971 L4y length:1 (1,5,0 -> (1,5,0), had no out-going switches
Warning 387: Node: 4972 with RR_type: CHANY  at Location:CHANY:4972 L1y length:1 (2,0,0 -> (2,0,0), had no out-going switches
Warning 388: Node: 4974 with RR_type: CHANY  at Location:CHANY:4974 L1y length:1 (2,0,0 -> (2,0,0), had no out-going switches
Warning 389: Node: 4976 with RR_type: CHANY  at Location:CHANY:4976 L1y length:1 (2,0,0 -> (2,0,0), had no out-going switches
Warning 390: Node: 4978 with RR_type: CHANY  at Location:CHANY:4978 L1y length:1 (2,0,0 -> (2,0,0), had no out-going switches
Warning 391: Node: 4980 with RR_type: CHANY  at Location:CHANY:4980 L1y length:1 (2,0,0 -> (2,0,0), had no out-going switches
Warning 392: Node: 4982 with RR_type: CHANY  at Location:CHANY:4982 L1y length:1 (2,0,0 -> (2,0,0), had no out-going switches
Warning 393: Node: 4984 with RR_type: CHANY  at Location:CHANY:4984 L2y length:2 (2,0,0 -> (2,1,0), had no out-going switches
Warning 394: Node: 4986 with RR_type: CHANY  at Location:CHANY:4986 L2y length:1 (2,0,0 -> (2,0,0), had no out-going switches
Warning 395: Node: 4988 with RR_type: CHANY  at Location:CHANY:4988 L2y length:2 (2,0,0 -> (2,1,0), had no out-going switches
Warning 396: Node: 4990 with RR_type: CHANY  at Location:CHANY:4990 L2y length:1 (2,0,0 -> (2,0,0), had no out-going switches
Warning 397: Node: 4992 with RR_type: CHANY  at Location:CHANY:4992 L2y length:2 (2,0,0 -> (2,1,0), had no out-going switches
Warning 398: Node: 4994 with RR_type: CHANY  at Location:CHANY:4994 L2y length:1 (2,0,0 -> (2,0,0), had no out-going switches
Warning 399: Node: 4996 with RR_type: CHANY  at Location:CHANY:4996 L4y length:4 (2,0,0 -> (2,3,0), had no out-going switches
Warning 400: Node: 4998 with RR_type: CHANY  at Location:CHANY:4998 L4y length:3 (2,0,0 -> (2,2,0), had no out-going switches
Warning 401: Node: 5000 with RR_type: CHANY  at Location:CHANY:5000 L4y length:2 (2,0,0 -> (2,1,0), had no out-going switches
Warning 402: Node: 5002 with RR_type: CHANY  at Location:CHANY:5002 L4y length:1 (2,0,0 -> (2,0,0), had no out-going switches
Warning 403: Node: 5004 with RR_type: CHANY  at Location:CHANY:5004 L4y length:4 (2,0,0 -> (2,3,0), had no out-going switches
Warning 404: Node: 5006 with RR_type: CHANY  at Location:CHANY:5006 L4y length:3 (2,0,0 -> (2,2,0), had no out-going switches
Warning 405: Node: 5008 with RR_type: CHANY  at Location:CHANY:5008 L4y length:2 (2,0,0 -> (2,1,0), had no out-going switches
Warning 406: Node: 5010 with RR_type: CHANY  at Location:CHANY:5010 L4y length:1 (2,0,0 -> (2,0,0), had no out-going switches
Warning 407: Node: 5012 with RR_type: CHANY  at Location:CHANY:5012 L4y length:4 (2,0,0 -> (2,3,0), had no out-going switches
Warning 408: Node: 5014 with RR_type: CHANY  at Location:CHANY:5014 L4y length:3 (2,0,0 -> (2,2,0), had no out-going switches
Warning 409: Node: 5016 with RR_type: CHANY  at Location:CHANY:5016 L4y length:2 (2,0,0 -> (2,1,0), had no out-going switches
Warning 410: Node: 5018 with RR_type: CHANY  at Location:CHANY:5018 L4y length:1 (2,0,0 -> (2,0,0), had no out-going switches
Warning 411: Node: 5020 with RR_type: CHANY  at Location:CHANY:5020 L4y length:4 (2,0,0 -> (2,3,0), had no out-going switches
Warning 412: Node: 5022 with RR_type: CHANY  at Location:CHANY:5022 L4y length:3 (2,0,0 -> (2,2,0), had no out-going switches
Warning 413: Node: 5024 with RR_type: CHANY  at Location:CHANY:5024 L4y length:2 (2,0,0 -> (2,1,0), had no out-going switches
Warning 414: Node: 5026 with RR_type: CHANY  at Location:CHANY:5026 L4y length:1 (2,0,0 -> (2,0,0), had no out-going switches
Warning 415: Node: 5028 with RR_type: CHANY  at Location:CHANY:5028 L4y length:4 (2,0,0 -> (2,3,0), had no out-going switches
Warning 416: Node: 5030 with RR_type: CHANY  at Location:CHANY:5030 L4y length:3 (2,0,0 -> (2,2,0), had no out-going switches
Warning 417: Node: 5032 with RR_type: CHANY  at Location:CHANY:5032 L4y length:2 (2,0,0 -> (2,1,0), had no out-going switches
Warning 418: Node: 5034 with RR_type: CHANY  at Location:CHANY:5034 L4y length:1 (2,0,0 -> (2,0,0), had no out-going switches
Warning 419: Node: 5083 with RR_type: CHANY  at Location:CHANY:5083 L4y length:4 (2,5,0 -> (2,2,0), had no out-going switches
Warning 420: Node: 5085 with RR_type: CHANY  at Location:CHANY:5085 L4y length:4 (2,5,0 -> (2,2,0), had no out-going switches
Warning 421: Node: 5087 with RR_type: CHANY  at Location:CHANY:5087 L4y length:4 (2,5,0 -> (2,2,0), had no out-going switches
Warning 422: Node: 5089 with RR_type: CHANY  at Location:CHANY:5089 L4y length:4 (2,5,0 -> (2,2,0), had no out-going switches
Warning 423: Node: 5091 with RR_type: CHANY  at Location:CHANY:5091 L4y length:4 (2,5,0 -> (2,2,0), had no out-going switches
Warning 424: Node: 5111 with RR_type: CHANY  at Location:CHANY:5111 L4y length:3 (2,5,0 -> (2,3,0), had no out-going switches
Warning 425: Node: 5113 with RR_type: CHANY  at Location:CHANY:5113 L4y length:3 (2,5,0 -> (2,3,0), had no out-going switches
Warning 426: Node: 5115 with RR_type: CHANY  at Location:CHANY:5115 L4y length:3 (2,5,0 -> (2,3,0), had no out-going switches
Warning 427: Node: 5117 with RR_type: CHANY  at Location:CHANY:5117 L4y length:3 (2,5,0 -> (2,3,0), had no out-going switches
Warning 428: Node: 5119 with RR_type: CHANY  at Location:CHANY:5119 L4y length:3 (2,5,0 -> (2,3,0), had no out-going switches
Warning 429: Node: 5133 with RR_type: CHANY  at Location:CHANY:5133 L2y length:2 (2,5,0 -> (2,4,0), had no out-going switches
Warning 430: Node: 5135 with RR_type: CHANY  at Location:CHANY:5135 L2y length:2 (2,5,0 -> (2,4,0), had no out-going switches
Warning 431: Node: 5137 with RR_type: CHANY  at Location:CHANY:5137 L2y length:2 (2,5,0 -> (2,4,0), had no out-going switches
Warning 432: Node: 5139 with RR_type: CHANY  at Location:CHANY:5139 L4y length:2 (2,5,0 -> (2,4,0), had no out-going switches
Warning 433: Node: 5141 with RR_type: CHANY  at Location:CHANY:5141 L4y length:2 (2,5,0 -> (2,4,0), had no out-going switches
Warning 434: Node: 5143 with RR_type: CHANY  at Location:CHANY:5143 L4y length:2 (2,5,0 -> (2,4,0), had no out-going switches
Warning 435: Node: 5145 with RR_type: CHANY  at Location:CHANY:5145 L4y length:2 (2,5,0 -> (2,4,0), had no out-going switches
Warning 436: Node: 5147 with RR_type: CHANY  at Location:CHANY:5147 L4y length:2 (2,5,0 -> (2,4,0), had no out-going switches
Warning 437: Node: 5149 with RR_type: CHANY  at Location:CHANY:5149 L1y length:1 (2,5,0 -> (2,5,0), had no out-going switches
Warning 438: Node: 5151 with RR_type: CHANY  at Location:CHANY:5151 L1y length:1 (2,5,0 -> (2,5,0), had no out-going switches
Warning 439: Node: 5153 with RR_type: CHANY  at Location:CHANY:5153 L1y length:1 (2,5,0 -> (2,5,0), had no out-going switches
Warning 440: Node: 5155 with RR_type: CHANY  at Location:CHANY:5155 L1y length:1 (2,5,0 -> (2,5,0), had no out-going switches
Warning 441: Node: 5157 with RR_type: CHANY  at Location:CHANY:5157 L1y length:1 (2,5,0 -> (2,5,0), had no out-going switches
Warning 442: Node: 5159 with RR_type: CHANY  at Location:CHANY:5159 L1y length:1 (2,5,0 -> (2,5,0), had no out-going switches
Warning 443: Node: 5161 with RR_type: CHANY  at Location:CHANY:5161 L2y length:1 (2,5,0 -> (2,5,0), had no out-going switches
Warning 444: Node: 5163 with RR_type: CHANY  at Location:CHANY:5163 L2y length:1 (2,5,0 -> (2,5,0), had no out-going switches
Warning 445: Node: 5165 with RR_type: CHANY  at Location:CHANY:5165 L2y length:1 (2,5,0 -> (2,5,0), had no out-going switches
Warning 446: Node: 5167 with RR_type: CHANY  at Location:CHANY:5167 L4y length:1 (2,5,0 -> (2,5,0), had no out-going switches
Warning 447: Node: 5169 with RR_type: CHANY  at Location:CHANY:5169 L4y length:1 (2,5,0 -> (2,5,0), had no out-going switches
Warning 448: Node: 5171 with RR_type: CHANY  at Location:CHANY:5171 L4y length:1 (2,5,0 -> (2,5,0), had no out-going switches
Warning 449: Node: 5173 with RR_type: CHANY  at Location:CHANY:5173 L4y length:1 (2,5,0 -> (2,5,0), had no out-going switches
Warning 450: Node: 5175 with RR_type: CHANY  at Location:CHANY:5175 L4y length:1 (2,5,0 -> (2,5,0), had no out-going switches
Warning 451: in check_rr_graph: fringe node 3936 CHANX at (0,0) has no fanin.
	 This is possible on a fringe node based on low Fc_out, N, and certain lengths.
## Build tileable routing resource graph took 0.61 seconds (max_rss 68.1 MiB, delta_rss +0.0 MiB)
  RR Graph Nodes: 5176
  RR Graph Edges: 25682
# Create Device took 0.67 seconds (max_rss 68.1 MiB, delta_rss +0.0 MiB)

Resource usage...
	Netlist
		0	blocks of type: ckbuf
	Architecture
		160	blocks of type: clb
	Netlist
		1	blocks of type: clb
	Architecture
		160	blocks of type: clb
	Netlist
		2	blocks of type: io_pi
	Architecture
		64	blocks of type: io_leftL
		64	blocks of type: io_rightL
		32	blocks of type: io_topL
		32	blocks of type: io_bottomL
	Netlist
		0	blocks of type: io_pi_pdc_ecb1
	Architecture
		32	blocks of type: io_bottomL
	Netlist
		1	blocks of type: io_po
	Architecture
		64	blocks of type: io_leftL
		64	blocks of type: io_rightL
		32	blocks of type: io_topL
		32	blocks of type: io_bottomL
	Netlist
		0	blocks of type: io_po_cko
	Architecture
		64	blocks of type: io_leftL
		64	blocks of type: io_rightL
		32	blocks of type: io_topL
		32	blocks of type: io_bottomL
	Netlist
		0	blocks of type: pcnt
	Architecture
		160	blocks of type: clb

Device Utilization: 0.01 (target 1.00)
	Physical Tile clb:
	Block Utilization: 0.00 Logical Block: ckbuf
	Block Utilization: 0.00 Logical Block: pcnt
	Block Utilization: 0.01 Logical Block: clb
	Physical Tile io_bottomL:
	Block Utilization: 0.00 Logical Block: io_po_cko
	Block Utilization: 0.03 Logical Block: io_po
	Block Utilization: 0.06 Logical Block: io_pi
	Block Utilization: 0.00 Logical Block: io_pi_pdc_ecb1
	Physical Tile io_leftL:
	Block Utilization: 0.00 Logical Block: io_po_cko
	Block Utilization: 0.02 Logical Block: io_po
	Block Utilization: 0.03 Logical Block: io_pi
	Physical Tile io_rightL:
	Block Utilization: 0.00 Logical Block: io_po_cko
	Block Utilization: 0.02 Logical Block: io_po
	Block Utilization: 0.03 Logical Block: io_pi
	Physical Tile io_topL:
	Block Utilization: 0.00 Logical Block: io_po_cko
	Block Utilization: 0.03 Logical Block: io_po
	Block Utilization: 0.06 Logical Block: io_pi


# Computing router lookahead map
## Computing wire lookahead
## Computing wire lookahead took 0.04 seconds (max_rss 68.1 MiB, delta_rss +0.0 MiB)
## Computing src/opin lookahead
Warning 452: Found no more sample locations for SOURCE in clb
Warning 453: Found no more sample locations for OPIN in clb
Warning 454: Found no more sample locations for SOURCE in io_bottomL
Warning 455: Found no more sample locations for OPIN in io_bottomL
Warning 456: Found no more sample locations for SOURCE in io_leftL
Warning 457: Found no more sample locations for OPIN in io_leftL
Warning 458: Found no more sample locations for SOURCE in io_rightL
Warning 459: Found no more sample locations for OPIN in io_rightL
Warning 460: Found no more sample locations for SOURCE in io_topL
Warning 461: Found no more sample locations for OPIN in io_topL
## Computing src/opin lookahead took 0.04 seconds (max_rss 68.1 MiB, delta_rss +0.0 MiB)
# Computing router lookahead map took 0.08 seconds (max_rss 68.1 MiB, delta_rss +0.0 MiB)
# Compressed grid construction
# Compressed grid construction took 0.00 seconds (max_rss 68.1 MiB, delta_rss +0.0 MiB)

Bounding box mode is Cube

# Computing placement delta delay look-up
RR graph channel widths unchanged, skipping RR graph rebuild
## Computing delta delays
## Computing delta delays took 0.02 seconds (max_rss 68.1 MiB, delta_rss +0.0 MiB)
Serial Connection Router is being destroyed. Time spent on path search: 0.007 seconds.
# Computing placement delta delay look-up took 0.02 seconds (max_rss 68.1 MiB, delta_rss +0.0 MiB)
# Placement
## Initial Placement
Initial placement iteration 0 has finished successfully
## Initial Placement took 0.00 seconds (max_rss 68.1 MiB, delta_rss +0.0 MiB)
Using simple RL 'Softmax agent' for choosing move and block types

Completed placement consistency check successfully.
Initial placement cost: 1 bb_cost: 0.21875 td_cost: 7.7051e-09
Initial placement BB estimate of wirelength: 14
Initial placement estimated Critical Path Delay (CPD): 6.22097 ns
Initial placement estimated setup Total Negative Slack (sTNS): -6.22097 ns
Initial placement estimated setup Worst Negative Slack (sWNS): -6.22097 ns

Initial placement estimated setup slack histogram:
[ -6.2e-09: -6.2e-09) 1 (100.0%) |**************************************************
[ -6.2e-09: -6.2e-09) 0 (  0.0%) |
[ -6.2e-09: -6.2e-09) 0 (  0.0%) |
[ -6.2e-09: -6.2e-09) 0 (  0.0%) |
[ -6.2e-09: -6.2e-09) 0 (  0.0%) |
[ -6.2e-09: -6.2e-09) 0 (  0.0%) |
[ -6.2e-09: -6.2e-09) 0 (  0.0%) |
[ -6.2e-09: -6.2e-09) 0 (  0.0%) |
[ -6.2e-09: -6.2e-09) 0 (  0.0%) |
[ -6.2e-09: -6.2e-09) 0 (  0.0%) |
Placement contains 0 placement macros involving 0 blocks (average macro size -nan)

Moves per temperature: 3
Warning 462: Starting t: 1 of 3 configurations accepted.

---- ------ ------- ------- ---------- ---------- ------- ---------- -------- ------- ------- ------ -------- --------- ------
Tnum   Time       T Av Cost Av BB Cost Av TD Cost     CPD       sTNS     sWNS Ac Rate Std Dev  R lim Crit Exp Tot Moves  Alpha
      (sec)                                          (ns)       (ns)     (ns)                                                 
---- ------ ------- ------- ---------- ---------- ------- ---------- -------- ------- ------- ------ -------- --------- ------
   1    0.0 0.0e+00   0.906       0.20 7.084e-09    6.221      -6.22   -6.221   0.667  0.0322    5.0     1.00         3  1.000
   2    0.0 0.0e+00   1.000       0.19 7.0656e-09   5.524      -5.52   -5.524   0.000  0.0000    5.0     1.00         6  0.950
## Placement Quench took 0.00 seconds (max_rss 68.1 MiB)
post-quench CPD = 5.52388 (ns) 

Completed placement consistency check successfully.

Swaps called: 9

Aborted Move Reasons:
  No moves aborted

BB estimate of min-dist (placement) wire length: 12

Placement estimated critical path delay (least slack): 5.52388 ns, Fmax: 181.032 MHz
Placement estimated setup Worst Negative Slack (sWNS): -5.52388 ns
Placement estimated setup Total Negative Slack (sTNS): -5.52388 ns

Placement estimated setup slack histogram:
[ -5.5e-09: -5.5e-09) 1 (100.0%) |**************************************************
[ -5.5e-09: -5.5e-09) 0 (  0.0%) |
[ -5.5e-09: -5.5e-09) 0 (  0.0%) |
[ -5.5e-09: -5.5e-09) 0 (  0.0%) |
[ -5.5e-09: -5.5e-09) 0 (  0.0%) |
[ -5.5e-09: -5.5e-09) 0 (  0.0%) |
[ -5.5e-09: -5.5e-09) 0 (  0.0%) |
[ -5.5e-09: -5.5e-09) 0 (  0.0%) |
[ -5.5e-09: -5.5e-09) 0 (  0.0%) |
[ -5.5e-09: -5.5e-09) 0 (  0.0%) |

Placement estimated geomean non-virtual intra-domain period: nan ns (nan MHz)
Placement estimated fanout-weighted geomean non-virtual intra-domain period: nan ns (nan MHz)

Placement cost: 1, bb_cost: 0.1875, td_cost: 7.06557e-09, 

Placement resource usage:
  clb   implemented as clb       : 1
  io_pi implemented as io_bottomL: 2
  io_po implemented as io_bottomL: 1

Placement number of temperatures: 2
Placement total # of swap attempts: 9
	Swaps accepted: 3 (33.3 %)
	Swaps rejected: 6 (66.7 %)
	Swaps aborted: 0 ( 0.0 %)


Placement perturbation distribution by block and move type: 
------------------ ----------------- ---------------- ---------------- --------------- ------------ 
    Block Type         Move Type       (%) of Total      Accepted(%)     Rejected(%)    Aborted(%)
------------------ ----------------- ---------------- ---------------- --------------- ------------ 
                   Crit. Uniform          11.11            0.00            100.00         0.00         

io_pi              Uniform                11.11            100.00          0.00           0.00         
                   Median                 33.33            0.00            100.00         0.00         
                   W. Centroid            11.11            100.00          0.00           0.00         
                   Feasible Region        11.11            0.00            100.00         0.00         

                   Median                 11.11            100.00          0.00           0.00         
                   Centroid               11.11            0.00            100.00         0.00         


Placement Quench timing analysis took 0.00010068 seconds (7.4391e-05 STA, 2.6289e-05 slack) (1 full updates: 1 setup, 0 hold, 0 combined).
Placement Total  timing analysis took 0.000512599 seconds (0.000391722 STA, 0.000120877 slack) (4 full updates: 4 setup, 0 hold, 0 combined).
update_td_costs: connections 0 nets 0 sum_nets 0 total 0
# Placement took 0.00 seconds (max_rss 68.1 MiB, delta_rss +0.0 MiB)

# Routing
RR graph channel widths unchanged, skipping RR graph rebuild
## Initializing router criticalities
Initial Net Connection Criticality Histogram:
[        0:      0.1) 0 (  0.0%) |
[      0.1:      0.2) 0 (  0.0%) |
[      0.2:      0.3) 0 (  0.0%) |
[      0.3:      0.4) 0 (  0.0%) |
[      0.4:      0.5) 0 (  0.0%) |
[      0.5:      0.6) 0 (  0.0%) |
[      0.6:      0.7) 0 (  0.0%) |
[      0.7:      0.8) 0 (  0.0%) |
[      0.8:      0.9) 0 (  0.0%) |
[      0.9:        1) 3 (100.0%) |*************************************************
## Initializing router criticalities took 0.00 seconds (max_rss 68.1 MiB, delta_rss +0.0 MiB)
---- ------ ------- ---- ------- ------- ------- ----------------- --------------- -------- ---------- ---------- ---------- ---------- --------
Iter   Time    pres  BBs    Heap  Re-Rtd  Re-Rtd Overused RR Nodes      Wirelength      CPD       sTNS       sWNS       hTNS       hWNS Est Succ
      (sec)     fac Updt    push    Nets   Conns                                       (ns)       (ns)       (ns)       (ns)       (ns)     Iter
---- ------ ------- ---- ------- ------- ------- ----------------- --------------- -------- ---------- ---------- ---------- ---------- --------
   1    0.0     0.0    0     225       3       3       3 ( 0.058%)      14 ( 0.6%)    8.986     -8.986     -8.986      0.000      0.000      N/A
Incr Slack updates 4 in 1.6691e-05 sec
Full Max Req/Worst Slack updates 2 in 9.83e-06 sec
Incr Max Req/Worst Slack updates 2 in 2.2363e-05 sec
Incr Criticality updates 2 in 2.0219e-05 sec
Full Criticality updates 2 in 2.2783e-05 sec
   2    0.0     0.5    0     136       2       2       3 ( 0.058%)      14 ( 0.6%)    8.986     -8.986     -8.986      0.000      0.000      N/A
   3    0.0     0.6    0     136       2       2       3 ( 0.058%)      14 ( 0.6%)    8.986     -8.986     -8.986      0.000      0.000      N/A
   4    0.0     0.8    0     136       2       2       3 ( 0.058%)      14 ( 0.6%)    8.986     -8.986     -8.986      0.000      0.000      N/A
   5    0.0     1.1    0     136       2       2       3 ( 0.058%)      14 ( 0.6%)    8.986     -8.986     -8.986      0.000      0.000      N/A
   6    0.0     1.4    0     141       2       2       3 ( 0.058%)      14 ( 0.6%)    8.986     -8.986     -8.986      0.000      0.000      N/A
   7    0.0     1.9    0     141       2       2       3 ( 0.058%)      14 ( 0.6%)    8.986     -8.986     -8.986      0.000      0.000      N/A
   8    0.0     2.4    0     106       1       1       0 ( 0.000%)      15 ( 0.7%)    8.986     -8.986     -8.986      0.000      0.000      N/A
Restoring best routing
Critical path: 8.98603 ns
Successfully routed after 8 routing iterations.
Final Net Connection Criticality Histogram:
[        0:      0.1) 0 (  0.0%) |
[      0.1:      0.2) 0 (  0.0%) |
[      0.2:      0.3) 0 (  0.0%) |
[      0.3:      0.4) 0 (  0.0%) |
[      0.4:      0.5) 0 (  0.0%) |
[      0.5:      0.6) 0 (  0.0%) |
[      0.6:      0.7) 0 (  0.0%) |
[      0.7:      0.8) 0 (  0.0%) |
[      0.8:      0.9) 0 (  0.0%) |
[      0.9:        1) 3 (100.0%) |*************************************************
Router Stats: total_nets_routed: 16 total_connections_routed: 16 total_heap_pushes: 1157 total_heap_pops: 607 
Serial Connection Router is being destroyed. Time spent on path search: 0.002 seconds.
# Routing took 0.02 seconds (max_rss 68.1 MiB, delta_rss +0.0 MiB)

Checking to ensure routing is legal...
# Checking to ensure non-configurable edges are legal
# Checking to ensure non-configurable edges are legal took 0.00 seconds (max_rss 68.1 MiB, delta_rss +0.0 MiB)
Completed routing consistency check successfully.

Serial number (magic cookie) for the routing is: -23672
Circuit successfully routed with a channel width factor of 64.
Warning 463: Sychronization between packing and routing results is not applied due to users select to skip it
Final Clustering Statistics: 
----------   --------   ------------------------------------   --------------------------
Block Type   # Blocks   Avg. # of input clocks and pins used   Avg. # of output pins used
----------   --------   ------------------------------------   --------------------------
     EMPTY          0                                      0                            0   
     ckbuf          0                                      0                            0   
       clb          1                                      2                            1   
     io_pi          2                                      0                            1   
io_pi_pdc_ecb1          0                                      0                            0   
     io_po          1                                      1                            0   
 io_po_cko          0                                      0                            0   
      pcnt          0                                      0                            0   
Absorbed logical nets 0 out of 3 nets, 3 nets not absorbed.


Average number of bends per net: 1.33333  Maximum # of bends: 2

Number of global nets: 0
Number of routed nets (nonglobal): 3
Wire length results (in units of 1 clb segments)...
	Total wirelength: 15, average net length: 5.00000
	Maximum net length: 7

Wire length results in terms of physical segments...
	Total wiring segments used: 8, average wire segments per net: 2.66667
	Maximum segments used by a net: 3
	Total local nets with reserved CLB opins: 0
Total number of nets absorbed: 0

Routing channel utilization histogram:
[        1:      inf)  0 (  0.0%) |
[      0.9:        1)  0 (  0.0%) |
[      0.8:      0.9)  0 (  0.0%) |
[      0.7:      0.8)  0 (  0.0%) |
[      0.5:      0.6)  0 (  0.0%) |
[      0.4:      0.5)  0 (  0.0%) |
[      0.3:      0.4)  0 (  0.0%) |
[      0.2:      0.3)  0 (  0.0%) |
[      0.1:      0.2)  0 (  0.0%) |
[        0:      0.1) 30 (100.0%) |************************************************
Maximum routing channel utilization:     0.047 at (2,0)

X - Directed channels:   j max occ ave occ capacity
                      ---- ------- ------- --------
                         0       3   1.500       64
                         1       0   0.000       64
                         2       1   0.500       64
                         3       0   0.000       64
                         4       0   0.000       64
Y - Directed channels:   i max occ ave occ capacity
                      ---- ------- ------- --------
                         0       0   0.000       64
                         1       1   0.333       64
                         2       2   0.667       64

Total tracks in x-direction: 320, in y-direction: 192

Logic area (in minimum width transistor areas, excludes I/Os and empty grid tiles)...
	Total logic block area (Warning, need to add pitch of routing to blocks with height > 3): 0
	Total used logic block area: 0

Routing area (in minimum width transistor areas)...
	Total routing area: 126400., per logic tile: 5266.67

Total Number of Wiring Segments by Direction: direction length number
                                              --------- ------ -------
                                                      X      1    216
                                                      Y      1    192
                                                      X      2    138
                                                      Y      2    114
                                                      X      4    330
                                                      Y      4    250

X - Directed Wiring Segment usage by length: length utilization
                                             ------ -----------
                                             1           0
                                             2      0.0145
                                             4     0.00606

Y - Directed Wiring Segment usage by length: length utilization
                                             ------ -----------
                                             1      0.0104
                                             2      0.0175
                                             4           0

Segment occupancy by length: Length utilization
                             ------ -----------
                             L1          0.0049
                             L2          0.0159
                             L4         0.00345

Segment occupancy by type: name type utilization
                           ---- ---- -----------
                            L1x    0           0
                            L2x    1      0.0145
                            L4x    2     0.00606
                            L1y    3      0.0104
                            L2y    4      0.0175
                            L4y    5           0

Final hold Worst Negative Slack (hWNS): 0 ns
Final hold Total Negative Slack (hTNS): 0 ns

Final hold slack histogram:
[  8.8e-09:  8.8e-09) 1 (100.0%) |**************************************************
[  8.8e-09:  8.8e-09) 0 (  0.0%) |
[  8.8e-09:  8.8e-09) 0 (  0.0%) |
[  8.8e-09:  8.8e-09) 0 (  0.0%) |
[  8.8e-09:  8.8e-09) 0 (  0.0%) |
[  8.8e-09:  8.8e-09) 0 (  0.0%) |
[  8.8e-09:  8.8e-09) 0 (  0.0%) |
[  8.8e-09:  8.8e-09) 0 (  0.0%) |
[  8.8e-09:  8.8e-09) 0 (  0.0%) |
[  8.8e-09:  8.8e-09) 0 (  0.0%) |

Final critical path delay (least slack): 8.98603 ns, Fmax: 111.284 MHz
Final setup Worst Negative Slack (sWNS): -8.98603 ns
Final setup Total Negative Slack (sTNS): -8.98603 ns

Final setup slack histogram:
[   -9e-09:   -9e-09) 1 (100.0%) |**************************************************
[   -9e-09:   -9e-09) 0 (  0.0%) |
[   -9e-09:   -9e-09) 0 (  0.0%) |
[   -9e-09:   -9e-09) 0 (  0.0%) |
[   -9e-09:   -9e-09) 0 (  0.0%) |
[   -9e-09:   -9e-09) 0 (  0.0%) |
[   -9e-09:   -9e-09) 0 (  0.0%) |
[   -9e-09:   -9e-09) 0 (  0.0%) |
[   -9e-09:   -9e-09) 0 (  0.0%) |
[   -9e-09:   -9e-09) 0 (  0.0%) |

Final geomean non-virtual intra-domain period: nan ns (nan MHz)
Final fanout-weighted geomean non-virtual intra-domain period: nan ns (nan MHz)

Incr Slack updates 1 in 5.35e-06 sec
Full Max Req/Worst Slack updates 1 in 5.45e-06 sec
Incr Max Req/Worst Slack updates 0 in 0 sec
Incr Criticality updates 0 in 0 sec
Full Criticality updates 1 in 1.3385e-05 sec
Flow timing analysis took 0.0035508 seconds (0.00296799 STA, 0.000582814 slack) (15 full updates: 5 setup, 0 hold, 10 combined).
VPR succeeded
The entire flow of VPR took 1.36 seconds (max_rss 68.1 MiB)

Command line to execute: exit

Confirm selected options when call command 'exit':

Finish execution with 0 errors

The entire OpenFPGA flow took 1.35 seconds

Thank you for using OpenFPGA!
Incr Slack updates 9 in 3.615e-05 sec
Full Max Req/Worst Slack updates 1 in 4.609e-06 sec
Incr Max Req/Worst Slack updates 8 in 4.9001e-05 sec
Incr Criticality updates 7 in 7.6754e-05 sec
Full Criticality updates 2 in 2.3885e-05 sec
