#Timing report of worst 1 path(s)
# Unit scale: 1e-09 seconds
# Output precision: 3

#Path 1
Startpoint: a.inpad[0] (.input at (2, 0, 0) clocked by virtual_io_clock)
Endpoint  : out:c.outpad[0] (.output at (2, 0, 0) clocked by virtual_io_clock)
Path Type : hold

Point                                                             Incr      Path
--------------------------------------------------------------------------------
clock virtual_io_clock (rise edge)                               0.000     0.000
clock source latency                                             0.000     0.000
input external delay                                             0.000     0.000
a.inpad[0] (.input at (2, 0, 0))                                 0.000     0.000
| (intra 'io_pi' routing)                                        0.000     0.000
| (OPIN:252 side: (TOP,) (2,0,0))                                0.000     0.000
| (CHANX:4048 L4x length:2 (2,0,0 -> (3,0,0))                    1.662     1.662
| (CHANY:5048 L2y length:2 (2,1,0 -> (2,2,0))                    1.103     2.765
| (IPIN:1774 side: (RIGHT,) (2,2,0))                             0.693     3.459
| (intra 'clb' routing)                                          0.000     3.459
c.in[1] (.names at (2, 2, 0))                                    0.000     3.459
| (primitive '.names' combinational delay)                       0.607     4.065
c.out[0] (.names at (2, 2, 0))                                   0.000     4.065
| (intra 'clb' routing)                                          0.000     4.065
| (OPIN:1675 side: (TOP,) (2,2,0))                               0.000     4.065
| (CHANX:4269 L4x length:3 (2,2,0 -> (0,2,0))                    1.662     5.727
| (CHANY:4845 L2y length:2 (1,2,0 -> (1,1,0))                    1.103     6.831
| (CHANX:4042 L2x length:2 (2,0,0 -> (3,0,0))                    1.103     7.934
| (IPIN:276 side: (TOP,) (2,0,0))                                0.694     8.627
| (intra 'io_po' routing)                                        0.207     8.834
out:c.outpad[0] (.output at (2, 0, 0))                          -0.000     8.834
data arrival time                                                          8.834

clock virtual_io_clock (rise edge)                               0.000     0.000
clock source latency                                             0.000     0.000
clock uncertainty                                                0.000     0.000
output external delay                                            0.000     0.000
data required time                                                         0.000
--------------------------------------------------------------------------------
data required time                                                        -0.000
data arrival time                                                          8.834
--------------------------------------------------------------------------------
slack (MET)                                                                8.834


#End of timing report
