 
****************************************
Report : timing
        -path full
        -delay max
        -max_paths 1
Design : cby_2_
Version: Q-2019.12-SP4
--removed--
****************************************

Operating Conditions: tt_v1p1_25c   Library: scc40ulp_uhdc40_hvt_tt_v1p1_25c_basic
Wire Load Model Mode: top

  Startpoint: ccff_head[0]
              (input port clocked by PROG_CLK)
  Endpoint: cby_2__config_group_mem_size176/mem_right_ipin_0_EFPGA_CCFF_0__q_reg_reg
            (rising edge-triggered flip-flop clocked by PROG_CLK)
  Path Group: PROG_CLK
  Path Type: max

  Point                                                   Incr       Path
  --------------------------------------------------------------------------
  clock PROG_CLK (rise edge)                              0.00       0.00
  clock network delay (ideal)                             0.00       0.00
  input external delay                                   10.00      10.00 r
  ccff_head[0] (in)                                       0.00      10.00 r
  cby_2__config_group_mem_size176/ccff_head[0] (cby_2__config_group_mem_size176)
                                                          0.00      10.00 r
  cby_2__config_group_mem_size176/mem_right_ipin_0_del1/Z (BUFV1_7TH40)
                                                          0.04      10.04 r
  cby_2__config_group_mem_size176/mem_right_ipin_0_del2/Z (BUFV1_7TH40)
                                                          0.06      10.10 r
  cby_2__config_group_mem_size176/mem_right_ipin_0_del3_0/Z (BUFV1_7TH40)
                                                          0.06      10.16 r
  cby_2__config_group_mem_size176/mem_right_ipin_0_EFPGA_CCFF_0__q_reg_reg/D (DRQV1_7TH40)
                                                          0.00      10.16 r
  data arrival time                                                 10.16

  clock PROG_CLK (rise edge)                             20.00      20.00
  clock network delay (ideal)                             0.00      20.00
  clock uncertainty                                      -0.02      19.98
  cby_2__config_group_mem_size176/mem_right_ipin_0_EFPGA_CCFF_0__q_reg_reg/CK (DRQV1_7TH40)
                                                          0.00      19.98 r
  library setup time                                     -0.11      19.87
  data required time                                                19.87
  --------------------------------------------------------------------------
  data required time                                                19.87
  data arrival time                                                -10.16
  --------------------------------------------------------------------------
  slack (MET)                                                        9.71


  Startpoint: chany_bottom_in[63]
              (input port clocked by vCLK)
  Endpoint: chany_top_out[63]
            (output port clocked by vCLK)
  Path Group: vCLK
  Path Type: max

  Point                                    Incr       Path
  -----------------------------------------------------------
  clock vCLK (rise edge)                   0.00       0.00
  clock network delay (ideal)              0.00       0.00
  input external delay                     0.00       0.00 r
  chany_bottom_in[63] (in)                 0.00       0.00 r
  cb_mux_buf_b_52_0/Z (BUFV6_7TR40)        0.04       0.04 r
  U1258/ZN (CLKINV2_7TR40)                 0.02       0.06 f
  U1259/ZN (CLKINV2_7TR40)                 0.06       0.13 r
  chany_top_out[63] (out)                  0.00       0.13 r
  data arrival time                                   0.13

  clock vCLK (rise edge)                   4.00       4.00
  clock network delay (ideal)              0.00       4.00
  clock uncertainty                       -0.02       3.98
  output external delay                    0.00       3.98
  data required time                                  3.98
  -----------------------------------------------------------
  data required time                                  3.98
  data arrival time                                  -0.13
  -----------------------------------------------------------
  slack (MET)                                         3.85


1
