Information: Updating graph... (UID-83)
 
****************************************
Report : reference
Design : sb_8_
Version: Q-2019.12-SP4
--removed--
****************************************

Attributes:
    b - black box (unknown)
   bo - allows boundary optimization
    d - dont_touch
   mo - map_only
    h - hierarchical
    n - noncombinational
    r - removable
    s - synthetic operator
   td - set_target_library_subset -dont_use somewhere in design
    u - contains unmapped logic

Reference          Library       Unit Area   Count    Total Area   Attributes
-----------------------------------------------------------------------------
AND2V2_7TR40       scc40ulp_uhdc40_rvt_tt_v1p1_25c_basic     0.744800       1     0.744800
AND3V2_7TR40       scc40ulp_uhdc40_rvt_tt_v1p1_25c_basic     0.931000       8     7.448000
AO1B2V2_7TR40      scc40ulp_uhdc40_rvt_tt_v1p1_25c_basic     1.117200       6     6.703200
AO1B2V4_7TR40      scc40ulp_uhdc40_rvt_tt_v1p1_25c_basic     1.489600       1     1.489600
AO12V2_7TR40       scc40ulp_uhdc40_rvt_tt_v1p1_25c_basic     0.931000       1     0.931000
AO22V2_7TR40       scc40ulp_uhdc40_rvt_tt_v1p1_25c_basic     1.303400       2     2.606800
AO32V2_7TR40       scc40ulp_uhdc40_rvt_tt_v1p1_25c_basic     1.489600       2     2.979200
AO221V2_7TR40      scc40ulp_uhdc40_rvt_tt_v1p1_25c_basic     1.489600       4     5.958400
AOAI211V2_7TR40    scc40ulp_uhdc40_rvt_tt_v1p1_25c_basic     1.117200       2     2.234400
AOAI211V4_7TR40    scc40ulp_uhdc40_rvt_tt_v1p1_25c_basic     1.862000       5     9.310000
AOI21BV4_7TR40     scc40ulp_uhdc40_rvt_tt_v1p1_25c_basic     1.675800       2     3.351600
AOI21V2_7TR40      scc40ulp_uhdc40_rvt_tt_v1p1_25c_basic     0.744800      18    13.406399
AOI21V4_7TR40      scc40ulp_uhdc40_rvt_tt_v1p1_25c_basic     1.303400      19    24.764601
AOI22BBV2_7TR40    scc40ulp_uhdc40_rvt_tt_v1p1_25c_basic     1.303400       2     2.606800
AOI22V2_7TR40      scc40ulp_uhdc40_rvt_tt_v1p1_25c_basic     0.931000      77    71.687000
AOI22V4_7TR40      scc40ulp_uhdc40_rvt_tt_v1p1_25c_basic     1.675800       8    13.406400
AOI31V2_7TR40      scc40ulp_uhdc40_rvt_tt_v1p1_25c_basic     0.931000       8     7.448000
AOI31V4_7TR40      scc40ulp_uhdc40_rvt_tt_v1p1_25c_basic     1.862000       4     7.448000
AOI32V2_7TR40      scc40ulp_uhdc40_rvt_tt_v1p1_25c_basic     1.117200      30    33.516001
AOI33V2_7TR40      scc40ulp_uhdc40_rvt_tt_v1p1_25c_basic     1.303400       1     1.303400
AOI211V2_7TR40     scc40ulp_uhdc40_rvt_tt_v1p1_25c_basic     0.931000       3     2.793000
AOI211V4_7TR40     scc40ulp_uhdc40_rvt_tt_v1p1_25c_basic     1.675800       1     1.675800
AOI221V2_7TR40     scc40ulp_uhdc40_rvt_tt_v1p1_25c_basic     1.303400       3     3.910200
AOI222V2_7TR40     scc40ulp_uhdc40_rvt_tt_v1p1_25c_basic     1.489600       2     2.979200
BUFV6_7TR40        scc40ulp_uhdc40_rvt_tt_v1p1_25c_basic     0.931000     216   201.095999 td
CLKAND2V2_7TR40    scc40ulp_uhdc40_rvt_tt_v1p1_25c_basic     0.744800      54    40.219198
CLKBUFV4_7TL40     scc40ulp_uhdc40_lvt_tt_v1p1_25c_basic     0.744800      40    29.791999
CLKBUFV4_7TR40     scc40ulp_uhdc40_rvt_tt_v1p1_25c_basic     0.744800       1     0.744800
CLKINV2_7TR40      scc40ulp_uhdc40_rvt_tt_v1p1_25c_basic     0.372400     360   134.063995
CLKINV4_7TR40      scc40ulp_uhdc40_rvt_tt_v1p1_25c_basic     0.558600      17     9.496200
INV2_7TR40         scc40ulp_uhdc40_rvt_tt_v1p1_25c_basic     0.372400      44    16.385599
INV4_7TR40         scc40ulp_uhdc40_rvt_tt_v1p1_25c_basic     0.558600      42    23.461200
NAND2V2_7TR40      scc40ulp_uhdc40_rvt_tt_v1p1_25c_basic     0.558600     194   108.368402
NAND2V4_7TR40      scc40ulp_uhdc40_rvt_tt_v1p1_25c_basic     0.931000      63    58.653000
NAND2XBV2_7TR40    scc40ulp_uhdc40_rvt_tt_v1p1_25c_basic     0.931000      24    22.344000
NAND2XBV4_7TR40    scc40ulp_uhdc40_rvt_tt_v1p1_25c_basic     1.303400       1     1.303400
NAND3BBV2_7TR40    scc40ulp_uhdc40_rvt_tt_v1p1_25c_basic     1.117200       2     2.234400
NAND3CV4_7TR40     scc40ulp_uhdc40_rvt_tt_v1p1_25c_basic     1.489600      10    14.895999
NAND3V2_7TR40      scc40ulp_uhdc40_rvt_tt_v1p1_25c_basic     0.744800      21    15.640799
NAND3XXBV2_7TR40   scc40ulp_uhdc40_rvt_tt_v1p1_25c_basic     1.117200       2     2.234400
NAND3XXBV4_7TR40   scc40ulp_uhdc40_rvt_tt_v1p1_25c_basic     1.862000      11    20.482000
NAND4CV2_7TR40     scc40ulp_uhdc40_rvt_tt_v1p1_25c_basic     0.931000       6     5.586000
NAND4CV4_7TR40     scc40ulp_uhdc40_rvt_tt_v1p1_25c_basic     1.862000       2     3.724000
NAND4V2_7TR40      scc40ulp_uhdc40_rvt_tt_v1p1_25c_basic     0.931000       7     6.517000
NAND4V4_7TR40      scc40ulp_uhdc40_rvt_tt_v1p1_25c_basic     1.862000       2     3.724000
NAND4XXXBV2_7TR40  scc40ulp_uhdc40_rvt_tt_v1p1_25c_basic     1.303400       1     1.303400
NOR2CV2_7TR40      scc40ulp_uhdc40_rvt_tt_v1p1_25c_basic     0.558600      74    41.336401
NOR2CV4_7TR40      scc40ulp_uhdc40_rvt_tt_v1p1_25c_basic     0.931000      42    39.102000
NOR2V2_7TR40       scc40ulp_uhdc40_rvt_tt_v1p1_25c_basic     0.558600      41    22.902600
NOR2V4_7TR40       scc40ulp_uhdc40_rvt_tt_v1p1_25c_basic     0.931000      10     9.310000
NOR2XBV2_7TR40     scc40ulp_uhdc40_rvt_tt_v1p1_25c_basic     0.931000      13    12.103000
NOR3CV2_7TR40      scc40ulp_uhdc40_rvt_tt_v1p1_25c_basic     0.744800       3     2.234400
NOR3CV4_7TR40      scc40ulp_uhdc40_rvt_tt_v1p1_25c_basic     1.489600       1     1.489600
NOR3V4_7TR40       scc40ulp_uhdc40_rvt_tt_v1p1_25c_basic     1.489600       1     1.489600
NOR4BBV4_7TR40     scc40ulp_uhdc40_rvt_tt_v1p1_25c_basic     2.048200       1     2.048200
NOR4V2_7TR40       scc40ulp_uhdc40_rvt_tt_v1p1_25c_basic     0.931000       1     0.931000
OA1B2V2_7TR40      scc40ulp_uhdc40_rvt_tt_v1p1_25c_basic     1.117200       1     1.117200
OA12V2_7TR40       scc40ulp_uhdc40_rvt_tt_v1p1_25c_basic     0.931000       7     6.517000
OA22V2_7TR40       scc40ulp_uhdc40_rvt_tt_v1p1_25c_basic     1.303400       9    11.730600
OAI21BV2_7TR40     scc40ulp_uhdc40_rvt_tt_v1p1_25c_basic     1.117200       5     5.586000
OAI21BV4_7TR40     scc40ulp_uhdc40_rvt_tt_v1p1_25c_basic     1.675800      14    23.461200
OAI21V2_7TR40      scc40ulp_uhdc40_rvt_tt_v1p1_25c_basic     0.744800      80    59.583998
OAI21V4_7TR40      scc40ulp_uhdc40_rvt_tt_v1p1_25c_basic     1.303400      43    56.046202
OAI22BBV2_7TR40    scc40ulp_uhdc40_rvt_tt_v1p1_25c_basic     1.303400       2     2.606800
OAI22V2_7TR40      scc40ulp_uhdc40_rvt_tt_v1p1_25c_basic     0.931000      18    16.758000
OAI22V4_7TR40      scc40ulp_uhdc40_rvt_tt_v1p1_25c_basic     1.675800      14    23.461200
OAI31V2_7TR40      scc40ulp_uhdc40_rvt_tt_v1p1_25c_basic     0.931000      41    38.171000
OAI31V4_7TR40      scc40ulp_uhdc40_rvt_tt_v1p1_25c_basic     1.862000       1     1.862000
OAI32V2_7TR40      scc40ulp_uhdc40_rvt_tt_v1p1_25c_basic     1.117200       1     1.117200
OAI211V2_7TR40     scc40ulp_uhdc40_rvt_tt_v1p1_25c_basic     0.931000      22    20.482000
OAI211V4_7TR40     scc40ulp_uhdc40_rvt_tt_v1p1_25c_basic     1.675800      18    30.164399
OAI212V2_7TR40     scc40ulp_uhdc40_rvt_tt_v1p1_25c_basic     1.117200     144   160.876802
OAI212V4_7TR40     scc40ulp_uhdc40_rvt_tt_v1p1_25c_basic     2.234400       1     2.234400
OAOI211V2_7TR40    scc40ulp_uhdc40_rvt_tt_v1p1_25c_basic     1.117200       1     1.117200
OAOI211V4_7TR40    scc40ulp_uhdc40_rvt_tt_v1p1_25c_basic     1.862000       4     7.448000
OR2V2_7TR40        scc40ulp_uhdc40_rvt_tt_v1p1_25c_basic     0.744800      37    27.557599
OR2V4_7TR40        scc40ulp_uhdc40_rvt_tt_v1p1_25c_basic     0.931000       8     7.448000
OR3V2_7TR40        scc40ulp_uhdc40_rvt_tt_v1p1_25c_basic     0.931000       6     5.586000
sb_8__config_group_mem_size360  1840.400827       1  1840.400827  h, n
-----------------------------------------------------------------------------
Total 79 references                                  3437.252017

****************************************
Design: sb_8__config_group_mem_size360 
****************************************
Reference          Library       Unit Area   Count    Total Area   Attributes
-----------------------------------------------------------------------------
BUFV1_7TH40        scc40ulp_uhdc40_hvt_tt_v1p1_25c_basic     0.558600     374   208.916403
CLKBUFV4_7TR40     scc40ulp_uhdc40_rvt_tt_v1p1_25c_basic     0.744800      28    20.854399
CLKINV2_7TH40      scc40ulp_uhdc40_hvt_tt_v1p1_25c_basic     0.372400     364   135.553595
DRQV1_7TH40        scc40ulp_uhdc40_hvt_tt_v1p1_25c_basic     3.537800     360  1273.608027 n
INV2_7TH40         scc40ulp_uhdc40_hvt_tt_v1p1_25c_basic     0.372400       1     0.372400
NAND2V1_7TH40      scc40ulp_uhdc40_hvt_tt_v1p1_25c_basic     0.558600     360   201.096003
-----------------------------------------------------------------------------
Total 6 references                                   1840.400827
 
****************************************
Report : area
Design : sb_8_
Version: Q-2019.12-SP4
--removed--
****************************************

Information: Updating design information... (UID-85)
Library(s) Used:

    scc40ulp_uhdc40_rvt_tt_v1p1_25c_basic (File: /eda/internal/alkaid_infra/pdk/s40/s40ulp/std_cell/SCC40ULP_UHDC40_RVT_V0p2/liberty/1.1v/scc40ulp_uhdc40_rvt_tt_v1p1_25c_basic.db)
    scc40ulp_uhdc40_lvt_tt_v1p1_25c_basic (File: /eda/internal/alkaid_infra/pdk/s40/s40ulp/std_cell/SCC40ULP_UHDC40_LVT/V0p2/liberty/1.1v/scc40ulp_uhdc40_lvt_tt_v1p1_25c_basic.db)
    scc40ulp_uhdc40_hvt_tt_v1p1_25c_basic (File: /eda/internal/alkaid_infra/pdk/s40/s40ulp/std_cell/SCC40ULP_UHDC40_HVT/V0p2/liberty/1.1v/scc40ulp_uhdc40_hvt_tt_v1p1_25c_basic.db)

Number of ports:                         1309
Number of nets:                          4173
Number of cells:                         3482
Number of combinational cells:           3121
Number of sequential cells:               360
Number of macros/black boxes:               0
Number of buf/inv:                       1487
Number of references:                      79

Combinational area:               2163.643990
Buf/Inv area:                      780.736590
Noncombinational area:            1273.608027
Macro/Black Box area:                0.000000
Net Interconnect area:      undefined  (No wire load specified)

Total cell area:                  3437.252017
Total area:                 undefined
1
