Information: Propagating switching activity (low effort zero delay simulation). (PWR-6)
Warning: Design has unannotated primary inputs. (PWR-414)
 
****************************************
Report : power
        -hier
        -analysis_effort low
Design : cbx_0_
Version: Q-2019.12-SP4
--removed--
****************************************


Library(s) Used:

    scc40ulp_uhdc40_rvt_tt_v1p1_25c_basic (File: /eda/internal/alkaid_infra/pdk/s40/s40ulp/std_cell/SCC40ULP_UHDC40_RVT_V0p2/liberty/1.1v/scc40ulp_uhdc40_rvt_tt_v1p1_25c_basic.db)


Operating Conditions: tt_v1p1_25c   Library: scc40ulp_uhdc40_hvt_tt_v1p1_25c_basic
Wire Load Model Mode: top


Global Operating Voltage = 1.1  
Power-specific unit information :
    Voltage Units = 1V
    Capacitance Units = 1.000000pf
    Time Units = 1ns
    Dynamic Power Units = 1mW    (derived from V,C,T units)
    Leakage Power Units = 1uW


--------------------------------------------------------------------------------
                                       Switch   Int      Leak     Total
Hierarchy                              Power    Power    Power    Power    %
--------------------------------------------------------------------------------
cbx_0_                                 1.57e-03 1.51e-02 8.31e-02 1.68e-02 100.0
1
