Information: Propagating switching activity (low effort zero delay simulation). (PWR-6)
Warning: Design has unannotated primary inputs. (PWR-414)
Warning: Design has unannotated sequential cell outputs. (PWR-415)
 
****************************************
Report : power
        -hier
        -analysis_effort low
Design : grid_io_rightL_right
Version: Q-2019.12-SP4
--removed--
****************************************


Library(s) Used:

    scc40ulp_uhdc40_hvt_tt_v1p1_25c_basic (File: /eda/internal/alkaid_infra/pdk/s40/s40ulp/std_cell/SCC40ULP_UHDC40_HVT/V0p2/liberty/1.1v/scc40ulp_uhdc40_hvt_tt_v1p1_25c_basic.db)
    scc40ulp_uhdc40_rvt_tt_v1p1_25c_basic (File: /eda/internal/alkaid_infra/pdk/s40/s40ulp/std_cell/SCC40ULP_UHDC40_RVT_V0p2/liberty/1.1v/scc40ulp_uhdc40_rvt_tt_v1p1_25c_basic.db)
    scc40ulp_uhdc40_lvt_tt_v1p1_25c_basic (File: /eda/internal/alkaid_infra/pdk/s40/s40ulp/std_cell/SCC40ULP_UHDC40_LVT/V0p2/liberty/1.1v/scc40ulp_uhdc40_lvt_tt_v1p1_25c_basic.db)


Operating Conditions: tt_v1p1_25c   Library: scc40ulp_uhdc40_hvt_tt_v1p1_25c_basic
Wire Load Model Mode: top


Global Operating Voltage = 1.1  
Power-specific unit information :
    Voltage Units = 1V
    Capacitance Units = 1.000000pf
    Time Units = 1ns
    Dynamic Power Units = 1mW    (derived from V,C,T units)
    Leakage Power Units = 1uW


--------------------------------------------------------------------------------
                                       Switch   Int      Leak     Total
Hierarchy                              Power    Power    Power    Power    %
--------------------------------------------------------------------------------
grid_io_rightL_right                   6.27e-03 4.08e-02 7.66e-02 4.72e-02 100.0
  grid_io_rightL_right_config_group_mem_size136 (grid_io_rightL_right_config_group_mem_size136)
                                       5.57e-03 3.82e-02 1.03e-02 4.37e-02  92.7
  logical_tile_io_po_mode_io_po__14 (grid_io_rightL_right_logical_tile_io_po_mode_io_po_)
                                       4.08e-05 1.39e-04 4.42e-03 1.84e-04   0.4
    logical_tile_io_po_mode_io_po_physical_mode__po_pad_0_logical_tile_io_po_mode_io_po_physical_mode__po_pad_mode_po_pad_default_mode__p_io_scffo_p_io_scffo_0 (grid_io_rightL_right_logical_tile_io_po_mode_io_po_physical_mode__po_pad_mode_po_pad_default_mode__p_io_scffo_p_io_scffo)
                                       3.89e-05 1.30e-04 4.20e-03 1.73e-04   0.4
  logical_tile_io_po_mode_io_po__13 (grid_io_rightL_right_logical_tile_io_po_mode_io_po_)
                                       4.05e-05 1.38e-04 4.42e-03 1.83e-04   0.4
    logical_tile_io_po_mode_io_po_physical_mode__po_pad_0_logical_tile_io_po_mode_io_po_physical_mode__po_pad_mode_po_pad_default_mode__p_io_scffo_p_io_scffo_0 (grid_io_rightL_right_logical_tile_io_po_mode_io_po_physical_mode__po_pad_mode_po_pad_default_mode__p_io_scffo_p_io_scffo)
                                       3.86e-05 1.29e-04 4.20e-03 1.72e-04   0.4
  logical_tile_io_po_mode_io_po__12 (grid_io_rightL_right_logical_tile_io_po_mode_io_po_)
                                       4.05e-05 1.37e-04 4.42e-03 1.82e-04   0.4
    logical_tile_io_po_mode_io_po_physical_mode__po_pad_0_logical_tile_io_po_mode_io_po_physical_mode__po_pad_mode_po_pad_default_mode__p_io_scffo_p_io_scffo_0 (grid_io_rightL_right_logical_tile_io_po_mode_io_po_physical_mode__po_pad_mode_po_pad_default_mode__p_io_scffo_p_io_scffo)
                                       3.87e-05 1.29e-04 4.20e-03 1.72e-04   0.4
  logical_tile_io_po_mode_io_po__11 (grid_io_rightL_right_logical_tile_io_po_mode_io_po_)
                                       4.03e-05 1.37e-04 4.42e-03 1.82e-04   0.4
    logical_tile_io_po_mode_io_po_physical_mode__po_pad_0_logical_tile_io_po_mode_io_po_physical_mode__po_pad_mode_po_pad_default_mode__p_io_scffo_p_io_scffo_0 (grid_io_rightL_right_logical_tile_io_po_mode_io_po_physical_mode__po_pad_mode_po_pad_default_mode__p_io_scffo_p_io_scffo)
                                       3.84e-05 1.29e-04 4.19e-03 1.71e-04   0.4
  logical_tile_io_po_mode_io_po__10 (grid_io_rightL_right_logical_tile_io_po_mode_io_po_)
                                       4.07e-05 1.38e-04 4.42e-03 1.83e-04   0.4
    logical_tile_io_po_mode_io_po_physical_mode__po_pad_0_logical_tile_io_po_mode_io_po_physical_mode__po_pad_mode_po_pad_default_mode__p_io_scffo_p_io_scffo_0 (grid_io_rightL_right_logical_tile_io_po_mode_io_po_physical_mode__po_pad_mode_po_pad_default_mode__p_io_scffo_p_io_scffo)
                                       3.88e-05 1.29e-04 4.20e-03 1.72e-04   0.4
  logical_tile_io_po_mode_io_po__9 (grid_io_rightL_right_logical_tile_io_po_mode_io_po_)
                                       4.08e-05 1.38e-04 4.41e-03 1.83e-04   0.4
    logical_tile_io_po_mode_io_po_physical_mode__po_pad_0_logical_tile_io_po_mode_io_po_physical_mode__po_pad_mode_po_pad_default_mode__p_io_scffo_p_io_scffo_0 (grid_io_rightL_right_logical_tile_io_po_mode_io_po_physical_mode__po_pad_mode_po_pad_default_mode__p_io_scffo_p_io_scffo)
                                       3.89e-05 1.29e-04 4.19e-03 1.72e-04   0.4
  logical_tile_io_po_mode_io_po__8 (grid_io_rightL_right_logical_tile_io_po_mode_io_po_)
                                       4.14e-05 1.40e-04 4.42e-03 1.85e-04   0.4
    logical_tile_io_po_mode_io_po_physical_mode__po_pad_0_logical_tile_io_po_mode_io_po_physical_mode__po_pad_mode_po_pad_default_mode__p_io_scffo_p_io_scffo_0 (grid_io_rightL_right_logical_tile_io_po_mode_io_po_physical_mode__po_pad_mode_po_pad_default_mode__p_io_scffo_p_io_scffo)
                                       3.95e-05 1.31e-04 4.20e-03 1.75e-04   0.4
  logical_tile_io_pi_mode_io_pi__7 (grid_io_rightL_right_logical_tile_io_pi_mode_io_pi_)
                                       3.91e-05 1.39e-04 4.34e-03 1.83e-04   0.4
    logical_tile_io_pi_mode_io_pi_physical_mode__pi_pad_0_logical_tile_io_pi_mode_io_pi_physical_mode__pi_pad_mode_pi_pad_default_mode__p_io_scffi_p_io_scffi_0 (grid_io_rightL_right_logical_tile_io_pi_mode_io_pi_physical_mode__pi_pad_mode_pi_pad_default_mode__p_io_scffi_p_io_scffi)
                                       3.72e-05 1.31e-04 4.12e-03 1.72e-04   0.4
  logical_tile_io_pi_mode_io_pi__6 (grid_io_rightL_right_logical_tile_io_pi_mode_io_pi_)
                                       3.88e-05 1.39e-04 4.34e-03 1.82e-04   0.4
    logical_tile_io_pi_mode_io_pi_physical_mode__pi_pad_0_logical_tile_io_pi_mode_io_pi_physical_mode__pi_pad_mode_pi_pad_default_mode__p_io_scffi_p_io_scffi_0 (grid_io_rightL_right_logical_tile_io_pi_mode_io_pi_physical_mode__pi_pad_mode_pi_pad_default_mode__p_io_scffi_p_io_scffi)
                                       3.70e-05 1.30e-04 4.12e-03 1.71e-04   0.4
  logical_tile_io_pi_mode_io_pi__5 (grid_io_rightL_right_logical_tile_io_pi_mode_io_pi_)
                                       3.87e-05 1.38e-04 4.34e-03 1.81e-04   0.4
    logical_tile_io_pi_mode_io_pi_physical_mode__pi_pad_0_logical_tile_io_pi_mode_io_pi_physical_mode__pi_pad_mode_pi_pad_default_mode__p_io_scffi_p_io_scffi_0 (grid_io_rightL_right_logical_tile_io_pi_mode_io_pi_physical_mode__pi_pad_mode_pi_pad_default_mode__p_io_scffi_p_io_scffi)
                                       3.68e-05 1.30e-04 4.12e-03 1.71e-04   0.4
  logical_tile_io_pi_mode_io_pi__4 (grid_io_rightL_right_logical_tile_io_pi_mode_io_pi_)
                                       3.90e-05 1.39e-04 4.34e-03 1.82e-04   0.4
    logical_tile_io_pi_mode_io_pi_physical_mode__pi_pad_0_logical_tile_io_pi_mode_io_pi_physical_mode__pi_pad_mode_pi_pad_default_mode__p_io_scffi_p_io_scffi_0 (grid_io_rightL_right_logical_tile_io_pi_mode_io_pi_physical_mode__pi_pad_mode_pi_pad_default_mode__p_io_scffi_p_io_scffi)
                                       3.71e-05 1.30e-04 4.12e-03 1.72e-04   0.4
  logical_tile_io_pi_mode_io_pi__3 (grid_io_rightL_right_logical_tile_io_pi_mode_io_pi_)
                                       4.05e-05 1.44e-04 4.34e-03 1.89e-04   0.4
    logical_tile_io_pi_mode_io_pi_physical_mode__pi_pad_0_logical_tile_io_pi_mode_io_pi_physical_mode__pi_pad_mode_pi_pad_default_mode__p_io_scffi_p_io_scffi_0 (grid_io_rightL_right_logical_tile_io_pi_mode_io_pi_physical_mode__pi_pad_mode_pi_pad_default_mode__p_io_scffi_p_io_scffi)
                                       3.87e-05 1.35e-04 4.12e-03 1.78e-04   0.4
  logical_tile_io_pi_mode_io_pi__2 (grid_io_rightL_right_logical_tile_io_pi_mode_io_pi_)
                                       4.20e-05 1.48e-04 4.34e-03 1.95e-04   0.4
    logical_tile_io_pi_mode_io_pi_physical_mode__pi_pad_0_logical_tile_io_pi_mode_io_pi_physical_mode__pi_pad_mode_pi_pad_default_mode__p_io_scffi_p_io_scffi_0 (grid_io_rightL_right_logical_tile_io_pi_mode_io_pi_physical_mode__pi_pad_mode_pi_pad_default_mode__p_io_scffi_p_io_scffi)
                                       4.02e-05 1.39e-04 4.12e-03 1.84e-04   0.4
  logical_tile_io_pi_mode_io_pi__1 (grid_io_rightL_right_logical_tile_io_pi_mode_io_pi_)
                                       4.68e-05 1.63e-04 4.36e-03 2.14e-04   0.5
    logical_tile_io_pi_mode_io_pi_physical_mode__pi_pad_0_logical_tile_io_pi_mode_io_pi_physical_mode__pi_pad_mode_pi_pad_default_mode__p_io_scffi_p_io_scffi_0 (grid_io_rightL_right_logical_tile_io_pi_mode_io_pi_physical_mode__pi_pad_mode_pi_pad_default_mode__p_io_scffi_p_io_scffi)
                                       4.49e-05 1.54e-04 4.14e-03 2.03e-04   0.4
  logical_tile_io_pi_mode_io_pi__0 (grid_io_rightL_right_logical_tile_io_pi_mode_io_pi_)
                                       5.96e-05 2.00e-04 4.38e-03 2.64e-04   0.6
    logical_tile_io_pi_mode_io_pi_physical_mode__pi_pad_0_logical_tile_io_pi_mode_io_pi_physical_mode__pi_pad_mode_pi_pad_default_mode__p_io_scffi_p_io_scffi_0 (grid_io_rightL_right_logical_tile_io_pi_mode_io_pi_physical_mode__pi_pad_mode_pi_pad_default_mode__p_io_scffi_p_io_scffi)
                                       5.77e-05 1.91e-04 4.16e-03 2.53e-04   0.5
1
