Information: Updating graph... (UID-83)
 
****************************************
Report : reference
Design : sb_6_
Version: Q-2019.12-SP4
--removed--
****************************************

Attributes:
    b - black box (unknown)
   bo - allows boundary optimization
    d - dont_touch
   mo - map_only
    h - hierarchical
    n - noncombinational
    r - removable
    s - synthetic operator
   td - set_target_library_subset -dont_use somewhere in design
    u - contains unmapped logic

Reference          Library       Unit Area   Count    Total Area   Attributes
-----------------------------------------------------------------------------
AND2V4_7TR40       scc40ulp_uhdc40_rvt_tt_v1p1_25c_basic     0.931000       4     3.724000
AND3V2_7TR40       scc40ulp_uhdc40_rvt_tt_v1p1_25c_basic     0.931000       7     6.517000
AO1B2V2_7TR40      scc40ulp_uhdc40_rvt_tt_v1p1_25c_basic     1.117200       3     3.351600
AO1B2V4_7TR40      scc40ulp_uhdc40_rvt_tt_v1p1_25c_basic     1.489600       2     2.979200
AO12V2_7TR40       scc40ulp_uhdc40_rvt_tt_v1p1_25c_basic     0.931000       2     1.862000
AO12V4_7TR40       scc40ulp_uhdc40_rvt_tt_v1p1_25c_basic     1.117200       1     1.117200
AO22V2_7TR40       scc40ulp_uhdc40_rvt_tt_v1p1_25c_basic     1.303400       2     2.606800
AO22V4_7TR40       scc40ulp_uhdc40_rvt_tt_v1p1_25c_basic     1.489600       1     1.489600
AO221V2_7TR40      scc40ulp_uhdc40_rvt_tt_v1p1_25c_basic     1.489600       6     8.937600
AOAI211V2_7TR40    scc40ulp_uhdc40_rvt_tt_v1p1_25c_basic     1.117200       4     4.468800
AOAI211V4_7TR40    scc40ulp_uhdc40_rvt_tt_v1p1_25c_basic     1.862000       8    14.896000
AOI21BV2_7TR40     scc40ulp_uhdc40_rvt_tt_v1p1_25c_basic     1.117200       1     1.117200
AOI21BV4_7TR40     scc40ulp_uhdc40_rvt_tt_v1p1_25c_basic     1.675800       3     5.027400
AOI21V2_7TR40      scc40ulp_uhdc40_rvt_tt_v1p1_25c_basic     0.744800      16    11.916800
AOI21V4_7TR40      scc40ulp_uhdc40_rvt_tt_v1p1_25c_basic     1.303400      13    16.944201
AOI22BBV2_7TR40    scc40ulp_uhdc40_rvt_tt_v1p1_25c_basic     1.303400       3     3.910200
AOI22V2_7TR40      scc40ulp_uhdc40_rvt_tt_v1p1_25c_basic     0.931000      29    26.999000
AOI22V4_7TR40      scc40ulp_uhdc40_rvt_tt_v1p1_25c_basic     1.675800       8    13.406400
AOI31V2_7TR40      scc40ulp_uhdc40_rvt_tt_v1p1_25c_basic     0.931000       5     4.655000
AOI31V4_7TR40      scc40ulp_uhdc40_rvt_tt_v1p1_25c_basic     1.862000       4     7.448000
AOI32V2_7TR40      scc40ulp_uhdc40_rvt_tt_v1p1_25c_basic     1.117200      26    29.047200
AOI33V2_7TR40      scc40ulp_uhdc40_rvt_tt_v1p1_25c_basic     1.303400       4     5.213600
AOI211V2_7TR40     scc40ulp_uhdc40_rvt_tt_v1p1_25c_basic     0.931000       4     3.724000
AOI211V4_7TR40     scc40ulp_uhdc40_rvt_tt_v1p1_25c_basic     1.675800       4     6.703200
AOI221V2_7TR40     scc40ulp_uhdc40_rvt_tt_v1p1_25c_basic     1.303400       4     5.213600
BUFV2_7TR40        scc40ulp_uhdc40_rvt_tt_v1p1_25c_basic     0.558600       1     0.558600
BUFV6_7TR40        scc40ulp_uhdc40_rvt_tt_v1p1_25c_basic     0.931000     216   201.095999 td
CLKAND2V2_7TR40    scc40ulp_uhdc40_rvt_tt_v1p1_25c_basic     0.744800      67    49.901598
CLKBUFV4_7TL40     scc40ulp_uhdc40_lvt_tt_v1p1_25c_basic     0.744800      40    29.791999
CLKINV2_7TR40      scc40ulp_uhdc40_rvt_tt_v1p1_25c_basic     0.372400     310   115.443996
CLKINV4_7TR40      scc40ulp_uhdc40_rvt_tt_v1p1_25c_basic     0.558600      10     5.586000
INV2_7TR40         scc40ulp_uhdc40_rvt_tt_v1p1_25c_basic     0.372400      31    11.544400
INV4_7TR40         scc40ulp_uhdc40_rvt_tt_v1p1_25c_basic     0.558600      35    19.551000
MUX2NV2_7TR40      scc40ulp_uhdc40_rvt_tt_v1p1_25c_basic     1.489600       5     7.448000
NAND2V2_7TR40      scc40ulp_uhdc40_rvt_tt_v1p1_25c_basic     0.558600     153    85.465801
NAND2V4_7TR40      scc40ulp_uhdc40_rvt_tt_v1p1_25c_basic     0.931000      96    89.375999
NAND2XBV2_7TR40    scc40ulp_uhdc40_rvt_tt_v1p1_25c_basic     0.931000      13    12.103000
NAND2XBV4_7TR40    scc40ulp_uhdc40_rvt_tt_v1p1_25c_basic     1.303400       7     9.123800
NAND3BBV2_7TR40    scc40ulp_uhdc40_rvt_tt_v1p1_25c_basic     1.117200       3     3.351600
NAND3CV4_7TR40     scc40ulp_uhdc40_rvt_tt_v1p1_25c_basic     1.489600      15    22.343999
NAND3V2_7TR40      scc40ulp_uhdc40_rvt_tt_v1p1_25c_basic     0.744800      13     9.682400
NAND3XXBV2_7TR40   scc40ulp_uhdc40_rvt_tt_v1p1_25c_basic     1.117200       6     6.703200
NAND3XXBV4_7TR40   scc40ulp_uhdc40_rvt_tt_v1p1_25c_basic     1.862000       4     7.448000
NAND4CV2_7TR40     scc40ulp_uhdc40_rvt_tt_v1p1_25c_basic     0.931000       1     0.931000
NAND4CV4_7TR40     scc40ulp_uhdc40_rvt_tt_v1p1_25c_basic     1.862000       2     3.724000
NAND4V2_7TR40      scc40ulp_uhdc40_rvt_tt_v1p1_25c_basic     0.931000       1     0.931000
NAND4V4_7TR40      scc40ulp_uhdc40_rvt_tt_v1p1_25c_basic     1.862000       1     1.862000
NOR2CV2_7TR40      scc40ulp_uhdc40_rvt_tt_v1p1_25c_basic     0.558600      48    26.812800
NOR2CV4_7TR40      scc40ulp_uhdc40_rvt_tt_v1p1_25c_basic     0.931000      51    47.481000
NOR2V2_7TR40       scc40ulp_uhdc40_rvt_tt_v1p1_25c_basic     0.558600      16     8.937600
NOR2V4_7TR40       scc40ulp_uhdc40_rvt_tt_v1p1_25c_basic     0.931000       9     8.379000
NOR2XBV2_7TR40     scc40ulp_uhdc40_rvt_tt_v1p1_25c_basic     0.931000      28    26.068000
NOR3BBV2_7TR40     scc40ulp_uhdc40_rvt_tt_v1p1_25c_basic     1.117200       1     1.117200
NOR4V4_7TR40       scc40ulp_uhdc40_rvt_tt_v1p1_25c_basic     1.862000       1     1.862000
OA1B2V4_7TR40      scc40ulp_uhdc40_rvt_tt_v1p1_25c_basic     1.489600       1     1.489600
OA12V2_7TR40       scc40ulp_uhdc40_rvt_tt_v1p1_25c_basic     0.931000       4     3.724000
OA13V2_7TR40       scc40ulp_uhdc40_rvt_tt_v1p1_25c_basic     1.117200       2     2.234400
OA22V2_7TR40       scc40ulp_uhdc40_rvt_tt_v1p1_25c_basic     1.303400       4     5.213600
OAI21BV4_7TR40     scc40ulp_uhdc40_rvt_tt_v1p1_25c_basic     1.675800       5     8.379000
OAI21V2_7TR40      scc40ulp_uhdc40_rvt_tt_v1p1_25c_basic     0.744800      53    39.474398
OAI21V4_7TR40      scc40ulp_uhdc40_rvt_tt_v1p1_25c_basic     1.303400      17    22.157801
OAI22V2_7TR40      scc40ulp_uhdc40_rvt_tt_v1p1_25c_basic     0.931000       4     3.724000
OAI22V4_7TR40      scc40ulp_uhdc40_rvt_tt_v1p1_25c_basic     1.675800       6    10.054800
OAI31V2_7TR40      scc40ulp_uhdc40_rvt_tt_v1p1_25c_basic     0.931000      32    29.792000
OAI31V4_7TR40      scc40ulp_uhdc40_rvt_tt_v1p1_25c_basic     1.862000       1     1.862000
OAI32V2_7TR40      scc40ulp_uhdc40_rvt_tt_v1p1_25c_basic     1.117200       4     4.468800
OAI211V2_7TR40     scc40ulp_uhdc40_rvt_tt_v1p1_25c_basic     0.931000       6     5.586000
OAI211V4_7TR40     scc40ulp_uhdc40_rvt_tt_v1p1_25c_basic     1.675800      12    20.109600
OAI212V2_7TR40     scc40ulp_uhdc40_rvt_tt_v1p1_25c_basic     1.117200     123   137.415602
OAI212V4_7TR40     scc40ulp_uhdc40_rvt_tt_v1p1_25c_basic     2.234400       1     2.234400
OR2V2_7TR40        scc40ulp_uhdc40_rvt_tt_v1p1_25c_basic     0.744800      17    12.661600
OR2V4_7TR40        scc40ulp_uhdc40_rvt_tt_v1p1_25c_basic     0.931000       7     6.517000
OR3V2_7TR40        scc40ulp_uhdc40_rvt_tt_v1p1_25c_basic     0.931000       2     1.862000
OR3V4RQ_7TR40      scc40ulp_uhdc40_rvt_tt_v1p1_25c_basic     1.117200       1     1.117200
sb_6__config_group_mem_size340  1735.756425       1  1735.756425  h, n
-----------------------------------------------------------------------------
Total 75 references                                  3063.734816

****************************************
Design: sb_6__config_group_mem_size340 
****************************************
Reference          Library       Unit Area   Count    Total Area   Attributes
-----------------------------------------------------------------------------
BUFV1_7TH40        scc40ulp_uhdc40_hvt_tt_v1p1_25c_basic     0.558600     352   196.627203
CLKBUFV4_7TR40     scc40ulp_uhdc40_rvt_tt_v1p1_25c_basic     0.744800      24    17.875199
CLKINV2_7TH40      scc40ulp_uhdc40_hvt_tt_v1p1_25c_basic     0.372400     344   128.105595
DRQV1_7TH40        scc40ulp_uhdc40_hvt_tt_v1p1_25c_basic     3.537800     340  1202.852025 n
INV2_7TH40         scc40ulp_uhdc40_hvt_tt_v1p1_25c_basic     0.372400       1     0.372400
NAND2V1_7TH40      scc40ulp_uhdc40_hvt_tt_v1p1_25c_basic     0.558600     340   189.924003
-----------------------------------------------------------------------------
Total 6 references                                   1735.756425
 
****************************************
Report : area
Design : sb_6_
Version: Q-2019.12-SP4
--removed--
****************************************

Information: Updating design information... (UID-85)
Library(s) Used:

    scc40ulp_uhdc40_rvt_tt_v1p1_25c_basic (File: /eda/internal/alkaid_infra/pdk/s40/s40ulp/std_cell/SCC40ULP_UHDC40_RVT_V0p2/liberty/1.1v/scc40ulp_uhdc40_rvt_tt_v1p1_25c_basic.db)
    scc40ulp_uhdc40_lvt_tt_v1p1_25c_basic (File: /eda/internal/alkaid_infra/pdk/s40/s40ulp/std_cell/SCC40ULP_UHDC40_LVT/V0p2/liberty/1.1v/scc40ulp_uhdc40_lvt_tt_v1p1_25c_basic.db)
    scc40ulp_uhdc40_hvt_tt_v1p1_25c_basic (File: /eda/internal/alkaid_infra/pdk/s40/s40ulp/std_cell/SCC40ULP_UHDC40_HVT/V0p2/liberty/1.1v/scc40ulp_uhdc40_hvt_tt_v1p1_25c_basic.db)

Number of ports:                         1233
Number of nets:                          3687
Number of cells:                         3052
Number of combinational cells:           2711
Number of sequential cells:               340
Number of macros/black boxes:               0
Number of buf/inv:                       1364
Number of references:                      75

Combinational area:               1860.882791
Buf/Inv area:                      726.552391
Noncombinational area:            1202.852025
Macro/Black Box area:                0.000000
Net Interconnect area:      undefined  (No wire load specified)

Total cell area:                  3063.734816
Total area:                 undefined
1
